
DRE JUNIN                                                       CL150760
*CL UGEL CHUPACA
RUC - 20188468706                                    1019823226-239006-1
DICIEMBRE - 2015  ACT/OCA                                     (1) Activo

Apellidos                    : FLORES VALENZUELA
Nombres                      : ELISEO
Fecha de Nacimiento          : 29/08/1946
Documento de Identidad       : (DNI o L.E.) 19823226
Establecimiento              : AREA DE DESARROLLO EDUCATIVO DE CH
Cargo                        : ESP.EDUC. II
Tipo de Servidor             : DOCENTE NOMBRADO
Niv.Mag./Grupo Ocup./Horas   : 5/00- /40
Tiempo de Servicio (AA-MM-DD): 35-00-00
Fecha de Registro            : Ingr.:17/12/2015 Termino:17/12/2015
Cta. TeleAhorro o Nro. Cheque: CTA- 4381594691
Leyenda Permanente           : 3452-13
Regimen Pensionario          : Ley 20530
Cta. TeleAhorro o Nro. Cheque: CTA- 4381594691


========================================================================
+cts         7,934.55













========================================================================
T-REMUN      7,934.55 T-DSCTO          0.00  T-LIQUI     7,934.55
MImponible       0.00
Mensajes  :
Visite la pagina Web del Ministerio de Educación : www.minedu.gob.pe.




                                                                00000001
.

DRE JUNIN                                                       CL151065
*CL UGEL CHUPACA
RUC - 20188468706                                    1021277105-239004-1
DICIEMBRE - 2015  ACT/OCA                                     (1) Activo

Apellidos                    : RAMON RAMOS
Nombres                      : HAYDEE FLORA
Fecha de Nacimiento          : 22/12/1956
Documento de Identidad       : (DNI o L.E.) 21277105
Establecimiento              : JNE. Nº 381 - HUAMANCACA CHICO - C
Cargo                        : PROF. DE AULA
Tipo de Servidor             : DOCENTE NOMBRADO
Niv.Mag./Grupo Ocup./Horas   : C/00- /30
Tiempo de Servicio (AA-MM-DD): 25-00-00
Fecha de Registro            : Ingr.:16/12/2015 Termino:16/12/2015
Cta. TeleAhorro o Nro. Cheque: CTA- 4381511532
Leyenda Permanente           : 515-15
Regimen Pensionario          : Ley 19990
Cta. TeleAhorro o Nro. Cheque: CTA- 4381511532


========================================================================
+cts         2,150.12













========================================================================
T-REMUN      2,150.12 T-DSCTO          0.00  T-LIQUI     2,150.12
MImponible       0.00
Mensajes  :
Visite la pagina Web del Ministerio de Educación : www.minedu.gob.pe.




                                                                00000002
.

DRE JUNIN                                                       CL151085
*CL UGEL CHUPACA
RUC - 20188468706                                    1019952191-239004-1
DICIEMBRE - 2015  ACT/OCA                                     (1) Activo

Apellidos                    : VERASTEGUI SAMANIEGO
Nombres                      : VICTORIA ALICIA
Fecha de Nacimiento          : 07/09/1960
Documento de Identidad       : (DNI o L.E.) 19952191
Establecimiento              : JNE. Nº 420 - DE ANGASMAYO
Cargo                        : PROF. DE AULA
Tipo de Servidor             : DOCENTE NOMBRADO
Niv.Mag./Grupo Ocup./Horas   : C/00- /30
Tiempo de Servicio (AA-MM-DD): 15-00-00
Fecha de Registro            : Ingr.:16/12/2015 Termino:16/12/2015
Cta. TeleAhorro o Nro. Cheque: CTA- 4381601574
Leyenda Permanente           : 1562-15
Reg.Pensionario : AFP Profutur/221330VVSAA8 CFija      :      0.00
                  FAfiliacion  : 13/01/1994 CVariable  :      0.00
                  FDevengue    : 13/01/1994 Seguro     :      0.00
Cta. TeleAhorro o Nro. Cheque: CTA- 4381601574
========================================================================
+cts         2,073.33













========================================================================
T-REMUN      2,073.33 T-DSCTO          0.00  T-LIQUI     2,073.33
MImponible       0.00
Mensajes  :
Visite la pagina Web del Ministerio de Educación : www.minedu.gob.pe.




                                                                00000003
.

DRE JUNIN                                                       CL151110
*CL UGEL CHUPACA
RUC - 20188468706                                    1020103243-239004-1
DICIEMBRE - 2015  ACT/OCA                                     (1) Activo

Apellidos                    : MIRANDA SUAREZ
Nombres                      : TEODOLINDA
Fecha de Nacimiento          : 08/02/1949
Documento de Identidad       : (DNI o L.E.) 20103243
Establecimiento              : JNE. Nº 500 - CHURAMPI-TRES DE DIC
Cargo                        : DIRECTOR IE
Tipo de Servidor             : DOCENTE NOMBRADO
Niv.Mag./Grupo Ocup./Horas   : 2/00- /40
Tiempo de Servicio (AA-MM-DD): 20-00-00
Fecha de Registro            : Ingr.:17/12/2015 Termino:17/12/2015
Cta. TeleAhorro o Nro. Cheque: CTA-
Leyenda Permanente           : 1189-14
Regimen Pensionario          : Ley 19990
Cta. TeleAhorro o Nro. Cheque: CTA-


========================================================================
+cts         6,195.21













========================================================================
T-REMUN      6,195.21 T-DSCTO          0.00  T-LIQUI     6,195.21
MImponible       0.00
Mensajes  :
Visite la pagina Web del Ministerio de Educación : www.minedu.gob.pe.




                                                                00000004
.

DRE JUNIN                                                       CL152225
*CL UGEL CHUPACA
RUC - 20188468706                                    1020000543-239005-1
DICIEMBRE - 2015  ACT/OCA                                     (1) Activo

Apellidos                    : CERRON MARQUEZ
Nombres                      : CESAR AUGUSTO
Fecha de Nacimiento          : 30/12/1953
Documento de Identidad       : (DNI o L.E.) 20000543
Establecimiento              : EEM. No 30001-3 "19 DE ABRIL" - LA
Cargo                        : PROF. DE AULA
Tipo de Servidor             : DOCENTE NOMBRADO
Niv.Mag./Grupo Ocup./Horas   : A/00- /30
Tiempo de Servicio (AA-MM-DD): 0--
Fecha de Registro            : Ingr.:16/12/2015 Termino:16/12/2015
Cta. TeleAhorro o Nro. Cheque: CTA- 4381593377
Leyenda Permanente           : 634-15
Reg.Pensionario : AFP Prima Mi/197211CCMRQ4 CFija      :      0.00
                  FAfiliacion  : 11/02/1994 CVariable  :      0.00
                  FDevengue    : 11/02/1994 Seguro     :      0.00
Cta. TeleAhorro o Nro. Cheque: CTA- 4381593377
========================================================================
+cts         1,998.62













========================================================================
T-REMUN      1,998.62 T-DSCTO          0.00  T-LIQUI     1,998.62
MImponible       0.00
Mensajes  :
Visite la pagina Web del Ministerio de Educación : www.minedu.gob.pe.




                                                                00000005
.

DRE JUNIN                                                       CL152225
*CL UGEL CHUPACA
RUC - 20188468706                                    1019901996-239005-1
DICIEMBRE - 2015  ACT/OCA                                     (1) Activo

Apellidos                    : POMALAYA MATOS
Nombres                      : LUZ MERCEDES
Fecha de Nacimiento          : 15/04/1960
Documento de Identidad       : (DNI o L.E.) 19901996
Establecimiento              : EEM. No 30001-3 "19 DE ABRIL" - LA
Cargo                        : PROFESOR
Tipo de Servidor             : DOCENTE NOMBRADO
Niv.Mag./Grupo Ocup./Horas   : 2/00- /30
Tiempo de Servicio (AA-MM-DD): 20-00-00
Fecha de Registro            : Ingr.:22/12/2015 Termino:22/12/2015
Cta. TeleAhorro o Nro. Cheque: CTA- 4381598808
Leyenda Permanente           :
Regimen Pensionario          : Ley 19990
Cta. TeleAhorro o Nro. Cheque: CTA- 4381598808


========================================================================
+gratific    3,109.80













========================================================================
T-REMUN      3,109.80 T-DSCTO          0.00  T-LIQUI     3,109.80
MImponible       0.00
Mensajes  :
Visite la pagina Web del Ministerio de Educación : www.minedu.gob.pe.




                                                                00000006
.

DRE JUNIN                                                       CL152235
*CL UGEL CHUPACA
RUC - 20188468706                                    1021262803-239002-1
DICIEMBRE - 2015  ACT/OCA                                     (1) Activo

Apellidos                    : VASQUEZ POVIS
Nombres                      : SUSANA LUCY
Fecha de Nacimiento          : 29/07/1971
Documento de Identidad       : (DNI o L.E.) 21262803
Establecimiento              : 30063
Cargo                        : PROFESOR
Tipo de Servidor             : DOCENTE NOMBRADO
Niv.Mag./Grupo Ocup./Horas   : 2/00- /30
Tiempo de Servicio (AA-MM-DD): 20-00-00
Fecha de Registro            : Ingr.:18/12/2015 Termino:18/12/2015
Cta. TeleAhorro o Nro. Cheque: CTA- 4381442980
Leyenda Permanente           : 1408-15 SUB Y LUT
Reg.Pensionario : AFP Integra /561410SVPQI5 CFija      :      0.00
                  FAfiliacion  : 22/09/1996 CVariable  :      0.00
                  FDevengue    : 22/09/1996 Seguro     :      0.00
Cta. TeleAhorro o Nro. Cheque: CTA- 4381442980
========================================================================
+sepelio     3,000.00













========================================================================
T-REMUN      3,000.00 T-DSCTO          0.00  T-LIQUI     3,000.00
MImponible       0.00
Mensajes  :
Visite la pagina Web del Ministerio de Educación : www.minedu.gob.pe.




                                                                00000007
.

DRE JUNIN                                                       CL152240
*CL UGEL CHUPACA
RUC - 20188468706                                    1023201421-239004-1
DICIEMBRE - 2015  ACT/OCA                                     (1) Activo

Apellidos                    : QUISPE TORRES
Nombres                      : AMERICA CATITA
Fecha de Nacimiento          : 28/09/1964
Documento de Identidad       : (DNI o L.E.) 23201421
Establecimiento              : 30064
Cargo                        : PROFESOR
Tipo de Servidor             : DOCENTE NOMBRADO
Niv.Mag./Grupo Ocup./Horas   : 2/00- /30
Tiempo de Servicio (AA-MM-DD): 20-00-00
Fecha de Registro            : Ingr.:22/12/2015 Termino:22/12/2015
Cta. TeleAhorro o Nro. Cheque: CTA- 4381599200
Leyenda Permanente           :
Regimen Pensionario          : Ley 19990
Cta. TeleAhorro o Nro. Cheque: CTA- 4381599200


========================================================================
+gratific    3,109.80













========================================================================
T-REMUN      3,109.80 T-DSCTO          0.00  T-LIQUI     3,109.80
MImponible       0.00
Mensajes  :
Visite la pagina Web del Ministerio de Educación : www.minedu.gob.pe.




                                                                00000008
.

DRE JUNIN                                                       CL152270
*CL UGEL CHUPACA
RUC - 20188468706                                    1020007179-239004-1
DICIEMBRE - 2015  ACT/OCA                                     (1) Activo

Apellidos                    : OSPINAL LAZO
Nombres                      : ALICIA
Fecha de Nacimiento          : 05/07/1969
Documento de Identidad       : (DNI o L.E.) 20007179
Establecimiento              : 30070
Cargo                        : PROFESOR
Tipo de Servidor             : DOCENTE NOMBRADO
Niv.Mag./Grupo Ocup./Horas   : 2/00- /30
Tiempo de Servicio (AA-MM-DD): 20-00-00
Fecha de Registro            : Ingr.:18/12/2015 Termino:18/12/2015
Cta. TeleAhorro o Nro. Cheque: CTA- 4473312838
Leyenda Permanente           : 864-14 25 AÑO
Regimen Pensionario          : Ley 19990
Cta. TeleAhorro o Nro. Cheque: CTA- 4473312838


========================================================================
+gratific    3,109.80













========================================================================
T-REMUN      3,109.80 T-DSCTO          0.00  T-LIQUI     3,109.80
MImponible       0.00
Mensajes  :
Visite la pagina Web del Ministerio de Educación : www.minedu.gob.pe.




                                                                00000009
.

DRE JUNIN                                                       CL152280
*CL UGEL CHUPACA
RUC - 20188468706                                    1020091502-239004-1
DICIEMBRE - 2015  ACT/OCA                                     (1) Activo

Apellidos                    : ALIAGA GAGO
Nombres                      : JOVITA ELBA
Fecha de Nacimiento          : 15/02/1956
Documento de Identidad       : (DNI o L.E.) 20091502
Establecimiento              : EEM. Nº 30072 - LA VICTORIA
Cargo                        : PROFESOR
Tipo de Servidor             : DOCENTE NOMBRADO
Niv.Mag./Grupo Ocup./Horas   : 2/00- /30
Tiempo de Servicio (AA-MM-DD): 15-00-00
Fecha de Registro            : Ingr.:22/12/2015 Termino:22/12/2015
Cta. TeleAhorro o Nro. Cheque: CTA- 4381591250
Leyenda Permanente           : PAGO X 30 AÑOS
Regimen Pensionario          : Ley 19990
Cta. TeleAhorro o Nro. Cheque: CTA- 4381591250


========================================================================
+gratific    3,109.80













========================================================================
T-REMUN      3,109.80 T-DSCTO          0.00  T-LIQUI     3,109.80
MImponible       0.00
Mensajes  :
Visite la pagina Web del Ministerio de Educación : www.minedu.gob.pe.




                                                                00000010
.

DRE JUNIN                                                       CL152285
*CL UGEL CHUPACA
RUC - 20188468706                                    1020092873-239005-1
DICIEMBRE - 2015  ACT/OCA                                     (1) Activo

Apellidos                    : GUTIERREZ SALAZAR DE VILCHEZ
Nombres                      : HAYDEE VIRGINIA
Fecha de Nacimiento          : 14/07/1948
Documento de Identidad       : (DNI o L.E.) 20092873
Establecimiento              : EEM. N§ 30073 - YAUYOS
Cargo                        : PROFESOR
Tipo de Servidor             : DOCENTE NOMBRADO
Niv.Mag./Grupo Ocup./Horas   : 1/00- /30
Tiempo de Servicio (AA-MM-DD):  --
Fecha de Registro            : Ingr.:18/12/2014 Termino:18/12/2014
Cta. TeleAhorro o Nro. Cheque: CTA-
Leyenda Permanente           : RD 1469-13
Regimen Pensionario          : Ley 19990
Cta. TeleAhorro o Nro. Cheque: CTA-


========================================================================
+cts         2,927.88













========================================================================
T-REMUN      2,927.88 T-DSCTO          0.00  T-LIQUI     2,927.88
MImponible       0.00
Mensajes  :
Visite la pagina Web del Ministerio de Educación : www.minedu.gob.pe.




                                                                00000011
.

DRE JUNIN                                                       CL152285
*CL UGEL CHUPACA
RUC - 20188468706                                    1020419131-239003-1
DICIEMBRE - 2015  ACT/OCA                                     (1) Activo

Apellidos                    : MORALES QUISPE
Nombres                      : PAULINO
Fecha de Nacimiento          : 12/07/1945
Documento de Identidad       : (DNI o L.E.) 20419131
Establecimiento              : EEM. N§ 30073 - YAUYOS
Cargo                        : TRAB.SERV.   II
Tipo de Servidor             : ADMINISTRATIVO NOMBRADO
Niv.Mag./Grupo Ocup./Horas   : 0/AB- /40
Tiempo de Servicio (AA-MM-DD): 20-00-00
Fecha de Registro            : Ingr.:21/12/2015 Termino:21/12/2015
Cta. TeleAhorro o Nro. Cheque: CTA- 4381597399
Leyenda Permanente           : 1778-15
Reg.Pensionario : AFP Profutur/466281PMQAS8 CFija      :      0.00
                  FAfiliacion  : 24/09/1996 CVariable  :      0.00
                  FDevengue    : 24/09/1996 Seguro     :      0.00
Cta. TeleAhorro o Nro. Cheque: CTA- 4381597399
========================================================================
+cts         1,905.02













========================================================================
T-REMUN      1,905.02 T-DSCTO          0.00  T-LIQUI     1,905.02
MImponible       0.00
Mensajes  :
Visite la pagina Web del Ministerio de Educación : www.minedu.gob.pe.




                                                                00000012
.

DRE JUNIN                                                       CL152290
*CL UGEL CHUPACA
RUC - 20188468706                                    1023440007-239003-1
DICIEMBRE - 2015  ACT/OCA                                     (1) Activo

Apellidos                    : DAVILA DE LA TORRE
Nombres                      : FREDY CARLOS
Fecha de Nacimiento          : 18/01/1966
Documento de Identidad       : (DNI o L.E.) 23440007
Establecimiento              : 30074 SEÑOR DE LOS MILAGROS
Cargo                        : PROFESOR
Tipo de Servidor             : DOCENTE NOMBRADO
Niv.Mag./Grupo Ocup./Horas   : 2/00- /30
Tiempo de Servicio (AA-MM-DD): 20-00-00
Fecha de Registro            : Ingr.:18/12/2015 Termino:18/12/2015
Cta. TeleAhorro o Nro. Cheque: CTA- 4421326849
Leyenda Permanente           : 1288-15 25 AÑOS
Regimen Pensionario          : Ley 19990
Cta. TeleAhorro o Nro. Cheque: CTA- 4421326849


========================================================================
+gratific    3,109.80













========================================================================
T-REMUN      3,109.80 T-DSCTO          0.00  T-LIQUI     3,109.80
MImponible       0.00
Mensajes  :
Visite la pagina Web del Ministerio de Educación : www.minedu.gob.pe.




                                                                00000013
.

DRE JUNIN                                                       CL152315
*CL UGEL CHUPACA
RUC - 20188468706                                    1019827575-239003-1
DICIEMBRE - 2015  ACT/OCA                                     (1) Activo

Apellidos                    : ASCARZA CAHUANA
Nombres                      : JOSE WALTER
Fecha de Nacimiento          : 05/04/1963
Documento de Identidad       : (DNI o L.E.) 19827575
Establecimiento              : EEM. N§ 30080 - HUAMANCACA CHICO
Cargo                        : PROF. DE AULA
Tipo de Servidor             : DOCENTE NOMBRADO
Niv.Mag./Grupo Ocup./Horas   : E/00- /30
Tiempo de Servicio (AA-MM-DD): 20-00-00
Fecha de Registro            : Ingr.:15/12/2015 Termino:15/12/2015
Cta. TeleAhorro o Nro. Cheque: CTA- 4381591919
Leyenda Permanente           : 1096-15 CTS
Reg.Pensionario : AFP Prima   /231041JACAU3 CFija      :      0.00
                  FAfiliacion  : 24/08/1994 CVariable  :      0.00
                  FDevengue    : 24/08/1994 Seguro     :      0.00
Cta. TeleAhorro o Nro. Cheque: CTA- 4381591919
========================================================================
+cts         2,177.61













========================================================================
T-REMUN      2,177.61 T-DSCTO          0.00  T-LIQUI     2,177.61
MImponible       0.00
Mensajes  :
Visite la pagina Web del Ministerio de Educación : www.minedu.gob.pe.




                                                                00000014
.

DRE JUNIN                                                       CL152340
*CL UGEL CHUPACA
RUC - 20188468706                                    1020006855-239007-1
DICIEMBRE - 2015  ACT/OCA                                     (1) Activo

Apellidos                    : OCHOA VASQUEZ
Nombres                      : LOURDES
Fecha de Nacimiento          : 12/04/1968
Documento de Identidad       : (DNI o L.E.) 20006855
Establecimiento              : 30086 SANTA ROSA DE LIMA
Cargo                        : PROFESOR
Tipo de Servidor             : DOCENTE NOMBRADO
Niv.Mag./Grupo Ocup./Horas   : 2/00- /30
Tiempo de Servicio (AA-MM-DD): 20-00-00
Fecha de Registro            : Ingr.:22/12/2015 Termino:22/12/2015
Cta. TeleAhorro o Nro. Cheque: CTA- 4381539488
Leyenda Permanente           : PAGO X 25 AÑOS
Reg.Pensionario : AFP Integra /549380LOVOQ0 CFija      :      0.00
                  FAfiliacion  : 20/10/2000 CVariable  :      0.00
                  FDevengue    : 20/10/2000 Seguro     :      0.00
Cta. TeleAhorro o Nro. Cheque: CTA- 4381539488
========================================================================
+gratific    3,109.80













========================================================================
T-REMUN      3,109.80 T-DSCTO          0.00  T-LIQUI     3,109.80
MImponible       0.00
Mensajes  :
Visite la pagina Web del Ministerio de Educación : www.minedu.gob.pe.




                                                                00000015
.

DRE JUNIN                                                       CL152345
*CL UGEL CHUPACA
RUC - 20188468706                                    1019968673-239004-1
DICIEMBRE - 2015  ACT/OCA                                     (1) Activo

Apellidos                    : CASAS GUERRA
Nombres                      : ORESTES BRADIO
Fecha de Nacimiento          : 14/12/1959
Documento de Identidad       : (DNI o L.E.) 19968673
Establecimiento              : 30088
Cargo                        : PROF. DE AULA
Tipo de Servidor             : DOCENTE NOMBRADO
Niv.Mag./Grupo Ocup./Horas   : E/00- /30
Tiempo de Servicio (AA-MM-DD): 15-00-00
Fecha de Registro            : Ingr.:16/12/2015 Termino:16/12/2015
Cta. TeleAhorro o Nro. Cheque: CTA- 4381593016
Leyenda Permanente           : 512-15
Reg.Pensionario : AFP Profutur/518961OCGAR5 CFija      :      0.00
                  FAfiliacion  : 08/11/1996 CVariable  :      0.00
                  FDevengue    : 08/11/1996 Seguro     :      0.00
Cta. TeleAhorro o Nro. Cheque: CTA- 4381593016
========================================================================
+cts         2,252.70













========================================================================
T-REMUN      2,252.70 T-DSCTO          0.00  T-LIQUI     2,252.70
MImponible       0.00
Mensajes  :
Visite la pagina Web del Ministerio de Educación : www.minedu.gob.pe.




                                                                00000016
.

DRE JUNIN                                                       CL152345
*CL UGEL CHUPACA
RUC - 20188468706                                    1019972102-239003-1
DICIEMBRE - 2015  ACT/OCA                                     (1) Activo

Apellidos                    : ROJAS CLEMENTE
Nombres                      : FELIX JOEL
Fecha de Nacimiento          : 07/01/1957
Documento de Identidad       : (DNI o L.E.) 19972102
Establecimiento              : 30088
Cargo                        : PROF. DE AULA
Tipo de Servidor             : DOCENTE NOMBRADO
Niv.Mag./Grupo Ocup./Horas   : A/00- /30
Tiempo de Servicio (AA-MM-DD): 20-00-00
Fecha de Registro            : Ingr.:16/12/2015 Termino:16/12/2015
Cta. TeleAhorro o Nro. Cheque: CTA- 4381599944
Leyenda Permanente           : 1101-15
Regimen Pensionario          : Ley 19990
Cta. TeleAhorro o Nro. Cheque: CTA- 4381599944


========================================================================
+cts         1,998.62













========================================================================
T-REMUN      1,998.62 T-DSCTO          0.00  T-LIQUI     1,998.62
MImponible       0.00
Mensajes  :
Visite la pagina Web del Ministerio de Educación : www.minedu.gob.pe.




                                                                00000017
.

DRE JUNIN                                                       CL152355
*CL UGEL CHUPACA
RUC - 20188468706                                    1019982634-239005-1
DICIEMBRE - 2015  ACT/OCA                                     (1) Activo

Apellidos                    : GUTARRA FLORES
Nombres                      : JORGE LUIS
Fecha de Nacimiento          : 22/10/1959
Documento de Identidad       : (DNI o L.E.) 19982634
Establecimiento              : EEM. Nº 30098 - YANACANCHA
Cargo                        : PROF. DE AULA
Tipo de Servidor             : DOCENTE NOMBRADO
Niv.Mag./Grupo Ocup./Horas   : A/00- /30
Tiempo de Servicio (AA-MM-DD): 25-00-00
Fecha de Registro            : Ingr.:16/12/2015 Termino:16/12/2015
Cta. TeleAhorro o Nro. Cheque: CTA- 4381137258
Leyenda Permanente           : 1099-15
Regimen Pensionario          : Ley 19990
Cta. TeleAhorro o Nro. Cheque: CTA- 4381137258


========================================================================
+cts         2,229.23













========================================================================
T-REMUN      2,229.23 T-DSCTO          0.00  T-LIQUI     2,229.23
MImponible       0.00
Mensajes  :
Visite la pagina Web del Ministerio de Educación : www.minedu.gob.pe.




                                                                00000018
.

DRE JUNIN                                                       CL152385
*CL UGEL CHUPACA
RUC - 20188468706                                    1019981509-239005-1
DICIEMBRE - 2015  ACT/OCA                                     (1) Activo

Apellidos                    : LAZARTE ORELLANA
Nombres                      : MARCIANO EDILBERTO
Fecha de Nacimiento          : 06/03/1949
Documento de Identidad       : (DNI o L.E.) 19981509
Establecimiento              : EEM. Nº 30104 - ANTUYO
Cargo                        : PROFESOR
Tipo de Servidor             : DOCENTE NOMBRADO
Niv.Mag./Grupo Ocup./Horas   : 2/00- /30
Tiempo de Servicio (AA-MM-DD): 25-00-00
Fecha de Registro            : Ingr.:16/12/2015 Termino:16/12/2015
Cta. TeleAhorro o Nro. Cheque: CTA-
Leyenda Permanente           : 1211-14
Regimen Pensionario          : Ley 19990
Cta. TeleAhorro o Nro. Cheque: CTA-


========================================================================
+cts         6,095.32













========================================================================
T-REMUN      6,095.32 T-DSCTO          0.00  T-LIQUI     6,095.32
MImponible       0.00
Mensajes  :
Visite la pagina Web del Ministerio de Educación : www.minedu.gob.pe.




                                                                00000019
.

DRE JUNIN                                                       CL152405
*CL UGEL CHUPACA
RUC - 20188468706                                    1019906753-239005-1
DICIEMBRE - 2015  ACT/OCA                                     (1) Activo

Apellidos                    : FERNANDEZ MELGAR
Nombres                      : MERY ZENAIDA
Fecha de Nacimiento          : 22/04/1961
Documento de Identidad       : (DNI o L.E.) 19906753
Establecimiento              : 30108
Cargo                        : PROFESOR
Tipo de Servidor             : DOCENTE NOMBRADO
Niv.Mag./Grupo Ocup./Horas   : 2/00- /30
Tiempo de Servicio (AA-MM-DD): 25-00-00
Fecha de Registro            : Ingr.:22/12/2015 Termino:22/12/2015
Cta. TeleAhorro o Nro. Cheque: CTA- 4381903007
Leyenda Permanente           : 549-13
Regimen Pensionario          : Ley 19990
Cta. TeleAhorro o Nro. Cheque: CTA- 4381903007


========================================================================
+gratific    3,109.80













========================================================================
T-REMUN      3,109.80 T-DSCTO          0.00  T-LIQUI     3,109.80
MImponible       0.00
Mensajes  :
Visite la pagina Web del Ministerio de Educación : www.minedu.gob.pe.




                                                                00000020
.

DRE JUNIN                                                       CL152405
*CL UGEL CHUPACA
RUC - 20188468706                                    1019901226-239004-1
DICIEMBRE - 2015  ACT/OCA                                     (1) Activo

Apellidos                    : PEREZ SANTANA
Nombres                      : DAVID
Fecha de Nacimiento          : 23/07/1955
Documento de Identidad       : (DNI o L.E.) 19901226
Establecimiento              : 30108
Cargo                        : PROFESOR
Tipo de Servidor             : DOCENTE NOMBRADO
Niv.Mag./Grupo Ocup./Horas   : 3/00- /30
Tiempo de Servicio (AA-MM-DD): 30-00-00
Fecha de Registro            : Ingr.:22/12/2015 Termino:22/12/2015
Cta. TeleAhorro o Nro. Cheque: CTA- 4381598689
Leyenda Permanente           :
Regimen Pensionario          : Ley 19990
Cta. TeleAhorro o Nro. Cheque: CTA- 4381598689


========================================================================
+gratific    3,420.78













========================================================================
T-REMUN      3,420.78 T-DSCTO          0.00  T-LIQUI     3,420.78
MImponible       0.00
Mensajes  :
Visite la pagina Web del Ministerio de Educación : www.minedu.gob.pe.




                                                                00000021
.

DRE JUNIN                                                       CL152420
*CL UGEL CHUPACA
RUC - 20188468706                                    1019980818-239007-1
DICIEMBRE - 2015  ACT/OCA                                     (1) Activo

Apellidos                    : CARBAJAL ROJAS
Nombres                      : MAURO
Fecha de Nacimiento          : 22/11/1945
Documento de Identidad       : (DNI o L.E.) 19980818
Establecimiento              : 30111 CRISTO REY
Cargo                        : DIRECTOR IE
Tipo de Servidor             : DOCENTE NOMBRADO
Niv.Mag./Grupo Ocup./Horas   : 1/00- /40
Tiempo de Servicio (AA-MM-DD):  --
Fecha de Registro            : Ingr.:16/12/2015 Termino:16/12/2015
Cta. TeleAhorro o Nro. Cheque: CTA- 4381592885
Leyenda Permanente           : 1466-13
Regimen Pensionario          : Ley 20530
Cta. TeleAhorro o Nro. Cheque: CTA- 4381592885


========================================================================
+cts         7,934.55













========================================================================
T-REMUN      7,934.55 T-DSCTO          0.00  T-LIQUI     7,934.55
MImponible       0.00
Mensajes  :
Visite la pagina Web del Ministerio de Educación : www.minedu.gob.pe.




                                                                00000022
.

DRE JUNIN                                                       CL152430
*CL UGEL CHUPACA
RUC - 20188468706                                    1019968705-239004-1
DICIEMBRE - 2015  ACT/OCA                                     (1) Activo

Apellidos                    : MAYHUASCA MUÑICO
Nombres                      : MARIA SANTISIMA
Fecha de Nacimiento          : 21/04/1960
Documento de Identidad       : (DNI o L.E.) 19968705
Establecimiento              : EEM. Nº 30113 - TINYARI GRANDE
Cargo                        : PROFESOR
Tipo de Servidor             : DOCENTE NOMBRADO
Niv.Mag./Grupo Ocup./Horas   : 2/00- /30
Tiempo de Servicio (AA-MM-DD): 15-00-00
Fecha de Registro            : Ingr.:22/12/2015 Termino:22/12/2015
Cta. TeleAhorro o Nro. Cheque: CTA- 4381596996
Leyenda Permanente           : 25 AÑOS
Regimen Pensionario          : Ley 19990
Cta. TeleAhorro o Nro. Cheque: CTA- 4381596996


========================================================================
+gratific    3,109.80













========================================================================
T-REMUN      3,109.80 T-DSCTO          0.00  T-LIQUI     3,109.80
MImponible       0.00
Mensajes  :
Visite la pagina Web del Ministerio de Educación : www.minedu.gob.pe.




                                                                00000023
.

DRE JUNIN                                                       CL152445
*CL UGEL CHUPACA
RUC - 20188468706                                    1020007282-239006-1
DICIEMBRE - 2015  ACT/OCA                                     (1) Activo

Apellidos                    : SOTOMAYOR PARIONA
Nombres                      : ZACARIAS
Fecha de Nacimiento          : 07/09/1968
Documento de Identidad       : (DNI o L.E.) 20007282
Establecimiento              : EEM. Nº 30121 - ACHIPAMPA
Cargo                        : PROFESOR
Tipo de Servidor             : DOCENTE NOMBRADO
Niv.Mag./Grupo Ocup./Horas   : 2/00- /30
Tiempo de Servicio (AA-MM-DD): 25-00-00
Fecha de Registro            : Ingr.:22/12/2015 Termino:22/12/2015
Cta. TeleAhorro o Nro. Cheque: CTA- 4381533293
Leyenda Permanente           : PAGO X 25 AÑOS
Reg.Pensionario : AFP Profutur/550861ZSPOI8 CFija      :      0.00
                  FAfiliacion  : 24/02/1998 CVariable  :      0.00
                  FDevengue    : 24/02/1998 Seguro     :      0.00
Cta. TeleAhorro o Nro. Cheque: CTA- 4381533293
========================================================================
+gratific    3,420.78













========================================================================
T-REMUN      3,420.78 T-DSCTO          0.00  T-LIQUI     3,420.78
MImponible       0.00
Mensajes  :
Visite la pagina Web del Ministerio de Educación : www.minedu.gob.pe.




                                                                00000024
.

DRE JUNIN                                                       CL152450
*CL UGEL CHUPACA
RUC - 20188468706                                    1019988973-239003-1
DICIEMBRE - 2015  ACT/OCA                                     (1) Activo

Apellidos                    : ARTICA CAMAYO
Nombres                      : LEON ISAAC
Fecha de Nacimiento          : 11/04/1953
Documento de Identidad       : (DNI o L.E.) 19988973
Establecimiento              : 30122
Cargo                        : PROF. DE AULA
Tipo de Servidor             : DOCENTE NOMBRADO
Niv.Mag./Grupo Ocup./Horas   : E/00- /30
Tiempo de Servicio (AA-MM-DD): 20-00-00
Fecha de Registro            : Ingr.:15/12/2015 Termino:15/12/2015
Cta. TeleAhorro o Nro. Cheque: CTA- 4381591889
Leyenda Permanente           : 513-15 CTS
Reg.Pensionario : AFP Profutur/494581LACIA7 CFija      :      0.00
                  FAfiliacion  : 04/12/1996 CVariable  :      0.00
                  FDevengue    : 04/12/1996 Seguro     :      0.00
Cta. TeleAhorro o Nro. Cheque: CTA- 4381591889
========================================================================
+cts         1,952.34













========================================================================
T-REMUN      1,952.34 T-DSCTO          0.00  T-LIQUI     1,952.34
MImponible       0.00
Mensajes  :
Visite la pagina Web del Ministerio de Educación : www.minedu.gob.pe.




                                                                00000025
.

DRE JUNIN                                                       CL152457
*CL UGEL CHUPACA
RUC - 20188468706                                    1019877690-239004-1
DICIEMBRE - 2015  ACT/OCA                                     (1) Activo

Apellidos                    : CARDENAS COSSER
Nombres                      : FRANCISCO
Fecha de Nacimiento          : 04/10/1956
Documento de Identidad       : (DNI o L.E.) 19877690
Establecimiento              : EEM. N§ 30161 JR. GRAU S/N. - CHON
Cargo                        : PROF. DE AULA
Tipo de Servidor             : DOCENTE NOMBRADO
Niv.Mag./Grupo Ocup./Horas   : A/00- /30
Tiempo de Servicio (AA-MM-DD): 25-00-00
Fecha de Registro            : Ingr.:15/12/2015 Termino:15/12/2015
Cta. TeleAhorro o Nro. Cheque: CTA- 4381473541
Leyenda Permanente           : 1097-15 CTS
Regimen Pensionario          : Ley 19990
Cta. TeleAhorro o Nro. Cheque: CTA- 4381473541


========================================================================
+cts         2,306.12













========================================================================
T-REMUN      2,306.12 T-DSCTO          0.00  T-LIQUI     2,306.12
MImponible       0.00
Mensajes  :
Visite la pagina Web del Ministerio de Educación : www.minedu.gob.pe.




                                                                00000026
.

DRE JUNIN                                                       CL152457
*CL UGEL CHUPACA
RUC - 20188468706                                    1020895378-239007-1
DICIEMBRE - 2015  ACT/OCA                                     (1) Activo

Apellidos                    : COLLANA AYALA
Nombres                      : DOMINICA
Fecha de Nacimiento          : 13/01/1958
Documento de Identidad       : (DNI o L.E.) 20895377
Establecimiento              : EEM. N§ 30161 JR. GRAU S/N. - CHON
Cargo                        : PROFESOR
Tipo de Servidor             : DOCENTE NOMBRADO
Niv.Mag./Grupo Ocup./Horas   : 3/00- /30
Tiempo de Servicio (AA-MM-DD): 10-00-00
Fecha de Registro            : Ingr.:17/12/2015 Termino:17/12/2015
Cta. TeleAhorro o Nro. Cheque: CTA-
Leyenda Permanente           : 507-14
Reg.Pensionario : AFP Profutur/479161EVAAA7 CFija      :      0.00
                  FAfiliacion  : 28/08/1996 CVariable  :      0.00
                  FDevengue    : 28/08/1996 Seguro     :      0.00
Cta. TeleAhorro o Nro. Cheque: CTA-
========================================================================
+cts         3,994.43













========================================================================
T-REMUN      3,994.43 T-DSCTO          0.00  T-LIQUI     3,994.43
MImponible       0.00
Mensajes  :
Visite la pagina Web del Ministerio de Educación : www.minedu.gob.pe.




                                                                00000027
.

DRE JUNIN                                                       CL152457
*CL UGEL CHUPACA
RUC - 20188468706                                    1020083337-239005-1
DICIEMBRE - 2015  ACT/OCA                                     (1) Activo

Apellidos                    : RUIZ FLORES
Nombres                      : ANA VICTORIA
Fecha de Nacimiento          : 14/10/1964
Documento de Identidad       : (DNI o L.E.) 20083337
Establecimiento              : EEM. N§ 30161 JR. GRAU S/N. - CHON
Cargo                        : PROFESOR
Tipo de Servidor             : DOCENTE NOMBRADO
Niv.Mag./Grupo Ocup./Horas   : 2/00- /30
Tiempo de Servicio (AA-MM-DD): 20-00-00
Fecha de Registro            : Ingr.:18/12/2015 Termino:18/12/2015
Cta. TeleAhorro o Nro. Cheque: CTA- 4381473088
Leyenda Permanente           : 1411-15
Reg.Pensionario : AFP Profutur/536620ARFZR1 CFija      :      0.00
                  FAfiliacion  : 28/08/1996 CVariable  :      0.00
                  FDevengue    : 28/08/1996 Seguro     :      0.00
Cta. TeleAhorro o Nro. Cheque: CTA- 4381473088
========================================================================
+gratific    3,109.80













========================================================================
T-REMUN      3,109.80 T-DSCTO          0.00  T-LIQUI     3,109.80
MImponible       0.00
Mensajes  :
Visite la pagina Web del Ministerio de Educación : www.minedu.gob.pe.




                                                                00000028
.

DRE JUNIN                                                       CL152457
*CL UGEL CHUPACA
RUC - 20188468706                                    1019992196-239004-1
DICIEMBRE - 2015  ACT/OCA                                     (1) Activo

Apellidos                    : VARILLAS ESPEJO
Nombres                      : LEONIDAS TEODORO
Fecha de Nacimiento          : 22/04/1950
Documento de Identidad       : (DNI o L.E.) 19992196
Establecimiento              : EEM. N§ 30161 JR. GRAU S/N. - CHON
Cargo                        : PROF. DE AULA
Tipo de Servidor             : DOCENTE NOMBRADO
Niv.Mag./Grupo Ocup./Horas   : A/00- /30
Tiempo de Servicio (AA-MM-DD): 20-00-00
Fecha de Registro            : Ingr.:16/12/2015 Termino:16/12/2015
Cta. TeleAhorro o Nro. Cheque: CTA- 4381601361
Leyenda Permanente           : 1100-15
Reg.Pensionario : AFP Integra /183731LVEIE8 CFija      :      0.00
                  FAfiliacion  : 05/04/1994 CVariable  :      0.00
                  FDevengue    : 20/04/2000 Seguro     :      0.00
Cta. TeleAhorro o Nro. Cheque: CTA- 4381601361
========================================================================
+cts         2,306.10













========================================================================
T-REMUN      2,306.10 T-DSCTO          0.00  T-LIQUI     2,306.10
MImponible       0.00
Mensajes  :
Visite la pagina Web del Ministerio de Educación : www.minedu.gob.pe.




                                                                00000029
.

DRE JUNIN                                                       CL152458
*CL UGEL CHUPACA
RUC - 20188468706                                    1019901767-239005-1
DICIEMBRE - 2015  ACT/OCA                                     (1) Activo

Apellidos                    : SOBREVILLA MEDINA
Nombres                      : DORIS
Fecha de Nacimiento          : 19/03/1966
Documento de Identidad       : (DNI o L.E.) 19901767
Establecimiento              : 30163
Cargo                        : PROFESOR
Tipo de Servidor             : DOCENTE NOMBRADO
Niv.Mag./Grupo Ocup./Horas   : 2/00- /30
Tiempo de Servicio (AA-MM-DD): 15-00-00
Fecha de Registro            : Ingr.:22/12/2015 Termino:22/12/2015
Cta. TeleAhorro o Nro. Cheque: CTA- 4381651881
Leyenda Permanente           : PAGO X 25 AÑOS
Regimen Pensionario          : Ley 19990
Cta. TeleAhorro o Nro. Cheque: CTA- 4381651881


========================================================================
+gratific    3,109.80













========================================================================
T-REMUN      3,109.80 T-DSCTO          0.00  T-LIQUI     3,109.80
MImponible       0.00
Mensajes  :
Visite la pagina Web del Ministerio de Educación : www.minedu.gob.pe.




                                                                00000030
.

DRE JUNIN                                                       CL152460
*CL UGEL CHUPACA
RUC - 20188468706                                    1019813318-239005-1
DICIEMBRE - 2015  ACT/OCA                                     (1) Activo

Apellidos                    : HUAMANI BAUTISTA
Nombres                      : ABEL MELECIO
Fecha de Nacimiento          : 12/02/1949
Documento de Identidad       : (DNI o L.E.) 19813318
Establecimiento              : I.E 30179 - TRES DE DICIEMBRE
Cargo                        : PROFESOR
Tipo de Servidor             : DOCENTE NOMBRADO
Niv.Mag./Grupo Ocup./Horas   : 2/00- /30
Tiempo de Servicio (AA-MM-DD): 25-00-00
Fecha de Registro            : Ingr.:16/12/2015 Termino:16/12/2015
Cta. TeleAhorro o Nro. Cheque: CTA-
Leyenda Permanente           : 301-14PAGO TOTAL CTS
Reg.Pensionario : AFP Prima   /179391AHBMT0 CFija      :      0.00
                  FAfiliacion  : 02/07/1994 CVariable  :      0.00
                  FDevengue    : 02/07/1994 Seguro     :      0.00
Cta. TeleAhorro o Nro. Cheque: CTA-
========================================================================
+cts         2,710.19













========================================================================
T-REMUN      2,710.19 T-DSCTO          0.00  T-LIQUI     2,710.19
MImponible       0.00
Mensajes  :
Visite la pagina Web del Ministerio de Educación : www.minedu.gob.pe.




                                                                00000031
.

DRE JUNIN                                                       CL152475
*CL UGEL CHUPACA
RUC - 20188468706                                    1019911157-239005-1
DICIEMBRE - 2015  ACT/OCA                                     (1) Activo

Apellidos                    : ROJAS CHAVEZ
Nombres                      : HAYDEE LUZ
Fecha de Nacimiento          : 26/04/1965
Documento de Identidad       : (DNI o L.E.) 19911157
Establecimiento              : EEM. Nº 30306 - ANGASMAYO
Cargo                        : PROFESOR
Tipo de Servidor             : DOCENTE NOMBRADO
Niv.Mag./Grupo Ocup./Horas   : 2/00- /30
Tiempo de Servicio (AA-MM-DD): 20-00-00
Fecha de Registro            : Ingr.:18/12/2015 Termino:18/12/2015
Cta. TeleAhorro o Nro. Cheque: CTA- 4381599901
Leyenda Permanente           : 1409-15 25 AÑOS
Regimen Pensionario          : Ley 19990
Cta. TeleAhorro o Nro. Cheque: CTA- 4381599901


========================================================================
+gratific    3,109.80













========================================================================
T-REMUN      3,109.80 T-DSCTO          0.00  T-LIQUI     3,109.80
MImponible       0.00
Mensajes  :
Visite la pagina Web del Ministerio de Educación : www.minedu.gob.pe.




                                                                00000032
.

DRE JUNIN                                                       CL152480
*CL UGEL CHUPACA
RUC - 20188468706                                    1020421560-239005-1
DICIEMBRE - 2015  ACT/OCA                                     (1) Activo

Apellidos                    : CHUQUICHAICO LAZO
Nombres                      : WALTER SEBASTIAN
Fecha de Nacimiento          : 21/01/1958
Documento de Identidad       : (DNI o L.E.) 20421560
Establecimiento              : EEM. Nº 30307 - SANTA ROSA DE TIST
Cargo                        : PROFESOR
Tipo de Servidor             : DOCENTE NOMBRADO
Niv.Mag./Grupo Ocup./Horas   : 3/00- /30
Tiempo de Servicio (AA-MM-DD): 20-00-00
Fecha de Registro            : Ingr.:22/12/2015 Termino:22/12/2015
Cta. TeleAhorro o Nro. Cheque: CTA- 4381593687
Leyenda Permanente           : 677-13
Regimen Pensionario          : Ley 19990
Cta. TeleAhorro o Nro. Cheque: CTA- 4381593687


========================================================================
+gratific    3,887.26













========================================================================
T-REMUN      3,887.26 T-DSCTO          0.00  T-LIQUI     3,887.26
MImponible       0.00
Mensajes  :
Visite la pagina Web del Ministerio de Educación : www.minedu.gob.pe.




                                                                00000033
.

DRE JUNIN                                                       CL152500
*CL UGEL CHUPACA
RUC - 20188468706                                    1020431692-239003-1
DICIEMBRE - 2015  ACT/OCA                                     (1) Activo

Apellidos                    : AQUINO QUIÑONES
Nombres                      : VALERIANO
Fecha de Nacimiento          : 01/12/1951
Documento de Identidad       : (DNI o L.E.) 20431692
Establecimiento              : 30329
Cargo                        : PROFESOR
Tipo de Servidor             : DOCENTE NOMBRADO
Niv.Mag./Grupo Ocup./Horas   : 2/00- /30
Tiempo de Servicio (AA-MM-DD): 25-00-00
Fecha de Registro            : Ingr.:22/12/2015 Termino:22/12/2015
Cta. TeleAhorro o Nro. Cheque: CTA- 4381591684
Leyenda Permanente           : 611-13
Regimen Pensionario          : Ley 19990
Cta. TeleAhorro o Nro. Cheque: CTA- 4381591684


========================================================================
+gratific    3,109.80













========================================================================
T-REMUN      3,109.80 T-DSCTO          0.00  T-LIQUI     3,109.80
MImponible       0.00
Mensajes  :
Visite la pagina Web del Ministerio de Educación : www.minedu.gob.pe.




                                                                00000034
.

DRE JUNIN                                                       CL152505
*CL UGEL CHUPACA
RUC - 20188468706                                    1020421502-239003-1
DICIEMBRE - 2015  ACT/OCA                                     (1) Activo

Apellidos                    : CANCHUMANYA CERRON
Nombres                      : ABEL DANIEL
Fecha de Nacimiento          : 03/01/1949
Documento de Identidad       : (DNI o L.E.) 20421502
Establecimiento              : EEM. Nº 30331 - CHALANUEVA
Cargo                        : PROFESOR
Tipo de Servidor             : DOCENTE NOMBRADO
Niv.Mag./Grupo Ocup./Horas   : 2/00- /30
Tiempo de Servicio (AA-MM-DD): 20-00-00
Fecha de Registro            : Ingr.:16/12/2015 Termino:16/12/2015
Cta. TeleAhorro o Nro. Cheque: CTA-
Leyenda Permanente           : 1184-14
Regimen Pensionario          : Ley 19990
Cta. TeleAhorro o Nro. Cheque: CTA-


========================================================================
+cts         5,006.87













========================================================================
T-REMUN      5,006.87 T-DSCTO          0.00  T-LIQUI     5,006.87
MImponible       0.00
Mensajes  :
Visite la pagina Web del Ministerio de Educación : www.minedu.gob.pe.




                                                                00000035
.

DRE JUNIN                                                       CL152515
*CL UGEL CHUPACA
RUC - 20188468706                                    1019903017-239002-1
DICIEMBRE - 2015  ACT/OCA                                     (1) Activo

Apellidos                    : QUIÑONES MACHA
Nombres                      : SIXTO ROGATO
Fecha de Nacimiento          : 02/04/1945
Documento de Identidad       : (DNI o L.E.) 19903017
Establecimiento              : EEM. Nº 30334 - CHAQUICOCHA
Cargo                        : TRAB.SERV.   II
Tipo de Servidor             : ADMINISTRATIVO NOMBRADO
Niv.Mag./Grupo Ocup./Horas   : 0/AB- /40
Tiempo de Servicio (AA-MM-DD):  --
Fecha de Registro            : Ingr.:18/12/2015 Termino:18/12/2015
Cta. TeleAhorro o Nro. Cheque: CTA- 4381480629
Leyenda Permanente           : 1355-15
Reg.Pensionario : AFP Integra /465271SQMÑH2 CFija      :      0.00
                  FAfiliacion  : 03/08/1996 CVariable  :      0.00
                  FDevengue    : 03/08/1996 Seguro     :      0.00
Cta. TeleAhorro o Nro. Cheque: CTA- 4381480629
========================================================================
+cts         2,051.56













========================================================================
T-REMUN      2,051.56 T-DSCTO          0.00  T-LIQUI     2,051.56
MImponible       0.00
Mensajes  :
Visite la pagina Web del Ministerio de Educación : www.minedu.gob.pe.




                                                                00000036
.

DRE JUNIN                                                       CL152560
*CL UGEL CHUPACA
RUC - 20188468706                                    1019918741-239006-1
DICIEMBRE - 2015  ACT/OCA                                     (1) Activo

Apellidos                    : CRISPIN RODRIGUEZ
Nombres                      : JUAN ARNALDO
Fecha de Nacimiento          : 28/03/1949
Documento de Identidad       : (DNI o L.E.) 19918741
Establecimiento              : EEM. Nº 30403 - SAN FRAN. DE SALVI
Cargo                        : PROF. DE AULA
Tipo de Servidor             : DOCENTE NOMBRADO
Niv.Mag./Grupo Ocup./Horas   : C/00- /30
Tiempo de Servicio (AA-MM-DD): 20-00-00
Fecha de Registro            : Ingr.:16/12/2015 Termino:16/12/2015
Cta. TeleAhorro o Nro. Cheque: CTA- 4381594020
Leyenda Permanente           : 522-15
Regimen Pensionario          : Ley 19990
Cta. TeleAhorro o Nro. Cheque: CTA- 4381594020


========================================================================
+cts         1,919.75













========================================================================
T-REMUN      1,919.75 T-DSCTO          0.00  T-LIQUI     1,919.75
MImponible       0.00
Mensajes  :
Visite la pagina Web del Ministerio de Educación : www.minedu.gob.pe.




                                                                00000037
.

DRE JUNIN                                                       CL152596
*CL UGEL CHUPACA
RUC - 20188468706                                    1020011077-239004-1
DICIEMBRE - 2015  ACT/OCA                                     (1) Activo

Apellidos                    : NINAMANGO PINTO
Nombres                      : JOSE RODOLFO
Fecha de Nacimiento          : 01/08/1954
Documento de Identidad       : (DNI o L.E.) 20011077
Establecimiento              : EEA. Nº 31425 - CHUPACA
Cargo                        : PROF. DE AULA
Tipo de Servidor             : DOCENTE NOMBRADO
Niv.Mag./Grupo Ocup./Horas   : E/00- /30
Tiempo de Servicio (AA-MM-DD): 20-00-00
Fecha de Registro            : Ingr.:16/12/2015 Termino:16/12/2015
Cta. TeleAhorro o Nro. Cheque: CTA- 4381597569
Leyenda Permanente           : 525-15
Reg.Pensionario : AFP Prima Mi/499351JNPAT8 CFija      :      0.00
                  FAfiliacion  : 02/04/1996 CVariable  :      0.00
                  FDevengue    : 02/04/1996 Seguro     :      0.00
Cta. TeleAhorro o Nro. Cheque: CTA- 4381597569
========================================================================
+cts         2,252.70













========================================================================
T-REMUN      2,252.70 T-DSCTO          0.00  T-LIQUI     2,252.70
MImponible       0.00
Mensajes  :
Visite la pagina Web del Ministerio de Educación : www.minedu.gob.pe.




                                                                00000038
.

DRE JUNIN                                                       CL152610
*CL UGEL CHUPACA
RUC - 20188468706                                    1019912043-239004-1
DICIEMBRE - 2015  ACT/OCA                                     (1) Activo

Apellidos                    : MAYTA CASIMIRO
Nombres                      : EPIFANIO
Fecha de Nacimiento          : 20/01/1954
Documento de Identidad       : (DNI o L.E.) 19912043
Establecimiento              : EEM. Nº 31905 - CHURAMPI
Cargo                        : PROF. DE AULA
Tipo de Servidor             : DOCENTE NOMBRADO
Niv.Mag./Grupo Ocup./Horas   : E/00- /30
Tiempo de Servicio (AA-MM-DD): 20-00-00
Fecha de Registro            : Ingr.:16/12/2015 Termino:16/12/2015
Cta. TeleAhorro o Nro. Cheque: CTA- 4381597003
Leyenda Permanente           : 1098-15
Reg.Pensionario : AFP Profutur/197421EMCTI4 CFija      :      0.00
                  FAfiliacion  : 18/08/1993 CVariable  :      0.00
                  FDevengue    : 18/08/1993 Seguro     :      0.00
Cta. TeleAhorro o Nro. Cheque: CTA- 4381597003
========================================================================
+cts         2,102.52













========================================================================
T-REMUN      2,102.52 T-DSCTO          0.00  T-LIQUI     2,102.52
MImponible       0.00
Mensajes  :
Visite la pagina Web del Ministerio de Educación : www.minedu.gob.pe.




                                                                00000039
.

DRE JUNIN                                                       CL152615
*CL UGEL CHUPACA
RUC - 20188468706                                    1020010504-239004-1
DICIEMBRE - 2015  ACT/OCA                                     (1) Activo

Apellidos                    : CASTILLO MELGAR
Nombres                      : TEOFILO ALBERTO
Fecha de Nacimiento          : 10/02/1956
Documento de Identidad       : (DNI o L.E.) 20010504
Establecimiento              : ADICIONAL PRIMARIA
Cargo                        : DIRECTOR IE
Tipo de Servidor             : DOCENTE NOMBRADO
Niv.Mag./Grupo Ocup./Horas   : 4/00- /40
Tiempo de Servicio (AA-MM-DD): 35-00-00
Fecha de Registro            : Ingr.:18/12/2015 Termino:18/12/2015
Cta. TeleAhorro o Nro. Cheque: CTA- 4381593148
Leyenda Permanente           : 119-15 CTS
Regimen Pensionario          : Ley 20530
Cta. TeleAhorro o Nro. Cheque: CTA- 4381593148


========================================================================
+cts        10,000.00













========================================================================
T-REMUN     10,000.00 T-DSCTO          0.00  T-LIQUI    10,000.00
MImponible       0.00
Mensajes  :
Visite la pagina Web del Ministerio de Educación : www.minedu.gob.pe.




                                                                00000040
.

DRE JUNIN                                                       CL152615
*CL UGEL CHUPACA
RUC - 20188468706                                    1020010504-239004-2
DICIEMBRE - 2015  ACT/OCA                                     (1) Activo

Apellidos                    : CASTILLO MELGAR
Nombres                      : TEOFILO ALBERTO
Fecha de Nacimiento          : 10/02/1956
Documento de Identidad       : (DNI o L.E.) 20010504
Establecimiento              : ADICIONAL PRIMARIA
Cargo                        : DIRECTOR IE
Tipo de Servidor             : DOCENTE NOMBRADO
Niv.Mag./Grupo Ocup./Horas   : 4/00- /40
Tiempo de Servicio (AA-MM-DD): 35-00-00
Fecha de Registro            : Ingr.:18/12/2015 Termino:18/12/2015
Cta. TeleAhorro o Nro. Cheque: CTA- 4381593148
Leyenda Permanente           : 119-15 CTS
Regimen Pensionario          : Ley 20530
Cta. TeleAhorro o Nro. Cheque: CTA- 4381593148


========================================================================
+cts           884.30













========================================================================
T-REMUN        884.30 T-DSCTO          0.00  T-LIQUI       884.30
MImponible       0.00
Mensajes  :
Visite la pagina Web del Ministerio de Educación : www.minedu.gob.pe.




                                                                00000041
.

DRE JUNIN                                                       CL153615
*CL UGEL CHUPACA
RUC - 20188468706                                    1019932443-239005-1
DICIEMBRE - 2015  ACT/OCA                                     (1) Activo

Apellidos                    : AGUILAR BERNIA
Nombres                      : LUIS TEODOSIO
Fecha de Nacimiento          : 17/07/1946
Documento de Identidad       : (DNI o L.E.) 19932443
Establecimiento              : 19 DE ABRIL
Cargo                        : DIRECTOR IE
Tipo de Servidor             : DOCENTE NOMBRADO
Niv.Mag./Grupo Ocup./Horas   : 1/00- /40
Tiempo de Servicio (AA-MM-DD):  --
Fecha de Registro            : Ingr.:16/12/2015 Termino:16/12/2015
Cta. TeleAhorro o Nro. Cheque: CTA- 4381466952
Leyenda Permanente           : 1470-13
Regimen Pensionario          : Ley 20530
Cta. TeleAhorro o Nro. Cheque: CTA- 4381466952


========================================================================
+cts         7,934.55













========================================================================
T-REMUN      7,934.55 T-DSCTO          0.00  T-LIQUI     7,934.55
MImponible       0.00
Mensajes  :
Visite la pagina Web del Ministerio de Educación : www.minedu.gob.pe.




                                                                00000042
.

DRE JUNIN                                                       CL153660
*CL UGEL CHUPACA
RUC - 20188468706                                    1020007045-239002-2
DICIEMBRE - 2015  ACT/OCA                                     (1) Activo

Apellidos                    : SANTANA ALIAGA
Nombres                      : JEANET
Fecha de Nacimiento          : 17/02/1969
Documento de Identidad       : (DNI o L.E.) 20007045
Establecimiento              : CEM. AGROP.-IND. "SAN ROQUE" - CHA
Cargo                        : PROFESOR
Tipo de Servidor             : DOCENTE NOMBRADO
Niv.Mag./Grupo Ocup./Horas   : 1/00- /26
Tiempo de Servicio (AA-MM-DD):  --
Fecha de Registro            : Ingr.:18/12/2015 Termino:18/12/2015
Cta. TeleAhorro o Nro. Cheque: CTA- 4381903910
Leyenda Permanente           : 1477-15 25 AÑOS
Regimen Pensionario          : Ley 19990
Cta. TeleAhorro o Nro. Cheque: CTA- 4381903910


========================================================================
+gratific    2,487.84













========================================================================
T-REMUN      2,487.84 T-DSCTO          0.00  T-LIQUI     2,487.84
MImponible       0.00
Mensajes  :
Visite la pagina Web del Ministerio de Educación : www.minedu.gob.pe.




                                                                00000043
.

DRE JUNIN                                                       CL153670
*CL UGEL CHUPACA
RUC - 20188468706                                    1019906053-239004-1
DICIEMBRE - 2015  ACT/OCA                                     (1) Activo

Apellidos                    : CERRON ORDAYA
Nombres                      : ELIZABETH CAROLINA
Fecha de Nacimiento          : 21/04/1964
Documento de Identidad       : (DNI o L.E.) 19906053
Establecimiento              : CEM. "AMAUTA" - AHUAC
Cargo                        : PROFESOR
Tipo de Servidor             : DOCENTE NOMBRADO
Niv.Mag./Grupo Ocup./Horas   : 2/00- /26
Tiempo de Servicio (AA-MM-DD): 20-00-00
Fecha de Registro            : Ingr.:22/12/2015 Termino:22/12/2015
Cta. TeleAhorro o Nro. Cheque: CTA- 4381605243
Leyenda Permanente           : 677-13
Reg.Pensionario : AFP Profutur/234860ECORA5 CFija      :      0.00
                  FAfiliacion  : 24/08/1993 CVariable  :      0.00
                  FDevengue    : 24/08/1993 Seguro     :      0.00
Cta. TeleAhorro o Nro. Cheque: CTA- 4381605243
========================================================================
+gratific    2,487.84













========================================================================
T-REMUN      2,487.84 T-DSCTO          0.00  T-LIQUI     2,487.84
MImponible       0.00
Mensajes  :
Visite la pagina Web del Ministerio de Educación : www.minedu.gob.pe.




                                                                00000044
.

DRE JUNIN                                                       CL153670
*CL UGEL CHUPACA
RUC - 20188468706                                    1020089408-239007-1
DICIEMBRE - 2015  ACT/OCA                                     (1) Activo

Apellidos                    : MONTALVO GONZALES
Nombres                      : NOEMI BLANCANIEVES
Fecha de Nacimiento          : 29/01/1949
Documento de Identidad       : (DNI o L.E.) 20089408
Establecimiento              : CEM. "AMAUTA" - AHUAC
Cargo                        : PROFESOR
Tipo de Servidor             : DOCENTE NOMBRADO
Niv.Mag./Grupo Ocup./Horas   : 2/00- /26
Tiempo de Servicio (AA-MM-DD): 00-00-00
Fecha de Registro            : Ingr.:17/12/2015 Termino:17/12/2015
Cta. TeleAhorro o Nro. Cheque: CTA-
Leyenda Permanente           : 1188-14
Reg.Pensionario : AFP Profutur/479250NMGTZ5 CFija      :      0.00
                  FAfiliacion  : 18/02/1996 CVariable  :      0.00
                  FDevengue    : 19/02/1996 Seguro     :      0.00
Cta. TeleAhorro o Nro. Cheque: CTA-
========================================================================
+cts         5,746.80













========================================================================
T-REMUN      5,746.80 T-DSCTO          0.00  T-LIQUI     5,746.80
MImponible       0.00
Mensajes  :
Visite la pagina Web del Ministerio de Educación : www.minedu.gob.pe.




                                                                00000045
.

DRE JUNIN                                                       CL153670
*CL UGEL CHUPACA
RUC - 20188468706                                    1019904174-239006-1
DICIEMBRE - 2015  ACT/OCA                                     (1) Activo

Apellidos                    : REYES SALVATIERRA
Nombres                      : PROCOPIO
Fecha de Nacimiento          : 01/04/1953
Documento de Identidad       : (DNI o L.E.) 19904174
Establecimiento              : CEM. "AMAUTA" - AHUAC
Cargo                        : PROF. POR HORA
Tipo de Servidor             : DOCENTE NOMBRADO
Niv.Mag./Grupo Ocup./Horas   : C/00- /24
Tiempo de Servicio (AA-MM-DD): 25-00-00
Fecha de Registro            : Ingr.:16/12/2015 Termino:16/12/2015
Cta. TeleAhorro o Nro. Cheque: CTA- 4381599545
Leyenda Permanente           : 1105-15
Regimen Pensionario          : Ley 19990
Cta. TeleAhorro o Nro. Cheque: CTA- 4381599545


========================================================================
+cts         2,103.92













========================================================================
T-REMUN      2,103.92 T-DSCTO          0.00  T-LIQUI     2,103.92
MImponible       0.00
Mensajes  :
Visite la pagina Web del Ministerio de Educación : www.minedu.gob.pe.




                                                                00000046
.

DRE JUNIN                                                       CL153675
*CL UGEL CHUPACA
RUC - 20188468706                                    1019841700-239006-1
DICIEMBRE - 2015  ACT/OCA                                     (1) Activo

Apellidos                    : ARROYO GAVILAN
Nombres                      : ALFREDO MAXIMO
Fecha de Nacimiento          : 06/09/1953
Documento de Identidad       : (DNI o L.E.) 19841700
Establecimiento              : CEM. "ANTONIO RAYMONDI" - SAN PEDR
Cargo                        : PROFESOR.
Tipo de Servidor             : DOCENTE CONTRATADO
Niv.Mag./Grupo Ocup./Horas   : G/00- /24
Tiempo de Servicio (AA-MM-DD):  --
Fecha de Registro            : Ingr.:15/12/2015 Termino:15/12/2015
Cta. TeleAhorro o Nro. Cheque: CTA- 4381591870
Leyenda Permanente           : 1104-15 CTS
Regimen Pensionario          : Ley 19990
Cta. TeleAhorro o Nro. Cheque: CTA- 4381591870


========================================================================
+cts         2,028.24













========================================================================
T-REMUN      2,028.24 T-DSCTO          0.00  T-LIQUI     2,028.24
MImponible       0.00
Mensajes  :
Visite la pagina Web del Ministerio de Educación : www.minedu.gob.pe.




                                                                00000047
.

DRE JUNIN                                                       CL153680
*CL UGEL CHUPACA
RUC - 20188468706                                    1019900056-239004-1
DICIEMBRE - 2015  ACT/OCA                                     (1) Activo

Apellidos                    : MACHA ORIHUELA
Nombres                      : REGULO OVIDIO
Fecha de Nacimiento          : 09/04/1959
Documento de Identidad       : (DNI o L.E.) 19900056
Establecimiento              : CEM. "AUGUSTO SALAZAR BONDY" - USI
Cargo                        : PROFESOR
Tipo de Servidor             : DOCENTE NOMBRADO
Niv.Mag./Grupo Ocup./Horas   : 2/00- /26
Tiempo de Servicio (AA-MM-DD): 20-00-00
Fecha de Registro            : Ingr.:22/12/2015 Termino:22/12/2015
Cta. TeleAhorro o Nro. Cheque: CTA- 4381596694
Leyenda Permanente           : 936-13
Regimen Pensionario          : Ley 19990
Cta. TeleAhorro o Nro. Cheque: CTA- 4381596694


========================================================================
+gratific    2,487.84













========================================================================
T-REMUN      2,487.84 T-DSCTO          0.00  T-LIQUI     2,487.84
MImponible       0.00
Mensajes  :
Visite la pagina Web del Ministerio de Educación : www.minedu.gob.pe.




                                                                00000048
.

DRE JUNIN                                                       CL153685
*CL UGEL CHUPACA
RUC - 20188468706                                    1019925176-239004-1
DICIEMBRE - 2015  ACT/OCA                                     (1) Activo

Apellidos                    : AGUILAR GALARZA
Nombres                      : VICTOR RAUL
Fecha de Nacimiento          : 10/10/1957
Documento de Identidad       : (DNI o L.E.) 19925176
Establecimiento              : CEM. "AGRO-IND."CAHUIDE" - YANACAN
Cargo                        : PROF. POR HORA
Tipo de Servidor             : DOCENTE NOMBRADO
Niv.Mag./Grupo Ocup./Horas   : A/00- /24
Tiempo de Servicio (AA-MM-DD): 20-00-00
Fecha de Registro            : Ingr.:15/12/2015 Termino:15/12/2015
Cta. TeleAhorro o Nro. Cheque: CTA- 4381591048
Leyenda Permanente           : 521-15 CTS
Reg.Pensionario : AFP Integra /511011VAGIA3 CFija      :      0.00
                  FAfiliacion  : 17/08/1996 CVariable  :      0.00
                  FDevengue    : 17/08/1996 Seguro     :      0.00
Cta. TeleAhorro o Nro. Cheque: CTA- 4381591048
========================================================================
+cts         2,105.60













========================================================================
T-REMUN      2,105.60 T-DSCTO          0.00  T-LIQUI     2,105.60
MImponible       0.00
Mensajes  :
Visite la pagina Web del Ministerio de Educación : www.minedu.gob.pe.




                                                                00000049
.

DRE JUNIN                                                       CL153685
*CL UGEL CHUPACA
RUC - 20188468706                                    1019906544-239003-1
DICIEMBRE - 2015  ACT/OCA                                     (1) Activo

Apellidos                    : SOCUALAYA LEIVA
Nombres                      : ELOY ANGEL
Fecha de Nacimiento          : 13/10/1948
Documento de Identidad       : (DNI o L.E.) 19906544
Establecimiento              : CEM. "AGRO-IND."CAHUIDE" - YANACAN
Cargo                        : PROFESOR
Tipo de Servidor             : DOCENTE NOMBRADO
Niv.Mag./Grupo Ocup./Horas   : 1/00- /24
Tiempo de Servicio (AA-MM-DD):  --
Fecha de Registro            : Ingr.:18/12/2014 Termino:18/12/2014
Cta. TeleAhorro o Nro. Cheque: CTA-
Leyenda Permanente           : RD 1186-14
Regimen Pensionario          : Ley 19990
Cta. TeleAhorro o Nro. Cheque: CTA-


========================================================================
+cts         1,229.82













========================================================================
T-REMUN      1,229.82 T-DSCTO          0.00  T-LIQUI     1,229.82
MImponible       0.00
Mensajes  :
Visite la pagina Web del Ministerio de Educación : www.minedu.gob.pe.




                                                                00000050
.

DRE JUNIN                                                       CL153690
*CL UGEL CHUPACA
RUC - 20188468706                                    1020084314-239002-1
DICIEMBRE - 2015  ACT/OCA                                     (1) Activo

Apellidos                    : INFANTES RAMOS
Nombres                      : JUAN IGNACIO
Fecha de Nacimiento          : 23/10/1958
Documento de Identidad       : (DNI o L.E.) 20084314
Establecimiento              : CEM. "DOS DE MAYO" - ANGASMAYO
Cargo                        : PROFESOR
Tipo de Servidor             : DOCENTE NOMBRADO
Niv.Mag./Grupo Ocup./Horas   : 1/00- /26
Tiempo de Servicio (AA-MM-DD): 00-00-00
Fecha de Registro            : Ingr.:22/12/2015 Termino:22/12/2015
Cta. TeleAhorro o Nro. Cheque: CTA- 4382314625
Leyenda Permanente           : 677-13
Regimen Pensionario          : Ley 19990
Cta. TeleAhorro o Nro. Cheque: CTA- 4382314625


========================================================================
+gratific    4,146.40













========================================================================
T-REMUN      4,146.40 T-DSCTO          0.00  T-LIQUI     4,146.40
MImponible       0.00
Mensajes  :
Visite la pagina Web del Ministerio de Educación : www.minedu.gob.pe.




                                                                00000051
.

DRE JUNIN                                                       CL153690
*CL UGEL CHUPACA
RUC - 20188468706                                    1020434599-239010-1
DICIEMBRE - 2015  ACT/OCA                                     (1) Activo

Apellidos                    : RUIZ BRUNO
Nombres                      : DIOMEDES
Fecha de Nacimiento          : 08/11/1957
Documento de Identidad       : (DNI o L.E.) 20434599
Establecimiento              : CEM. "DOS DE MAYO" - ANGASMAYO
Cargo                        : DIRECTOR IE
Tipo de Servidor             : DOCENTE NOMBRADO
Niv.Mag./Grupo Ocup./Horas   : 2/00- /40
Tiempo de Servicio (AA-MM-DD):  --
Fecha de Registro            : Ingr.:18/12/2015 Termino:18/12/2015
Cta. TeleAhorro o Nro. Cheque: CTA- 4381600284
Leyenda Permanente           : 145-15 CTS
Regimen Pensionario          : Ley 20530
Cta. TeleAhorro o Nro. Cheque: CTA- 4381600284


========================================================================
+cts         9,578.10













========================================================================
T-REMUN      9,578.10 T-DSCTO          0.00  T-LIQUI     9,578.10
MImponible       0.00
Mensajes  :
Visite la pagina Web del Ministerio de Educación : www.minedu.gob.pe.




                                                                00000052
.

DRE JUNIN                                                       CL153695
*CL UGEL CHUPACA
RUC - 20188468706                                    1019976934-239005-1
DICIEMBRE - 2015  ACT/OCA                                     (1) Activo

Apellidos                    : BUENDIA COLONIO
Nombres                      : BARTOLOME ROMAN
Fecha de Nacimiento          : 24/08/1962
Documento de Identidad       : (DNI o L.E.) 19976934
Establecimiento              : CEM. AGROP.-IND."HEROES DE LA BREÑ
Cargo                        : PROFESOR.
Tipo de Servidor             : DOCENTE CONTRATADO
Niv.Mag./Grupo Ocup./Horas   : A/00- /14
Tiempo de Servicio (AA-MM-DD):  --
Fecha de Registro            : Ingr.:15/12/2015 Termino:15/12/2015
Cta. TeleAhorro o Nro. Cheque: CTA- 4381592486
Leyenda Permanente           : 523-15 CTS
Reg.Pensionario : AFP Profutur/228801BBCNO0 CFija      :      0.00
                  FAfiliacion  : 09/03/1994 CVariable  :      0.00
                  FDevengue    : 09/03/1994 Seguro     :      0.00
Cta. TeleAhorro o Nro. Cheque: CTA- 4381592486
========================================================================
+cts         2,256.00













========================================================================
T-REMUN      2,256.00 T-DSCTO          0.00  T-LIQUI     2,256.00
MImponible       0.00
Mensajes  :
Visite la pagina Web del Ministerio de Educación : www.minedu.gob.pe.




                                                                00000053
.

DRE JUNIN                                                       CL153695
*CL UGEL CHUPACA
RUC - 20188468706                                    1019926535-239006-1
DICIEMBRE - 2015  ACT/OCA                                     (1) Activo

Apellidos                    : DIONISIO SEGURA
Nombres                      : CORNELIO MAGNO
Fecha de Nacimiento          : 16/09/1953
Documento de Identidad       : (DNI o L.E.) 19926535
Establecimiento              : CEM. AGROP.-IND."HEROES DE LA BREÑ
Cargo                        : PROFESOR.
Tipo de Servidor             : DOCENTE CONTRATADO
Niv.Mag./Grupo Ocup./Horas   : G/00- /26
Tiempo de Servicio (AA-MM-DD):  --
Fecha de Registro            : Ingr.:16/12/2015 Termino:16/12/2015
Cta. TeleAhorro o Nro. Cheque: CTA- 4381594403
Leyenda Permanente           : 1103-15
Regimen Pensionario          : Ley 19990
Cta. TeleAhorro o Nro. Cheque: CTA- 4381594403


========================================================================
+cts         2,179.06













========================================================================
T-REMUN      2,179.06 T-DSCTO          0.00  T-LIQUI     2,179.06
MImponible       0.00
Mensajes  :
Visite la pagina Web del Ministerio de Educación : www.minedu.gob.pe.




                                                                00000054
.

DRE JUNIN                                                       CL153695
*CL UGEL CHUPACA
RUC - 20188468706                                    1019809863-239003-1
DICIEMBRE - 2015  ACT/OCA                                     (1) Activo

Apellidos                    : INGA ORTIZ
Nombres                      : MARIA SOLEDAD
Fecha de Nacimiento          : 22/08/1962
Documento de Identidad       : (DNI o L.E.) 19809863
Establecimiento              : CEM. AGROP.-IND."HEROES DE LA BREÑ
Cargo                        : PROFESOR
Tipo de Servidor             : DOCENTE NOMBRADO
Niv.Mag./Grupo Ocup./Horas   : 2/00- /26
Tiempo de Servicio (AA-MM-DD): 25-00-00
Fecha de Registro            : Ingr.:18/12/2015 Termino:18/12/2015
Cta. TeleAhorro o Nro. Cheque: CTA- 4381468076
Leyenda Permanente           : 1465-15 SUB X LU
Reg.Pensionario : AFP Integra /228780MIOAI4 CFija      :      0.00
                  FAfiliacion  : 04/05/1994 CVariable  :      0.00
                  FDevengue    : 04/05/1994 Seguro     :      0.00
Cta. TeleAhorro o Nro. Cheque: CTA- 4381468076
========================================================================
+sepelio     3,000.00













========================================================================
T-REMUN      3,000.00 T-DSCTO          0.00  T-LIQUI     3,000.00
MImponible       0.00
Mensajes  :
Visite la pagina Web del Ministerio de Educación : www.minedu.gob.pe.




                                                                00000055
.

DRE JUNIN                                                       CL153700
*CL UGEL CHUPACA
RUC - 20188468706                                    1019807293-239004-1
DICIEMBRE - 2015  ACT/OCA                                     (1) Activo

Apellidos                    : ROSALES VITANZO
Nombres                      : ALCIDES INOCENCIO
Fecha de Nacimiento          : 15/06/1951
Documento de Identidad       : (DNI o L.E.) 19807293
Establecimiento              : CEM. "INDOAMERICANO" - JARPA
Cargo                        : PROFESOR
Tipo de Servidor             : DOCENTE NOMBRADO
Niv.Mag./Grupo Ocup./Horas   : 2/00- /26
Tiempo de Servicio (AA-MM-DD):  --
Fecha de Registro            : Ingr.:22/12/2015 Termino:22/12/2015
Cta. TeleAhorro o Nro. Cheque: CTA- 4381904534
Leyenda Permanente           :
Reg.Pensionario : AFP Integra /198881ARVAA8 CFija      :      0.00
                  FAfiliacion  : 23/12/1993 CVariable  :      0.00
                  FDevengue    : 23/12/1993 Seguro     :      0.00
Cta. TeleAhorro o Nro. Cheque: CTA- 4381904534
========================================================================
+gratific    2,736.62













========================================================================
T-REMUN      2,736.62 T-DSCTO          0.00  T-LIQUI     2,736.62
MImponible       0.00
Mensajes  :
Visite la pagina Web del Ministerio de Educación : www.minedu.gob.pe.




                                                                00000056
.

DRE JUNIN                                                       CL153715
*CL UGEL CHUPACA
RUC - 20188468706                                    1019906288-239003-1
DICIEMBRE - 2015  ACT/OCA                                     (1) Activo

Apellidos                    : QUISPE BARDALES
Nombres                      : JOSES DIONICIO
Fecha de Nacimiento          : 26/12/1959
Documento de Identidad       : (DNI o L.E.) 19906288
Establecimiento              : CEM. AGROP.IND."LA UNION" - CHAQUI
Cargo                        : PROF. POR HORA
Tipo de Servidor             : DOCENTE NOMBRADO
Niv.Mag./Grupo Ocup./Horas   : A/00- /24
Tiempo de Servicio (AA-MM-DD): 05-00-00
Fecha de Registro            : Ingr.:16/12/2015 Termino:16/12/2015
Cta. TeleAhorro o Nro. Cheque: CTA- 4381599057
Leyenda Permanente           : 1095-15
Reg.Pensionario : AFP Profutur/519081JQBSD0 CFija      :      0.00
                  FAfiliacion  : 04/09/1996 CVariable  :      0.00
                  FDevengue    : 04/09/1996 Seguro     :      0.00
Cta. TeleAhorro o Nro. Cheque: CTA- 4381599057
========================================================================
+cts         1,955.20













========================================================================
T-REMUN      1,955.20 T-DSCTO          0.00  T-LIQUI     1,955.20
MImponible       0.00
Mensajes  :
Visite la pagina Web del Ministerio de Educación : www.minedu.gob.pe.




                                                                00000057
.

DRE JUNIN                                                       CL153725
*CL UGEL CHUPACA
RUC - 20188468706                                    1019968474-239007-1
DICIEMBRE - 2015  ACT/OCA                                     (1) Activo

Apellidos                    : LAPA MAYORCA
Nombres                      : JUAN
Fecha de Nacimiento          : 24/11/1951
Documento de Identidad       : (DNI o L.E.) 19968474
Establecimiento              : CEM. "SAN JUAN DE ISCOS" - ISCOS
Cargo                        : PROFESOR
Tipo de Servidor             : DOCENTE NOMBRADO
Niv.Mag./Grupo Ocup./Horas   : 3/00- /26
Tiempo de Servicio (AA-MM-DD): 25-00-00
Fecha de Registro            : Ingr.:22/12/2015 Termino:22/12/2015
Cta. TeleAhorro o Nro. Cheque: CTA- 4381595981
Leyenda Permanente           : PAGO X 30 AÑOS
Regimen Pensionario          : Ley 19990
Cta. TeleAhorro o Nro. Cheque: CTA- 4381595981


========================================================================
+gratific    2,736.62













========================================================================
T-REMUN      2,736.62 T-DSCTO          0.00  T-LIQUI     2,736.62
MImponible       0.00
Mensajes  :
Visite la pagina Web del Ministerio de Educación : www.minedu.gob.pe.




                                                                00000058
.

DRE JUNIN                                                       CL153725
*CL UGEL CHUPACA
RUC - 20188468706                                    1019864972-239006-1
DICIEMBRE - 2015  ACT/OCA                                     (1) Activo

Apellidos                    : LAZO ZARATE
Nombres                      : EDGARDO ROBERTO
Fecha de Nacimiento          : 27/10/1954
Documento de Identidad       : (DNI o L.E.) 19864972
Establecimiento              : CEM. "SAN JUAN DE ISCOS" - ISCOS
Cargo                        : PROFESOR
Tipo de Servidor             : DOCENTE NOMBRADO
Niv.Mag./Grupo Ocup./Horas   : 2/00- /26
Tiempo de Servicio (AA-MM-DD): 20-00-00
Fecha de Registro            : Ingr.:22/12/2015 Termino:22/12/2015
Cta. TeleAhorro o Nro. Cheque: CTA- 4381596279
Leyenda Permanente           : PAGO X 30 AÑOS
Regimen Pensionario          : Ley 19990
Cta. TeleAhorro o Nro. Cheque: CTA- 4381596279


========================================================================
+gratific    2,487.84













========================================================================
T-REMUN      2,487.84 T-DSCTO          0.00  T-LIQUI     2,487.84
MImponible       0.00
Mensajes  :
Visite la pagina Web del Ministerio de Educación : www.minedu.gob.pe.




                                                                00000059
.

DRE JUNIN                                                       CL153730
*CL UGEL CHUPACA
RUC - 20188468706                                    1020063285-239005-1
DICIEMBRE - 2015  ACT/OCA                                     (1) Activo

Apellidos                    : INGA INGA
Nombres                      : ZENOBIO TEOTIMO
Fecha de Nacimiento          : 24/12/1955
Documento de Identidad       : (DNI o L.E.) 20063285
Establecimiento              : CEM. "SAN PEDRO" - HUARISCA
Cargo                        : DIRECTOR IE
Tipo de Servidor             : DOCENTE NOMBRADO
Niv.Mag./Grupo Ocup./Horas   : 3/00- /40
Tiempo de Servicio (AA-MM-DD): 30-00-00
Fecha de Registro            : Ingr.:18/12/2015 Termino:18/12/2015
Cta. TeleAhorro o Nro. Cheque: CTA- 4381595779
Leyenda Permanente           : 144-15
Regimen Pensionario          : Ley 20530
Cta. TeleAhorro o Nro. Cheque: CTA- 4381595779


========================================================================
+cts        10,000.00













========================================================================
T-REMUN     10,000.00 T-DSCTO          0.00  T-LIQUI    10,000.00
MImponible       0.00
Mensajes  :
Visite la pagina Web del Ministerio de Educación : www.minedu.gob.pe.




                                                                00000060
.

DRE JUNIN                                                       CL153730
*CL UGEL CHUPACA
RUC - 20188468706                                    1020063285-239005-2
DICIEMBRE - 2015  ACT/OCA                                     (1) Activo

Apellidos                    : INGA INGA
Nombres                      : ZENOBIO TEOTIMO
Fecha de Nacimiento          : 24/12/1955
Documento de Identidad       : (DNI o L.E.) 20063285
Establecimiento              : CEM. "SAN PEDRO" - HUARISCA
Cargo                        : DIRECTOR IE
Tipo de Servidor             : DOCENTE NOMBRADO
Niv.Mag./Grupo Ocup./Horas   : 3/00- /40
Tiempo de Servicio (AA-MM-DD): 30-00-00
Fecha de Registro            : Ingr.:18/12/2015 Termino:18/12/2015
Cta. TeleAhorro o Nro. Cheque: CTA- 4381595779
Leyenda Permanente           : 144-15 CTS
Regimen Pensionario          : Ley 20530
Cta. TeleAhorro o Nro. Cheque: CTA- 4381595779


========================================================================
+cts           884.30













========================================================================
T-REMUN        884.30 T-DSCTO          0.00  T-LIQUI       884.30
MImponible       0.00
Mensajes  :
Visite la pagina Web del Ministerio de Educación : www.minedu.gob.pe.




                                                                00000061
.

DRE JUNIN                                                       CL153730
*CL UGEL CHUPACA
RUC - 20188468706                                    1019803988-239004-1
DICIEMBRE - 2015  ACT/OCA                                     (1) Activo

Apellidos                    : SINCHEZ BUCKINGHAM
Nombres                      : NORA ZORAIDA
Fecha de Nacimiento          : 08/12/1955
Documento de Identidad       : (DNI o L.E.) 19803988
Establecimiento              : CEM. "SAN PEDRO" - HUARISCA
Cargo                        : PROFESOR
Tipo de Servidor             : DOCENTE NOMBRADO
Niv.Mag./Grupo Ocup./Horas   : 2/00- /26
Tiempo de Servicio (AA-MM-DD): 15-00-00
Fecha de Registro            : Ingr.:18/12/2015 Termino:18/12/2015
Cta. TeleAhorro o Nro. Cheque: CTA- 4381600802
Leyenda Permanente           : 861-15
Regimen Pensionario          : Ley 19990
Cta. TeleAhorro o Nro. Cheque: CTA- 4381600802


========================================================================
+gratific    2,487.84













========================================================================
T-REMUN      2,487.84 T-DSCTO          0.00  T-LIQUI     2,487.84
MImponible       0.00
Mensajes  :
Visite la pagina Web del Ministerio de Educación : www.minedu.gob.pe.




                                                                00000062
.

DRE JUNIN                                                       CL153735
*CL UGEL CHUPACA
RUC - 20188468706                                    1019864677-239004-1
DICIEMBRE - 2015  ACT/OCA                                     (1) Activo

Apellidos                    : QUISPE YAURI
Nombres                      : GRUMENCIA MARTHA
Fecha de Nacimiento          : 27/10/1950
Documento de Identidad       : (DNI o L.E.) 19864677
Establecimiento              : CEM. AGROP.-IND."SAN PEDRO" - SAN
Cargo                        : PROFESOR
Tipo de Servidor             : DOCENTE NOMBRADO
Niv.Mag./Grupo Ocup./Horas   : 1/00- /26
Tiempo de Servicio (AA-MM-DD):  --
Fecha de Registro            : Ingr.:22/12/2015 Termino:22/12/2015
Cta. TeleAhorro o Nro. Cheque: CTA- 4381599243
Leyenda Permanente           :
Regimen Pensionario          : Ley 19990
Cta. TeleAhorro o Nro. Cheque: CTA- 4381599243


========================================================================
+gratific    2,487.84













========================================================================
T-REMUN      2,487.84 T-DSCTO          0.00  T-LIQUI     2,487.84
MImponible       0.00
Mensajes  :
Visite la pagina Web del Ministerio de Educación : www.minedu.gob.pe.




                                                                00000063
.

DRE JUNIN                                                       CL153745
*CL UGEL CHUPACA
RUC - 20188468706                                    1020059852-239002-1
DICIEMBRE - 2015  ACT/OCA                                     (1) Activo

Apellidos                    : TORRES OLIVERA
Nombres                      : ANA MARIA
Fecha de Nacimiento          : 18/02/1975
Documento de Identidad       : (DNI o L.E.) 20059852
Establecimiento              : SIMON BOLIVAR
Cargo                        : PROFESOR
Tipo de Servidor             : DOCENTE NOMBRADO
Niv.Mag./Grupo Ocup./Horas   : 2/00- /26
Tiempo de Servicio (AA-MM-DD): 00-00-00
Fecha de Registro            : Ingr.:18/12/2015 Termino:18/12/2015
Cta. TeleAhorro o Nro. Cheque: CTA- 4512413132
Leyenda Permanente           : 1287-15 SUB Y LUT
Reg.Pensionario : AFP Integra /574410ATORV1 CFija      :      0.00
                  FAfiliacion  : 13/04/1999 CVariable  :      0.00
                  FDevengue    : 13/04/1999 Seguro     :      0.00
Cta. TeleAhorro o Nro. Cheque: CTA- 4512413132
========================================================================
+sepelio     3,000.00













========================================================================
T-REMUN      3,000.00 T-DSCTO          0.00  T-LIQUI     3,000.00
MImponible       0.00
Mensajes  :
Visite la pagina Web del Ministerio de Educación : www.minedu.gob.pe.




                                                                00000064
.

DRE JUNIN                                                       CL153746
*CL UGEL CHUPACA
RUC - 20188468706                                    1020081618-239006-1
DICIEMBRE - 2015  ACT/OCA                                     (1) Activo

Apellidos                    : QUISPEALAYA VERA
Nombres                      : CECIMIA
Fecha de Nacimiento          : 29/11/1960
Documento de Identidad       : (DNI o L.E.) 19970836
Establecimiento              : CEM. "ALFONSO UGARTE" - SANTA ROSA
Cargo                        : PROFESOR
Tipo de Servidor             : DOCENTE NOMBRADO
Niv.Mag./Grupo Ocup./Horas   : 2/00- /26
Tiempo de Servicio (AA-MM-DD): 25-00-00
Fecha de Registro            : Ingr.:18/12/2015 Termino:18/12/2015
Cta. TeleAhorro o Nro. Cheque: CTA- 4381797088
Leyenda Permanente           : 761-15 PAGO SUB X LU
Regimen Pensionario          : Ley 19990
Cta. TeleAhorro o Nro. Cheque: CTA- 4381797088


========================================================================
+sepelio     3,000.00













========================================================================
T-REMUN      3,000.00 T-DSCTO          0.00  T-LIQUI     3,000.00
MImponible       0.00
Mensajes  :
Visite la pagina Web del Ministerio de Educación : www.minedu.gob.pe.




                                                                00000065
.

DRE JUNIN                                                       CL155750
*CL UGEL CHUPACA
RUC - 20188468706                                    1004011993-239005-1
DICIEMBRE - 2015  ACT/OCA                                     (1) Activo

Apellidos                    : PALMA TAPIA
Nombres                      : ELSA JUANA
Fecha de Nacimiento          : 13/11/1962
Documento de Identidad       : (DNI o L.E.) 04011993
Establecimiento              : CEO. "CHUPACA" - CHUPACA
Cargo                        : PROFESOR
Tipo de Servidor             : DOCENTE NOMBRADO
Niv.Mag./Grupo Ocup./Horas   : 2/00- /30
Tiempo de Servicio (AA-MM-DD): 20-00-00
Fecha de Registro            : Ingr.:22/12/2015 Termino:22/12/2015
Cta. TeleAhorro o Nro. Cheque: CTA- 4381598212
Leyenda Permanente           : PAGO X 30 AÑOS
Reg.Pensionario : AFP Integra /229610EPTMI7 CFija      :      0.00
                  FAfiliacion  : 24/11/1993 CVariable  :      0.00
                  FDevengue    : 24/11/1993 Seguro     :      0.00
Cta. TeleAhorro o Nro. Cheque: CTA- 4381598212
========================================================================
+gratific    3,109.80













========================================================================
T-REMUN      3,109.80 T-DSCTO          0.00  T-LIQUI     3,109.80
MImponible       0.00
Mensajes  :
Visite la pagina Web del Ministerio de Educación : www.minedu.gob.pe.




                                                                00000066
.

DRE JUNIN                                                       CL155755
*CL UGEL CHUPACA
RUC - 20188468706                                    1020083052-239005-1
DICIEMBRE - 2015  ACT/OCA                                     (1) Activo

Apellidos                    : CASTELLANOS SIMON
Nombres                      : CRISOSTOMO
Fecha de Nacimiento          : 24/11/1966
Documento de Identidad       : (DNI o L.E.) 20083052
Establecimiento              : CEO. "NUESTRA SEÑORA DE GUADALUPE"
Cargo                        : PROF. DE AULA
Tipo de Servidor             : DOCENTE NOMBRADO
Niv.Mag./Grupo Ocup./Horas   : A/00- /30
Tiempo de Servicio (AA-MM-DD): 15-00-00
Fecha de Registro            : Ingr.:16/12/2015 Termino:16/12/2015
Cta. TeleAhorro o Nro. Cheque: CTA- 4381466316
Leyenda Permanente           : 1102-15
Reg.Pensionario : AFP Integra /244331CCSTO3 CFija      :      0.00
                  FAfiliacion  : 01/12/1993 CVariable  :      0.00
                  FDevengue    : 01/12/1993 Seguro     :      0.00
Cta. TeleAhorro o Nro. Cheque: CTA- 4381466316
========================================================================
+cts         1,691.14













========================================================================
T-REMUN      1,691.14 T-DSCTO          0.00  T-LIQUI     1,691.14
MImponible       0.00
Mensajes  :
Visite la pagina Web del Ministerio de Educación : www.minedu.gob.pe.




                                                                00000067
.
