
DRE JUNIN                                                       CF172016
*CF UGEL CONCEPCION
RUC - 20188468706                                    1020405707-233004-1
DICIEMBRE - 2015  ACT/OCA                                     (1) Activo

Apellidos                    : MELLO FERNANDEZ
Nombres                      : ESTHER MARGARITA
Fecha de Nacimiento          : 16/02/1967
Documento de Identidad       : (DNI o L.E.) 20405707
Establecimiento              : EEM. N§ 30283   CONCEPCION
Cargo                        : PROFESOR
Tipo de Servidor             : DOCENTE NOMBRADO
Niv.Mag./Grupo Ocup./Horas   : 2/00- /30
Tiempo de Servicio (AA-MM-DD):  --
Fecha de Registro            : Ingr.:17/12/2015 Termino:17/12/2015
Cta. TeleAhorro o Nro. Cheque: CTA- 4381143762
Leyenda Permanente           : DS 334 SSL
Reg.Pensionario : AFP Integra /545170EMFLN2 CFija      :      0.00
                  FAfiliacion  : 13/04/1996 CVariable  :      0.00
                  FDevengue    : 01/01/2010 Seguro     :      0.00
Cta. TeleAhorro o Nro. Cheque: CTA- 4381143762
========================================================================
+sepelio     3,000.00













========================================================================
T-REMUN      3,000.00 T-DSCTO          0.00  T-LIQUI     3,000.00
MImponible       0.00
Mensajes  :
Visite la pagina Web del Ministerio de Educación : www.minedu.gob.pe.




                                                                00000001
.

DRE JUNIN                                                       CF172016
*CF UGEL CONCEPCION
RUC - 20188468706                                    1020406196-233003-1
DICIEMBRE - 2015  ACT/OCA                                     (1) Activo

Apellidos                    : SANTIVAÑEZ LLANCO
Nombres                      : RODOLFO FERNANDO
Fecha de Nacimiento          : 18/03/1968
Documento de Identidad       : (DNI o L.E.) 20406196
Establecimiento              : EEM. N§ 30283   CONCEPCION
Cargo                        : PROFESOR
Tipo de Servidor             : DOCENTE NOMBRADO
Niv.Mag./Grupo Ocup./Horas   : 3/00- /30
Tiempo de Servicio (AA-MM-DD): 25-00-00
Fecha de Registro            : Ingr.:17/12/2015 Termino:17/12/2015
Cta. TeleAhorro o Nro. Cheque: CTA- 4382311391
Leyenda Permanente           : DS334ATS 25AñOS
Reg.Pensionario : AFP Integra /549131RSLTN3 CFija      :      0.00
                  FAfiliacion  : 03/05/2002 CVariable  :      0.00
                  FDevengue    : 03/05/2002 Seguro     :      0.00
Cta. TeleAhorro o Nro. Cheque: CTA- 4382311391
========================================================================
+gratific    4,354.00













========================================================================
T-REMUN      4,354.00 T-DSCTO          0.00  T-LIQUI     4,354.00
MImponible       0.00
Mensajes  :
Visite la pagina Web del Ministerio de Educación : www.minedu.gob.pe.




                                                                00000002
.

DRE JUNIN                                                       CF172016
*CF UGEL CONCEPCION
RUC - 20188468706                                    1019954649-233005-1
DICIEMBRE - 2015  ACT/OCA                                     (1) Activo

Apellidos                    : URETA CARHUAMACA
Nombres                      : ALEJANDRO JEREMIAS
Fecha de Nacimiento          : 28/03/1962
Documento de Identidad       : (DNI o L.E.) 19954649
Establecimiento              : EEM. N§ 30283   CONCEPCION
Cargo                        : PROF. DE AULA
Tipo de Servidor             : DOCENTE NOMBRADO
Niv.Mag./Grupo Ocup./Horas   : A/00- /30
Tiempo de Servicio (AA-MM-DD): 25-00-00
Fecha de Registro            : Ingr.:16/12/2015 Termino:16/12/2015
Cta. TeleAhorro o Nro. Cheque: CTA- 4382304131
Leyenda Permanente           : RD1219-15
Regimen Pensionario          : Ley 19990
Cta. TeleAhorro o Nro. Cheque: CTA- 4382304131


========================================================================
+cts         2,306.10













========================================================================
T-REMUN      2,306.10 T-DSCTO          0.00  T-LIQUI     2,306.10
MImponible       0.00
Mensajes  :
Visite la pagina Web del Ministerio de Educación : www.minedu.gob.pe.




                                                                00000003
.

DRE JUNIN                                                       CF172023
*CF UGEL CONCEPCION
RUC - 20188468706                                    1020424452-233004-1
DICIEMBRE - 2015  ACT/OCA                                     (1) Activo

Apellidos                    : MOYA DURAN
Nombres                      : BERNARDINO
Fecha de Nacimiento          : 07/02/1956
Documento de Identidad       : (DNI o L.E.) 20424452
Establecimiento              : EEM. Nº 30317   MATAHUASI
Cargo                        : PROFESOR
Tipo de Servidor             : DOCENTE NOMBRADO
Niv.Mag./Grupo Ocup./Horas   : 2/00- /30
Tiempo de Servicio (AA-MM-DD): 25-00-00
Fecha de Registro            : Ingr.:17/12/2015 Termino:17/12/2015
Cta. TeleAhorro o Nro. Cheque: CTA- 4382305987
Leyenda Permanente           : DS334ATS30AñOS
Reg.Pensionario : AFP Integra /204901BMDAA8 CFija      :      0.00
                  FAfiliacion  : 04/08/1993 CVariable  :      0.00
                  FDevengue    : 04/08/1993 Seguro     :      0.00
Cta. TeleAhorro o Nro. Cheque: CTA- 4382305987
========================================================================
+gratific    3,110.00













========================================================================
T-REMUN      3,110.00 T-DSCTO          0.00  T-LIQUI     3,110.00
MImponible       0.00
Mensajes  :
Visite la pagina Web del Ministerio de Educación : www.minedu.gob.pe.




                                                                00000004
.

DRE JUNIN                                                       CF172024
*CF UGEL CONCEPCION
RUC - 20188468706                                    1020425967-233004-1
DICIEMBRE - 2015  ACT/OCA                                     (1) Activo

Apellidos                    : SALGADO PALACIOS
Nombres                      : MARLENY ZULLY
Fecha de Nacimiento          : 23/07/1968
Documento de Identidad       : (DNI o L.E.) 20425967
Establecimiento              : EEM. Nº 30318   YANAMUCLO
Cargo                        : TRAB.SERV. III
Tipo de Servidor             : ADMINISTRATIVO NOMBRADO
Niv.Mag./Grupo Ocup./Horas   : 0/AE- /40
Tiempo de Servicio (AA-MM-DD):  --
Fecha de Registro            : Ingr.:18/12/2015 Termino:18/12/2015
Cta. TeleAhorro o Nro. Cheque: CTA- 4388399630
Leyenda Permanente           : RD1596 CTS
Reg.Pensionario : AFP Profutur/550401WGOAE6 CFija      :      0.00
                  FAfiliacion  : 24/06/1999 CVariable  :      0.00
                  FDevengue    : 24/06/1999 Seguro     :      0.00
Cta. TeleAhorro o Nro. Cheque: CTA- 4388399630
========================================================================
+cts         1,168.48













========================================================================
T-REMUN      1,168.48 T-DSCTO          0.00  T-LIQUI     1,168.48
MImponible       0.00
Mensajes  :
Visite la pagina Web del Ministerio de Educación : www.minedu.gob.pe.




                                                                00000005
.

DRE JUNIN                                                       CF172024
*CF UGEL CONCEPCION
RUC - 20188468706                                    1019994700-233007-1
DICIEMBRE - 2015  ACT/OCA                                     (1) Activo

Apellidos                    : SANCHEZ VELIZ
Nombres                      : EDITH ABILIA
Fecha de Nacimiento          : 19/04/1959
Documento de Identidad       : (DNI o L.E.) 19994700
Establecimiento              : EEM. Nº 30318   YANAMUCLO
Cargo                        : PROF. DE AULA
Tipo de Servidor             : DOCENTE NOMBRADO
Niv.Mag./Grupo Ocup./Horas   : A/00- /30
Tiempo de Servicio (AA-MM-DD):  --
Fecha de Registro            : Ingr.:16/12/2015 Termino:16/12/2015
Cta. TeleAhorro o Nro. Cheque: CTA- 4382311308
Leyenda Permanente           : RD685-15 CTS
Regimen Pensionario          : Ley 19990
Cta. TeleAhorro o Nro. Cheque: CTA- 4382311308


========================================================================
+cts         1,921.75













========================================================================
T-REMUN      1,921.75 T-DSCTO          0.00  T-LIQUI     1,921.75
MImponible       0.00
Mensajes  :
Visite la pagina Web del Ministerio de Educación : www.minedu.gob.pe.




                                                                00000006
.

DRE JUNIN                                                       CF172026
*CF UGEL CONCEPCION
RUC - 20188468706                                    1019806015-233003-1
DICIEMBRE - 2015  ACT/OCA                                     (1) Activo

Apellidos                    : RAMIREZ SALAZAR
Nombres                      : BEATRIZ OLINDA
Fecha de Nacimiento          : 17/02/1949
Documento de Identidad       : (DNI o L.E.) 19806015
Establecimiento              : I.E. 30325   SANTO DOMINGO DEL PRA
Cargo                        : PROFESOR
Tipo de Servidor             : DOCENTE NOMBRADO
Niv.Mag./Grupo Ocup./Horas   : 1/00- /30
Tiempo de Servicio (AA-MM-DD):  --
Fecha de Registro            : Ingr.:18/12/2014 Termino:18/12/2014
Cta. TeleAhorro o Nro. Cheque: CTA-
Leyenda Permanente           : RD.967.14 CTS
Regimen Pensionario          : Ley 19990
Cta. TeleAhorro o Nro. Cheque: CTA-


========================================================================
+cts         3,580.95













========================================================================
T-REMUN      3,580.95 T-DSCTO          0.00  T-LIQUI     3,580.95
MImponible       0.00
Mensajes  :
Visite la pagina Web del Ministerio de Educación : www.minedu.gob.pe.




                                                                00000007
.

DRE JUNIN                                                       CF172033
*CF UGEL CONCEPCION
RUC - 20188468706                                    1019970307-233003-1
DICIEMBRE - 2015  ACT/OCA                                     (1) Activo

Apellidos                    : INGA HUAYLINOS
Nombres                      : ROBERTO JUSTO
Fecha de Nacimiento          : 29/08/1971
Documento de Identidad       : (DNI o L.E.) 19970307
Establecimiento              : EEM. N§ 31511   CONCEPCION
Cargo                        : PROFESOR
Tipo de Servidor             : DOCENTE NOMBRADO
Niv.Mag./Grupo Ocup./Horas   : 2/00- /30
Tiempo de Servicio (AA-MM-DD):  --
Fecha de Registro            : Ingr.:17/12/2015 Termino:17/12/2015
Cta. TeleAhorro o Nro. Cheque: CTA- 4382312576
Leyenda Permanente           : DS334 ATS 25AñOS
Reg.Pensionario : AFP Profutur/261721EFSRA5 CFija      :      0.00
                  FAfiliacion  : 21/01/1994 CVariable  :      0.00
                  FDevengue    : 21/01/1994 Seguro     :      0.00
Cta. TeleAhorro o Nro. Cheque: CTA- 4382312576
========================================================================
+gratific    3,110.00













========================================================================
T-REMUN      3,110.00 T-DSCTO          0.00  T-LIQUI     3,110.00
MImponible       0.00
Mensajes  :
Visite la pagina Web del Ministerio de Educación : www.minedu.gob.pe.




                                                                00000008
.

DRE JUNIN                                                       CF172034
*CF UGEL CONCEPCION
RUC - 20188468706                                    1019817270-233005-1
DICIEMBRE - 2015  ACT/OCA                                     (1) Activo

Apellidos                    : AYLLON SERVA
Nombres                      : SANTA ROSA
Fecha de Nacimiento          : 30/08/1954
Documento de Identidad       : (DNI o L.E.) 19817270
Establecimiento              : I.E. 31553   J. LEOPOLDO PENA
Cargo                        : TRAB.SERV.   II
Tipo de Servidor             : ADMINISTRATIVO NOMBRADO
Niv.Mag./Grupo Ocup./Horas   : 0/AD- /40
Tiempo de Servicio (AA-MM-DD): 20-00-00
Fecha de Registro            : Ingr.:17/12/2015 Termino:17/12/2015
Cta. TeleAhorro o Nro. Cheque: CTA- 4382306991
Leyenda Permanente           : RD791-15 CTS
Regimen Pensionario          : Ley 19990
Cta. TeleAhorro o Nro. Cheque: CTA- 4382306991


========================================================================
+cts         1,045.98













========================================================================
T-REMUN      1,045.98 T-DSCTO          0.00  T-LIQUI     1,045.98
MImponible       0.00
Mensajes  :
Visite la pagina Web del Ministerio de Educación : www.minedu.gob.pe.




                                                                00000009
.

DRE JUNIN                                                       CF172035
*CF UGEL CONCEPCION
RUC - 20188468706                                    1020424462-233004-1
DICIEMBRE - 2015  ACT/OCA                                     (1) Activo

Apellidos                    : AVILA DURAN
Nombres                      : ROSA INES
Fecha de Nacimiento          : 13/12/1965
Documento de Identidad       : (DNI o L.E.) 20424462
Establecimiento              : CEM. INT. HEROINAS TOLEDO  NIVEL P
Cargo                        : PROF. DE AULA
Tipo de Servidor             : DOCENTE NOMBRADO
Niv.Mag./Grupo Ocup./Horas   : C/00- /30
Tiempo de Servicio (AA-MM-DD):  --
Fecha de Registro            : Ingr.:16/12/2015 Termino:16/12/2015
Cta. TeleAhorro o Nro. Cheque: CTA- 4382304018
Leyenda Permanente           : 1215-15
Reg.Pensionario : AFP Integra /240870RADLA4 CFija      :      0.00
                  FAfiliacion  : 04/09/1993 CVariable  :      0.00
                  FDevengue    : 04/09/1993 Seguro     :      0.00
Cta. TeleAhorro o Nro. Cheque: CTA- 4382304018
========================================================================
+cts         2,150.12













========================================================================
T-REMUN      2,150.12 T-DSCTO          0.00  T-LIQUI     2,150.12
MImponible       0.00
Mensajes  :
Visite la pagina Web del Ministerio de Educación : www.minedu.gob.pe.




                                                                00000010
.

DRE JUNIN                                                       CF172035
*CF UGEL CONCEPCION
RUC - 20188468706                                    1020004026-233002-1
DICIEMBRE - 2015  ACT/OCA                                     (1) Activo

Apellidos                    : PAREDES ORDOÑEZ
Nombres                      : CARMEN DEL ROSARIO
Fecha de Nacimiento          : 16/07/1967
Documento de Identidad       : (DNI o L.E.) 20004026
Establecimiento              : CEM. INT. HEROINAS TOLEDO  NIVEL P
Cargo                        : PROFESOR
Tipo de Servidor             : DOCENTE NOMBRADO
Niv.Mag./Grupo Ocup./Horas   : 1/00- /30
Tiempo de Servicio (AA-MM-DD): 20-00-00
Fecha de Registro            : Ingr.:17/12/2015 Termino:17/12/2015
Cta. TeleAhorro o Nro. Cheque: CTA- 4381598301
Leyenda Permanente           : DS334 ATS25AñOS
Regimen Pensionario          : Ley 19990
Cta. TeleAhorro o Nro. Cheque: CTA- 4381598301


========================================================================
+gratific    3,110.00













========================================================================
T-REMUN      3,110.00 T-DSCTO          0.00  T-LIQUI     3,110.00
MImponible       0.00
Mensajes  :
Visite la pagina Web del Ministerio de Educación : www.minedu.gob.pe.




                                                                00000011
.

DRE JUNIN                                                       CF172037
*CF UGEL CONCEPCION
RUC - 20188468706                                    1020401463-233005-1
DICIEMBRE - 2015  ACT/OCA                                     (1) Activo

Apellidos                    : AGUIRRE PONCE
Nombres                      : ROSA ALMINDA
Fecha de Nacimiento          : 06/02/1963
Documento de Identidad       : (DNI o L.E.) 20401463
Establecimiento              : EEM. "9 DE JULIO"
Cargo                        : PROF. DE AULA
Tipo de Servidor             : DOCENTE NOMBRADO
Niv.Mag./Grupo Ocup./Horas   : A/00- /30
Tiempo de Servicio (AA-MM-DD): 20-00-28
Fecha de Registro            : Ingr.:16/12/2015 Termino:16/12/2015
Cta. TeleAhorro o Nro. Cheque: CTA- 4382306592
Leyenda Permanente           : 1218-15
Reg.Pensionario : AFP Prima   /230460RAPIC6 CFija      :      0.00
                  FAfiliacion  : 26/07/1993 CVariable  :      0.00
                  FDevengue    : 26/07/1993 Seguro     :      0.00
Cta. TeleAhorro o Nro. Cheque: CTA- 4382306592
========================================================================
+cts         2,075.49













========================================================================
T-REMUN      2,075.49 T-DSCTO          0.00  T-LIQUI     2,075.49
MImponible       0.00
Mensajes  :
Visite la pagina Web del Ministerio de Educación : www.minedu.gob.pe.




                                                                00000012
.

DRE JUNIN                                                       CF172037
*CF UGEL CONCEPCION
RUC - 20188468706                                    1020088802-233004-1
DICIEMBRE - 2015  ACT/OCA                                     (1) Activo

Apellidos                    : ZUÑIGA TAPIA
Nombres                      : ANGELICA FRANCISCA
Fecha de Nacimiento          : 26/11/1956
Documento de Identidad       : (DNI o L.E.) 20088802
Establecimiento              : EEM. "9 DE JULIO"
Cargo                        : PROF. DE AULA
Tipo de Servidor             : DOCENTE NOMBRADO
Niv.Mag./Grupo Ocup./Horas   : A/00- /30
Tiempo de Servicio (AA-MM-DD): 20-00-00
Fecha de Registro            : Ingr.:16/12/2015 Termino:16/12/2015
Cta. TeleAhorro o Nro. Cheque: CTA- 4382306541
Leyenda Permanente           : 1213-15
Regimen Pensionario          : Ley 19990
Cta. TeleAhorro o Nro. Cheque: CTA- 4382306541


========================================================================
+cts         1,844.88













========================================================================
T-REMUN      1,844.88 T-DSCTO          0.00  T-LIQUI     1,844.88
MImponible       0.00
Mensajes  :
Visite la pagina Web del Ministerio de Educación : www.minedu.gob.pe.




                                                                00000013
.

DRE JUNIN                                                       CF173036
*CF UGEL CONCEPCION
RUC - 20188468706                                    1000062898-233003-1
DICIEMBRE - 2015  ACT/OCA                                     (1) Activo

Apellidos                    : BELTRAN SALAS
Nombres                      : JULIO HILARIO
Fecha de Nacimiento          : 04/05/1948
Documento de Identidad       : (DNI o L.E.) 00062898
Establecimiento              : CEM. "9 DE JULIO CONCEPCION - SEC.
Cargo                        : PROFESOR
Tipo de Servidor             : DOCENTE NOMBRADO
Niv.Mag./Grupo Ocup./Horas   : 1/00- /24
Tiempo de Servicio (AA-MM-DD):  --
Fecha de Registro            : Ingr.:18/12/2014 Termino:18/12/2014
Cta. TeleAhorro o Nro. Cheque: CTA- 4382307211
Leyenda Permanente           : RD.961.14 CTS
Regimen Pensionario          : Ley 20530
Cta. TeleAhorro o Nro. Cheque: CTA- 4382307211


========================================================================
+cts         2,936.28













========================================================================
T-REMUN      2,936.28 T-DSCTO          0.00  T-LIQUI     2,936.28
MImponible       0.00
Mensajes  :
Visite la pagina Web del Ministerio de Educación : www.minedu.gob.pe.




                                                                00000014
.

DRE JUNIN                                                       CF173036
*CF UGEL CONCEPCION
RUC - 20188468706                                    1000062898-233003-2
DICIEMBRE - 2015  ACT/OCA                                     (1) Activo

Apellidos                    : NUÑEZ PRINCE
Nombres                      : BERTHA INES
Fecha de Nacimiento          : 10/08/1900
Documento de Identidad       : (DNI o L.E.) 20404536
Establecimiento              : CEM. "9 DE JULIO CONCEPCION - SEC.
Cargo                        : PROFESOR
Tipo de Servidor             : DOCENTE NOMBRADO
Niv.Mag./Grupo Ocup./Horas   : 1/00- /24
Tiempo de Servicio (AA-MM-DD):  --
Fecha de Registro            : Ingr.:18/12/2015 Termino:18/12/2015
Cta. TeleAhorro o Nro. Cheque: CTA- 4381245808
Leyenda Permanente           : RD961-14
Regimen Pensionario          : Ley 20530
Cta. TeleAhorro o Nro. Cheque: CTA- 4381245808


========================================================================
+cts           644.55













========================================================================
T-REMUN        644.55 T-DSCTO          0.00  T-LIQUI       644.55
MImponible       0.00
Mensajes  :
Visite la pagina Web del Ministerio de Educación : www.minedu.gob.pe.




                                                                00000015
.

DRE JUNIN                                                       CF173036
*CF UGEL CONCEPCION
RUC - 20188468706                                    1019997035-233004-1
DICIEMBRE - 2015  ACT/OCA                                     (1) Activo

Apellidos                    : TAPIA VALENZUELA
Nombres                      : MARTHA
Fecha de Nacimiento          : 20/09/1948
Documento de Identidad       : (DNI o L.E.) 19997035
Establecimiento              : CEM. "9 DE JULIO CONCEPCION - SEC.
Cargo                        : PROF. POR HORA
Tipo de Servidor             : DOCENTE NOMBRADO
Niv.Mag./Grupo Ocup./Horas   : 3/00- /24
Tiempo de Servicio (AA-MM-DD):  --
Fecha de Registro            : Ingr.:16/12/2015 Termino:16/12/2015
Cta. TeleAhorro o Nro. Cheque: CTA- 4382307602
Leyenda Permanente           : RD1581-15CTS
Regimen Pensionario          : Ley 20530
Cta. TeleAhorro o Nro. Cheque: CTA- 4382307602


========================================================================
+cts         5,746.90













========================================================================
T-REMUN      5,746.90 T-DSCTO          0.00  T-LIQUI     5,746.90
MImponible       0.00
Mensajes  :
Visite la pagina Web del Ministerio de Educación : www.minedu.gob.pe.




                                                                00000016
.

DRE JUNIN                                                       CF173040
*CF UGEL CONCEPCION
RUC - 20188468706                                    1021258826-233006-1
DICIEMBRE - 2015  ACT/OCA                                     (1) Activo

Apellidos                    : FILIO GARCIA
Nombres                      : FREDY MAXIMO
Fecha de Nacimiento          : 19/10/1967
Documento de Identidad       : (DNI o L.E.) 21258826
Establecimiento              : CEM. "PIO SAROBE   SANTA ROSA DE O
Cargo                        : PROFESOR
Tipo de Servidor             : DOCENTE NOMBRADO
Niv.Mag./Grupo Ocup./Horas   : 2/00- /26
Tiempo de Servicio (AA-MM-DD): 15-00-00
Fecha de Registro            : Ingr.:17/12/2015 Termino:17/12/2015
Cta. TeleAhorro o Nro. Cheque: CTA- 4382312657
Leyenda Permanente           : DS334 SSL
Regimen Pensionario          : Ley 19990
Cta. TeleAhorro o Nro. Cheque: CTA- 4382312657


========================================================================
+sepelio     3,000.00













========================================================================
T-REMUN      3,000.00 T-DSCTO          0.00  T-LIQUI     3,000.00
MImponible       0.00
Mensajes  :
Visite la pagina Web del Ministerio de Educación : www.minedu.gob.pe.




                                                                00000017
.

DRE JUNIN                                                       CF173041
*CF UGEL CONCEPCION
RUC - 20188468706                                    1019969537-233004-1
DICIEMBRE - 2015  ACT/OCA                                     (1) Activo

Apellidos                    : MUNIVE BALVIN
Nombres                      : PEDRO DEMETRIO
Fecha de Nacimiento          : 08/10/1948
Documento de Identidad       : (DNI o L.E.) 19969537
Establecimiento              : SAN ANTONIO
Cargo                        : DIRECTOR C.E
Tipo de Servidor             : DOCENTE NOMBRADO
Niv.Mag./Grupo Ocup./Horas   : 3/00- /40
Tiempo de Servicio (AA-MM-DD):  --
Fecha de Registro            : Ingr.:16/12/2015 Termino:16/12/2015
Cta. TeleAhorro o Nro. Cheque: CTA- 4382308560
Leyenda Permanente           : RD963-14
Regimen Pensionario          : Ley 20530
Cta. TeleAhorro o Nro. Cheque: CTA- 4382308560


========================================================================
+cts         9,578.18













========================================================================
T-REMUN      9,578.18 T-DSCTO          0.00  T-LIQUI     9,578.18
MImponible       0.00
Mensajes  :
Visite la pagina Web del Ministerio de Educación : www.minedu.gob.pe.




                                                                00000018
.

DRE JUNIN                                                       CF173042
*CF UGEL CONCEPCION
RUC - 20188468706                                    1020435195-233002-1
DICIEMBRE - 2015  ACT/OCA                                     (1) Activo

Apellidos                    : BARJA MARAVI
Nombres                      : MAGNO ISAAC
Fecha de Nacimiento          : 11/04/1953
Documento de Identidad       : (DNI o L.E.) 20435195
Establecimiento              : IEI.PEDRO PABLO GARCIA TAPIA-(111)
Cargo                        : PROFESOR
Tipo de Servidor             : DOCENTE NOMBRADO
Niv.Mag./Grupo Ocup./Horas   : 2/00- /26
Tiempo de Servicio (AA-MM-DD): 25-00-00
Fecha de Registro            : Ingr.:17/12/2015 Termino:17/12/2015
Cta. TeleAhorro o Nro. Cheque: CTA- 4382304441
Leyenda Permanente           : DS334 ATS 25AñOS
Regimen Pensionario          : Ley 19990
Cta. TeleAhorro o Nro. Cheque: CTA- 4382304441


========================================================================
+gratific    2,488.00













========================================================================
T-REMUN      2,488.00 T-DSCTO          0.00  T-LIQUI     2,488.00
MImponible       0.00
Mensajes  :
Visite la pagina Web del Ministerio de Educación : www.minedu.gob.pe.




                                                                00000019
.

DRE JUNIN                                                       CF173042
*CF UGEL CONCEPCION
RUC - 20188468706                                    1020424362-233003-1
DICIEMBRE - 2015  ACT/OCA                                     (1) Activo

Apellidos                    : RICHETTER GONZALES
Nombres                      : SAUL HORACIO
Fecha de Nacimiento          : 04/07/1945
Documento de Identidad       : (DNI o L.E.) 20424362
Establecimiento              : IEI.PEDRO PABLO GARCIA TAPIA-(111)
Cargo                        : TRAB.SERV.   II
Tipo de Servidor             : ADMINISTRATIVO NOMBRADO
Niv.Mag./Grupo Ocup./Horas   : 0/AB- /40
Tiempo de Servicio (AA-MM-DD): 25-00-00
Fecha de Registro            : Ingr.:17/12/2015 Termino:17/12/2015
Cta. TeleAhorro o Nro. Cheque: CTA- 4382305855
Leyenda Permanente           : RD1371-15 CTS
Reg.Pensionario : AFP Integra /166201SRGHZ8 CFija      :      0.00
                  FAfiliacion  : 14/09/1993 CVariable  :      0.00
                  FDevengue    : 14/09/1993 Seguro     :      0.00
Cta. TeleAhorro o Nro. Cheque: CTA- 4382305855
========================================================================
+cts         1,368.55













========================================================================
T-REMUN      1,368.55 T-DSCTO          0.00  T-LIQUI     1,368.55
MImponible       0.00
Mensajes  :
Visite la pagina Web del Ministerio de Educación : www.minedu.gob.pe.




                                                                00000020
.

DRE JUNIN                                                       CF173245
*CF UGEL CONCEPCION
RUC - 20188468706                                    1019964400-233003-1
DICIEMBRE - 2015  ACT/OCA                                     (1) Activo

Apellidos                    : TAPIA VELIZ
Nombres                      : CARLOS RENE
Fecha de Nacimiento          : 04/11/1950
Documento de Identidad       : (DNI o L.E.) 19964400
Establecimiento              : 31511 LORENZO ALCALA POMALAZA
Cargo                        : AUX. EDUCAC.
Tipo de Servidor             : AUXILIAR EDUCACION NOMBRADO
Niv.Mag./Grupo Ocup./Horas   : E/00- /30
Tiempo de Servicio (AA-MM-DD): 01-00-00
Fecha de Registro            : Ingr.:17/12/2015 Termino:17/12/2015
Cta. TeleAhorro o Nro. Cheque: CTA- 4382308749
Leyenda Permanente           : RD1629-15CTS
Regimen Pensionario          : Ley 19990
Cta. TeleAhorro o Nro. Cheque: CTA- 4382308749


========================================================================
+cts         2,177.61













========================================================================
T-REMUN      2,177.61 T-DSCTO          0.00  T-LIQUI     2,177.61
MImponible       0.00
Mensajes  :
Visite la pagina Web del Ministerio de Educación : www.minedu.gob.pe.




                                                                00000021
.

DRE JUNIN                                                       CF174038
*CF UGEL CONCEPCION
RUC - 20188468706                                    1019913337-233009-1
DICIEMBRE - 2015  ACT/OCA                                     (1) Activo

Apellidos                    : PRETELL GOMEZ
Nombres                      : WILFREDO DANIEL
Fecha de Nacimiento          : 13/03/1957
Documento de Identidad       : (DNI o L.E.) 19913337
Establecimiento              : CEBA.  "HEROES DEL 9 Y 10 DE JULIO
Cargo                        : SUBDIRECTOR IE
Tipo de Servidor             : DOCENTE NOMBRADO
Niv.Mag./Grupo Ocup./Horas   : 3/00- /40
Tiempo de Servicio (AA-MM-DD): 00-00-00
Fecha de Registro            : Ingr.:17/12/2015 Termino:17/12/2015
Cta. TeleAhorro o Nro. Cheque: CTA- 4382310549
Leyenda Permanente           : DS 334 ATS30AñOS
Reg.Pensionario : AFP Integra /212551WPGTE3 CFija      :      0.00
                  FAfiliacion  : 21/12/1993 CVariable  :      0.00
                  FDevengue    : 21/12/1993 Seguro     :      0.00
Cta. TeleAhorro o Nro. Cheque: CTA- 4382310549
========================================================================
+gratific    2,737.00













========================================================================
T-REMUN      2,737.00 T-DSCTO          0.00  T-LIQUI     2,737.00
MImponible       0.00
Mensajes  :
Visite la pagina Web del Ministerio de Educación : www.minedu.gob.pe.




                                                                00000022
.

DRE JUNIN                                                       CF177037
*CF UGEL CONCEPCION
RUC - 20188468706                                    1020426869-233005-1
DICIEMBRE - 2015  ACT/OCA                                     (1) Activo

Apellidos                    : REYES VERA
Nombres                      : FRANCISCO FRANCO
Fecha de Nacimiento          : 04/10/1947
Documento de Identidad       : (DNI o L.E.) 20426869
Establecimiento              : CEA. "9 DE JULIO CONCEPCION - SEC.
Cargo                        : PROFESOR.
Tipo de Servidor             : DOCENTE NOMBRADO
Niv.Mag./Grupo Ocup./Horas   : 3/00- /30
Tiempo de Servicio (AA-MM-DD): 15-00-00
Fecha de Registro            : Ingr.:16/12/2015 Termino:16/12/2015
Cta. TeleAhorro o Nro. Cheque: CTA- 4382307734
Leyenda Permanente           : RD966-14
Regimen Pensionario          : Ley 20530
Cta. TeleAhorro o Nro. Cheque: CTA- 4382307734


========================================================================
+cts         5,746.90













========================================================================
T-REMUN      5,746.90 T-DSCTO          0.00  T-LIQUI     5,746.90
MImponible       0.00
Mensajes  :
Visite la pagina Web del Ministerio de Educación : www.minedu.gob.pe.




                                                                00000023
.

DRE JUNIN                                                       CF272066
*CF UGEL CONCEPCION
RUC - 20188468706                                    1000130226-233002-1
DICIEMBRE - 2015  ACT/OCA                                     (1) Activo

Apellidos                    : BUENO FLORES
Nombres                      : DIMAS ELEUTERIO
Fecha de Nacimiento          : 20/02/1963
Documento de Identidad       : (DNI o L.E.) 00130226
Establecimiento              : EEM. N  30290     QUICHA  GRANDE
Cargo                        : PROFESOR
Tipo de Servidor             : DOCENTE NOMBRADO
Niv.Mag./Grupo Ocup./Horas   : 2/00- /30
Tiempo de Servicio (AA-MM-DD): 20-00-00
Fecha de Registro            : Ingr.:17/12/2015 Termino:17/12/2015
Cta. TeleAhorro o Nro. Cheque: CTA- 4421318013
Leyenda Permanente           : DS334ATS25AñOS
Regimen Pensionario          : Ley 19990
Cta. TeleAhorro o Nro. Cheque: CTA- 4421318013


========================================================================
+gratific    3,110.00













========================================================================
T-REMUN      3,110.00 T-DSCTO          0.00  T-LIQUI     3,110.00
MImponible       0.00
Mensajes  :
Visite la pagina Web del Ministerio de Educación : www.minedu.gob.pe.




                                                                00000024
.

DRE JUNIN                                                       CF272066
*CF UGEL CONCEPCION
RUC - 20188468706                                    1020407952-233002-1
DICIEMBRE - 2015  ACT/OCA                                     (1) Activo

Apellidos                    : ROSALES ROJAS
Nombres                      : ROSARIO RITA
Fecha de Nacimiento          : 06/02/1971
Documento de Identidad       : (DNI o L.E.) 20407952
Establecimiento              : EEM. N  30290     QUICHA  GRANDE
Cargo                        : PROF. DE AULA
Tipo de Servidor             : DOCENTE NOMBRADO
Niv.Mag./Grupo Ocup./Horas   : A/00- /30
Tiempo de Servicio (AA-MM-DD): 01-00-00
Fecha de Registro            : Ingr.:16/12/2015 Termino:16/12/2015
Cta. TeleAhorro o Nro. Cheque: CTA- 4382312142
Leyenda Permanente           : RD687-15CTS
Reg.Pensionario : AFP Prima   /559680RRRAA3 CFija      :      0.00
                  FAfiliacion  : 01/04/1998 CVariable  :      0.00
                  FDevengue    : 01/04/1998 Seguro     :      0.00
Cta. TeleAhorro o Nro. Cheque: CTA- 4382312142
========================================================================
+cts         1,768.01













========================================================================
T-REMUN      1,768.01 T-DSCTO          0.00  T-LIQUI     1,768.01
MImponible       0.00
Mensajes  :
Visite la pagina Web del Ministerio de Educación : www.minedu.gob.pe.




                                                                00000025
.

DRE JUNIN                                                       CF272073
*CF UGEL CONCEPCION
RUC - 20188468706                                    1020424556-233003-1
DICIEMBRE - 2015  ACT/OCA                                     (1) Activo

Apellidos                    : PAYANO QUISPE
Nombres                      : ZONIA YOLANDA
Fecha de Nacimiento          : 12/10/1961
Documento de Identidad       : (DNI o L.E.) 20424556
Establecimiento              : EEM. Nº 30321     MITO
Cargo                        : PROF. DE AULA
Tipo de Servidor             : DOCENTE NOMBRADO
Niv.Mag./Grupo Ocup./Horas   : A/00- /30
Tiempo de Servicio (AA-MM-DD): 20-00-00
Fecha de Registro            : Ingr.:16/12/2015 Termino:16/12/2015
Cta. TeleAhorro o Nro. Cheque: CTA- 4382314781
Leyenda Permanente           : RD672-15CTS
Regimen Pensionario          : Ley 19990
Cta. TeleAhorro o Nro. Cheque: CTA- 4382314781


========================================================================
+cts         1,921.75













========================================================================
T-REMUN      1,921.75 T-DSCTO          0.00  T-LIQUI     1,921.75
MImponible       0.00
Mensajes  :
Visite la pagina Web del Ministerio de Educación : www.minedu.gob.pe.




                                                                00000026
.

DRE JUNIN                                                       CF272076
*CF UGEL CONCEPCION
RUC - 20188468706                                    1019815119-233002-1
DICIEMBRE - 2015  ACT/OCA                                     (1) Activo

Apellidos                    : CASTRO PARRA
Nombres                      : ALVARO HERNAN
Fecha de Nacimiento          : 30/12/1956
Documento de Identidad       : (DNI o L.E.) 19815119
Establecimiento              : IE N§ 30327
Cargo                        : PROF. DE AULA
Tipo de Servidor             : DOCENTE NOMBRADO
Niv.Mag./Grupo Ocup./Horas   : A/00- /30
Tiempo de Servicio (AA-MM-DD): 25-00-00
Fecha de Registro            : Ingr.:16/12/2015 Termino:16/12/2015
Cta. TeleAhorro o Nro. Cheque: CTA- 4382305758
Leyenda Permanente           : RD700-15CTS
Reg.Pensionario : AFP Profutur/208171ACPTR2 CFija      :      0.00
                  FAfiliacion  : 03/12/1993 CVariable  :      0.00
                  FDevengue    : 03/12/1993 Seguro     :      0.00
Cta. TeleAhorro o Nro. Cheque: CTA- 4382305758
========================================================================
+cts         2,306.10













========================================================================
T-REMUN      2,306.10 T-DSCTO          0.00  T-LIQUI     2,306.10
MImponible       0.00
Mensajes  :
Visite la pagina Web del Ministerio de Educación : www.minedu.gob.pe.




                                                                00000027
.

DRE JUNIN                                                       CF272076
*CF UGEL CONCEPCION
RUC - 20188468706                                    1019913296-233003-1
DICIEMBRE - 2015  ACT/OCA                                     (1) Activo

Apellidos                    : SANTIANI DE LOZANO
Nombres                      : QUIETI DIONICIA
Fecha de Nacimiento          : 08/05/1947
Documento de Identidad       : (DNI o L.E.) 19913296
Establecimiento              : IE N§ 30327
Cargo                        : PROFESOR
Tipo de Servidor             : DOCENTE NOMBRADO
Niv.Mag./Grupo Ocup./Horas   : 1/00- /30
Tiempo de Servicio (AA-MM-DD):  --
Fecha de Registro            : Ingr.:18/12/2014 Termino:18/12/2014
Cta. TeleAhorro o Nro. Cheque: CTA-
Leyenda Permanente           : RD.795.14/CANC-CTS
Reg.Pensionario : AFP Integra /172930QSSTA4 CFija      :      0.00
                  FAfiliacion  : 15/04/2004 CVariable  :      0.00
                  FDevengue    : 15/04/2004 Seguro     :      0.00
Cta. TeleAhorro o Nro. Cheque: CTA-
========================================================================
+cts         2,274.81













========================================================================
T-REMUN      2,274.81 T-DSCTO          0.00  T-LIQUI     2,274.81
MImponible       0.00
Mensajes  :
Visite la pagina Web del Ministerio de Educación : www.minedu.gob.pe.




                                                                00000028
.

DRE JUNIN                                                       CF272077
*CF UGEL CONCEPCION
RUC - 20188468706                                    1020408375-233004-1
DICIEMBRE - 2015  ACT/OCA                                     (1) Activo

Apellidos                    : AGUILAR FERNANDEZ
Nombres                      : SAUL
Fecha de Nacimiento          : 29/04/1965
Documento de Identidad       : (DNI o L.E.) 20408375
Establecimiento              : EEM. Nº 30328     VICSO  ORCOTUNA
Cargo                        : PROFESOR
Tipo de Servidor             : DOCENTE NOMBRADO
Niv.Mag./Grupo Ocup./Horas   : 2/00- /30
Tiempo de Servicio (AA-MM-DD):  --
Fecha de Registro            : Ingr.:17/12/2015 Termino:17/12/2015
Cta. TeleAhorro o Nro. Cheque: CTA- 4382310069
Leyenda Permanente           : DS334 ATS 25AñOS
Regimen Pensionario          : Ley 19990
Cta. TeleAhorro o Nro. Cheque: CTA- 4382310069


========================================================================
+gratific    3,110.00













========================================================================
T-REMUN      3,110.00 T-DSCTO          0.00  T-LIQUI     3,110.00
MImponible       0.00
Mensajes  :
Visite la pagina Web del Ministerio de Educación : www.minedu.gob.pe.




                                                                00000029
.

DRE JUNIN                                                       CF273100
*CF UGEL CONCEPCION
RUC - 20188468706                                    1019913468-233006-1
DICIEMBRE - 2015  ACT/OCA                                     (1) Activo

Apellidos                    : GUTIERREZ VALLE
Nombres                      : RUBEN WALTER
Fecha de Nacimiento          : 18/10/1953
Documento de Identidad       : (DNI o L.E.) 19913468
Establecimiento              : CEM. "SEÑOR DE LA ASCENCION"     M
Cargo                        : PROF. POR HORA
Tipo de Servidor             : DOCENTE NOMBRADO
Niv.Mag./Grupo Ocup./Horas   : C/00- /24
Tiempo de Servicio (AA-MM-DD): 25-00-00
Fecha de Registro            : Ingr.:16/12/2015 Termino:16/12/2015
Cta. TeleAhorro o Nro. Cheque: CTA- 4388128130
Leyenda Permanente           : RD692-15
Regimen Pensionario          : Ley 19990
Cta. TeleAhorro o Nro. Cheque: CTA- 4388128130


========================================================================
+cts         2,254.20













========================================================================
T-REMUN      2,254.20 T-DSCTO          0.00  T-LIQUI     2,254.20
MImponible       0.00
Mensajes  :
Visite la pagina Web del Ministerio de Educación : www.minedu.gob.pe.




                                                                00000030
.

DRE JUNIN                                                       CF273100
*CF UGEL CONCEPCION
RUC - 20188468706                                    1019804713-233005-1
DICIEMBRE - 2015  ACT/OCA                                     (1) Activo

Apellidos                    : MEZA FERNANDEZ
Nombres                      : LADISLAO ZOILO
Fecha de Nacimiento          : 27/06/1948
Documento de Identidad       : (DNI o L.E.) 19804713
Establecimiento              : CEM. "SEÑOR DE LA ASCENCION"     M
Cargo                        : PROFESOR
Tipo de Servidor             : DOCENTE NOMBRADO
Niv.Mag./Grupo Ocup./Horas   : 4/00- /24
Tiempo de Servicio (AA-MM-DD):  --
Fecha de Registro            : Ingr.:18/12/2014 Termino:18/12/2014
Cta. TeleAhorro o Nro. Cheque: CTA- 4381425059
Leyenda Permanente           : RD.793.14 CTS
Regimen Pensionario          : Ley 19990
Cta. TeleAhorro o Nro. Cheque: CTA- 4381425059


========================================================================
+cts         6,802.65













========================================================================
T-REMUN      6,802.65 T-DSCTO          0.00  T-LIQUI     6,802.65
MImponible       0.00
Mensajes  :
Visite la pagina Web del Ministerio de Educación : www.minedu.gob.pe.




                                                                00000031
.

DRE JUNIN                                                       CF273101
*CF UGEL CONCEPCION
RUC - 20188468706                                    1020403665-233004-1
DICIEMBRE - 2015  ACT/OCA                                     (1) Activo

Apellidos                    : MARMANILLO CACERES
Nombres                      : NOE
Fecha de Nacimiento          : 07/09/1953
Documento de Identidad       : (DNI o L.E.) 20403665
Establecimiento              : SAN ISIDRO
Cargo                        : PROF. POR HORA
Tipo de Servidor             : DOCENTE NOMBRADO
Niv.Mag./Grupo Ocup./Horas   : A/00- /24
Tiempo de Servicio (AA-MM-DD): 20-00-00
Fecha de Registro            : Ingr.:16/12/2015 Termino:16/12/2015
Cta. TeleAhorro o Nro. Cheque: CTA- 4382310700
Leyenda Permanente           : RD689-15
Regimen Pensionario          : Ley 19990
Cta. TeleAhorro o Nro. Cheque: CTA- 4382310700


========================================================================
+cts         2,256.00













========================================================================
T-REMUN      2,256.00 T-DSCTO          0.00  T-LIQUI     2,256.00
MImponible       0.00
Mensajes  :
Visite la pagina Web del Ministerio de Educación : www.minedu.gob.pe.




                                                                00000032
.

DRE JUNIN                                                       CF391250
*CF UGEL CONCEPCION
RUC - 20188468706                                    1016307586-233007-1
DICIEMBRE - 2015  ACT/OCA                                     (1) Activo

Apellidos                    : SOVERO IBARRA
Nombres                      : NORMA
Fecha de Nacimiento          : 27/07/1956
Documento de Identidad       : (DNI o L.E.) 16307586
Establecimiento              : JNE. Nº 729 - ANDASCOCHAS
Cargo                        : PROFESOR
Tipo de Servidor             : DOCENTE NOMBRADO
Niv.Mag./Grupo Ocup./Horas   : 2/00- /30
Tiempo de Servicio (AA-MM-DD): 20-00-00
Fecha de Registro            : Ingr.:17/12/2015 Termino:17/12/2015
Cta. TeleAhorro o Nro. Cheque: CTA- 4576303144
Leyenda Permanente           : DS334 ATS 25AñOS
Regimen Pensionario          : Ley 19990
Cta. TeleAhorro o Nro. Cheque: CTA- 4576303144


========================================================================
+gratific    3,110.00













========================================================================
T-REMUN      3,110.00 T-DSCTO          0.00  T-LIQUI     3,110.00
MImponible       0.00
Mensajes  :
Visite la pagina Web del Ministerio de Educación : www.minedu.gob.pe.




                                                                00000033
.

DRE JUNIN                                                       CF392128
*CF UGEL CONCEPCION
RUC - 20188468706                                    1020403785-233002-1
DICIEMBRE - 2015  ACT/OCA                                     (1) Activo

Apellidos                    : NINANYA PANDO
Nombres                      : ZENAIDA LUZ
Fecha de Nacimiento          : 11/01/1961
Documento de Identidad       : (DNI o L.E.) 20403785
Establecimiento              : EEM. Nº 30297     COCHAS     COMAS
Cargo                        : TRAB.SERV.   II
Tipo de Servidor             : ADMINISTRATIVO NOMBRADO
Niv.Mag./Grupo Ocup./Horas   : 0/AE-E/40
Tiempo de Servicio (AA-MM-DD):  --
Fecha de Registro            : Ingr.:17/12/2015 Termino:17/12/2015
Cta. TeleAhorro o Nro. Cheque: CTA-
Leyenda Permanente           : RD1627-15 CTS
Reg.Pensionario : AFP Integra /522900ZNPAD2 CFija      :      0.00
                  FAfiliacion  : 01/01/1997 CVariable  :      0.00
                  FDevengue    : 01/01/2100 Seguro     :      0.00
Cta. TeleAhorro o Nro. Cheque: CTA-
========================================================================
+cts           657.27













========================================================================
T-REMUN        657.27 T-DSCTO          0.00  T-LIQUI       657.27
MImponible       0.00
Mensajes  :
Visite la pagina Web del Ministerio de Educación : www.minedu.gob.pe.




                                                                00000034
.

DRE JUNIN                                                       CF392131
*CF UGEL CONCEPCION
RUC - 20188468706                                    1019928977-233003-1
DICIEMBRE - 2015  ACT/OCA                                     (1) Activo

Apellidos                    : MELGAREJO ARENAS
Nombres                      : BLANCA ROSA
Fecha de Nacimiento          : 10/01/1950
Documento de Identidad       : (DNI o L.E.) 19928977
Establecimiento              : EEM. Nº 30300     COMAS
Cargo                        : PROF. DE AULA
Tipo de Servidor             : DOCENTE NOMBRADO
Niv.Mag./Grupo Ocup./Horas   : A/00- /30
Tiempo de Servicio (AA-MM-DD): 15-00-00
Fecha de Registro            : Ingr.:16/12/2015 Termino:16/12/2015
Cta. TeleAhorro o Nro. Cheque: CTA- 4382304212
Leyenda Permanente           : RD693-15 CTS
Reg.Pensionario : AFP Profutur/482710BMAGN3 CFija      :      0.00
                  FAfiliacion  : 04/04/1996 CVariable  :      0.00
                  FDevengue    : 04/04/1996 Seguro     :      0.00
Cta. TeleAhorro o Nro. Cheque: CTA- 4382304212
========================================================================
+cts         1,921.75













========================================================================
T-REMUN      1,921.75 T-DSCTO          0.00  T-LIQUI     1,921.75
MImponible       0.00
Mensajes  :
Visite la pagina Web del Ministerio de Educación : www.minedu.gob.pe.




                                                                00000035
.

DRE JUNIN                                                       CF392131
*CF UGEL CONCEPCION
RUC - 20188468706                                    1020438673-233003-1
DICIEMBRE - 2015  ACT/OCA                                     (1) Activo

Apellidos                    : PAUCAR LOROÑA
Nombres                      : FELIX
Fecha de Nacimiento          : 11/06/1957
Documento de Identidad       : (DNI o L.E.) 20438673
Establecimiento              : EEM. Nº 30300     COMAS
Cargo                        : PROF. DE AULA
Tipo de Servidor             : DOCENTE NOMBRADO
Niv.Mag./Grupo Ocup./Horas   : A/00- /30
Tiempo de Servicio (AA-MM-DD): 15-00-00
Fecha de Registro            : Ingr.:16/12/2015 Termino:16/12/2015
Cta. TeleAhorro o Nro. Cheque: CTA- 4382311286
Leyenda Permanente           : RD671-15CTS
Regimen Pensionario          : Ley 19990
Cta. TeleAhorro o Nro. Cheque: CTA- 4382311286


========================================================================
+cts         2,306.10













========================================================================
T-REMUN      2,306.10 T-DSCTO          0.00  T-LIQUI     2,306.10
MImponible       0.00
Mensajes  :
Visite la pagina Web del Ministerio de Educación : www.minedu.gob.pe.




                                                                00000036
.

DRE JUNIN                                                       CF392134
*CF UGEL CONCEPCION
RUC - 20188468706                                    1020422457-233005-1
DICIEMBRE - 2015  ACT/OCA                                     (1) Activo

Apellidos                    : ORTIZ MUÑOZ
Nombres                      : YOLANDA
Fecha de Nacimiento          : 17/02/1962
Documento de Identidad       : (DNI o L.E.) 20422457
Establecimiento              : EEM. Nº 30304     TUNZO  COMAS
Cargo                        : PROFESOR
Tipo de Servidor             : DOCENTE NOMBRADO
Niv.Mag./Grupo Ocup./Horas   : 2/00- /30
Tiempo de Servicio (AA-MM-DD): 20-00-00
Fecha de Registro            : Ingr.:17/12/2015 Termino:17/12/2015
Cta. TeleAhorro o Nro. Cheque: CTA- 4382313874
Leyenda Permanente           : DS334 SSL
Regimen Pensionario          : Ley 19990
Cta. TeleAhorro o Nro. Cheque: CTA- 4382313874


========================================================================
+sepelio     3,000.00













========================================================================
T-REMUN      3,000.00 T-DSCTO          0.00  T-LIQUI     3,000.00
MImponible       0.00
Mensajes  :
Visite la pagina Web del Ministerio de Educación : www.minedu.gob.pe.




                                                                00000037
.

DRE JUNIN                                                       CF392148
*CF UGEL CONCEPCION
RUC - 20188468706                                    1019992231-233002-1
DICIEMBRE - 2015  ACT/OCA                                     (1) Activo

Apellidos                    : BARRIOS ESTEBAN
Nombres                      : FLOR IMELDA
Fecha de Nacimiento          : 05/09/1965
Documento de Identidad       : (DNI o L.E.) 19992231
Establecimiento              : EEM. Nº 30380     PUQUIAN      COM
Cargo                        : PROF. DE AULA
Tipo de Servidor             : DOCENTE NOMBRADO
Niv.Mag./Grupo Ocup./Horas   : A/00- /30
Tiempo de Servicio (AA-MM-DD): 05-00-00
Fecha de Registro            : Ingr.:16/12/2015 Termino:16/12/2015
Cta. TeleAhorro o Nro. Cheque: CTA- 4382311995
Leyenda Permanente           : 1214-15
Regimen Pensionario          : Ley 19990
Cta. TeleAhorro o Nro. Cheque: CTA- 4382311995


========================================================================
+cts         1,691.14













========================================================================
T-REMUN      1,691.14 T-DSCTO          0.00  T-LIQUI     1,691.14
MImponible       0.00
Mensajes  :
Visite la pagina Web del Ministerio de Educación : www.minedu.gob.pe.




                                                                00000038
.

DRE JUNIN                                                       CF392154
*CF UGEL CONCEPCION
RUC - 20188468706                                    1019939817-233005-1
DICIEMBRE - 2015  ACT/OCA                                     (1) Activo

Apellidos                    : GOMEZ POMALAYA
Nombres                      : REEDI LEONCIO
Fecha de Nacimiento          : 11/05/1968
Documento de Identidad       : (DNI o L.E.) 19939817
Establecimiento              : EEM. Nº 30386     CHUICON
Cargo                        : PROF. DE AULA
Tipo de Servidor             : DOCENTE NOMBRADO
Niv.Mag./Grupo Ocup./Horas   : E/00- /30
Tiempo de Servicio (AA-MM-DD): 15-00-00
Fecha de Registro            : Ingr.:16/12/2015 Termino:16/12/2015
Cta. TeleAhorro o Nro. Cheque: CTA-
Leyenda Permanente           : RD698-15CTS
Reg.Pensionario : AFP Profutur/249671RGPEA8 CFija      :      0.00
                  FAfiliacion  : 09/02/1994 CVariable  :      0.00
                  FDevengue    : 09/02/1994 Seguro     :      0.00
Cta. TeleAhorro o Nro. Cheque: CTA-
========================================================================
+cts         1,877.25













========================================================================
T-REMUN      1,877.25 T-DSCTO          0.00  T-LIQUI     1,877.25
MImponible       0.00
Mensajes  :
Visite la pagina Web del Ministerio de Educación : www.minedu.gob.pe.




                                                                00000039
.

DRE JUNIN                                                       CF392161
*CF UGEL CONCEPCION
RUC - 20188468706                                    1019807937-233004-1
DICIEMBRE - 2015  ACT/OCA                                     (1) Activo

Apellidos                    : CASAS GONZALES
Nombres                      : EDWIN PATROCINIO
Fecha de Nacimiento          : 15/04/1960
Documento de Identidad       : (DNI o L.E.) 19807937
Establecimiento              : EEM. Nº 31184     VILLA MUCHCA
Cargo                        : PROF. DE AULA
Tipo de Servidor             : DOCENTE NOMBRADO
Niv.Mag./Grupo Ocup./Horas   : C/00- /30
Tiempo de Servicio (AA-MM-DD): 25-00-00
Fecha de Registro            : Ingr.:16/12/2015 Termino:16/12/2015
Cta. TeleAhorro o Nro. Cheque: CTA- 4382311677
Leyenda Permanente           : RD686-15CTS
Reg.Pensionario : AFP Profutur/520191ECGAZ0 CFija      :      0.00
                  FAfiliacion  : 07/09/1996 CVariable  :      0.00
                  FDevengue    : 26/06/1998 Seguro     :      0.00
Cta. TeleAhorro o Nro. Cheque: CTA- 4382311677
========================================================================
+cts         2,303.70













========================================================================
T-REMUN      2,303.70 T-DSCTO          0.00  T-LIQUI     2,303.70
MImponible       0.00
Mensajes  :
Visite la pagina Web del Ministerio de Educación : www.minedu.gob.pe.




                                                                00000040
.

DRE JUNIN                                                       CF392162
*CF UGEL CONCEPCION
RUC - 20188468706                                    1019851287-233003-1
DICIEMBRE - 2015  ACT/OCA                                     (1) Activo

Apellidos                    : PADILLA RIVERA
Nombres                      : LILI MARITZA
Fecha de Nacimiento          : 01/08/1961
Documento de Identidad       : (DNI o L.E.) 19851287
Establecimiento              : 31186
Cargo                        : PROFESOR
Tipo de Servidor             : DOCENTE NOMBRADO
Niv.Mag./Grupo Ocup./Horas   : 2/00- /30
Tiempo de Servicio (AA-MM-DD): 20-00-00
Fecha de Registro            : Ingr.:17/12/2015 Termino:17/12/2015
Cta. TeleAhorro o Nro. Cheque: CTA- 4381429623
Leyenda Permanente           : DS334ATS30AñOS
Regimen Pensionario          : Ley 19990
Cta. TeleAhorro o Nro. Cheque: CTA- 4381429623


========================================================================
+gratific    3,110.00













========================================================================
T-REMUN      3,110.00 T-DSCTO          0.00  T-LIQUI     3,110.00
MImponible       0.00
Mensajes  :
Visite la pagina Web del Ministerio de Educación : www.minedu.gob.pe.




                                                                00000041
.

DRE JUNIN                                                       CF392162
*CF UGEL CONCEPCION
RUC - 20188468706                                    1020641805-233002-1
DICIEMBRE - 2015  ACT/OCA                                     (1) Activo

Apellidos                    : URCO LANDEO
Nombres                      : MANOLO
Fecha de Nacimiento          : 08/12/1947
Documento de Identidad       : (DNI o L.E.) 20641805
Establecimiento              : 31186
Cargo                        : PROF. DE AULA
Tipo de Servidor             : DOCENTE NOMBRADO
Niv.Mag./Grupo Ocup./Horas   : E/00- /30
Tiempo de Servicio (AA-MM-DD):  --
Fecha de Registro            : Ingr.:16/12/2015 Termino:16/12/2015
Cta. TeleAhorro o Nro. Cheque: CTA- 4381182806
Leyenda Permanente           : RD691-15
Regimen Pensionario          : Ley 19990
Cta. TeleAhorro o Nro. Cheque: CTA- 4381182806


========================================================================
+cts         2,252.70













========================================================================
T-REMUN      2,252.70 T-DSCTO          0.00  T-LIQUI     2,252.70
MImponible       0.00
Mensajes  :
Visite la pagina Web del Ministerio de Educación : www.minedu.gob.pe.




                                                                00000042
.

DRE JUNIN                                                       CF392168
*CF UGEL CONCEPCION
RUC - 20188468706                                    1019900498-233003-2
DICIEMBRE - 2015  ACT/OCA                                     (1) Activo

Apellidos                    : CASALLO ALVARADO DE INGA
Nombres                      : BALVINA
Fecha de Nacimiento          : 22/03/1965
Documento de Identidad       : (DNI o L.E.) 19900082
Establecimiento              : EEM. Nº 31550     MUCHAC       COM
Cargo                        : PROF. DE AULA
Tipo de Servidor             : DOCENTE NOMBRADO
Niv.Mag./Grupo Ocup./Horas   : C/00- /30
Tiempo de Servicio (AA-MM-DD):  --
Fecha de Registro            : Ingr.:18/12/2015 Termino:18/12/2015
Cta. TeleAhorro o Nro. Cheque: CTA- 4382316296
Leyenda Permanente           : RD684-15CTS
Regimen Pensionario          : Ley 19990
Cta. TeleAhorro o Nro. Cheque: CTA- 4382316296


========================================================================
+cts           529.26













========================================================================
T-REMUN        529.26 T-DSCTO          0.00  T-LIQUI       529.26
MImponible       0.00
Mensajes  :
Visite la pagina Web del Ministerio de Educación : www.minedu.gob.pe.




                                                                00000043
.

DRE JUNIN                                                       CF392168
*CF UGEL CONCEPCION
RUC - 20188468706                                    1019900498-233003-1
DICIEMBRE - 2015  ACT/OCA                                     (1) Activo

Apellidos                    : INGA VASQUEZ
Nombres                      : ROLANDO FREDY
Fecha de Nacimiento          : 26/10/1963
Documento de Identidad       : (DNI o L.E.) 19900498
Establecimiento              : EEM. Nº 31550     MUCHAC       COM
Cargo                        : PROF. DE AULA
Tipo de Servidor             : DOCENTE NOMBRADO
Niv.Mag./Grupo Ocup./Horas   : C/00- /30
Tiempo de Servicio (AA-MM-DD):  --
Fecha de Registro            : Ingr.:16/12/2015 Termino:16/12/2015
Cta. TeleAhorro o Nro. Cheque: CTA- 4382312487
Leyenda Permanente           : RD684-15 CTS
Regimen Pensionario          : Ley 19990
Cta. TeleAhorro o Nro. Cheque: CTA- 4382312487


========================================================================
+cts         1,467.28













========================================================================
T-REMUN      1,467.28 T-DSCTO          0.00  T-LIQUI     1,467.28
MImponible       0.00
Mensajes  :
Visite la pagina Web del Ministerio de Educación : www.minedu.gob.pe.




                                                                00000044
.

DRE JUNIN                                                       CF392168
*CF UGEL CONCEPCION
RUC - 20188468706                                    1020415929-233003-1
DICIEMBRE - 2015  ACT/OCA                                     (1) Activo

Apellidos                    : MARTINEZ SANTA CRUZ
Nombres                      : ESTELITA EMILIANA
Fecha de Nacimiento          : 05/01/1959
Documento de Identidad       : (DNI o L.E.) 20415929
Establecimiento              : EEM. Nº 31550     MUCHAC       COM
Cargo                        : PROF. DE AULA
Tipo de Servidor             : DOCENTE NOMBRADO
Niv.Mag./Grupo Ocup./Horas   : A/00- /30
Tiempo de Servicio (AA-MM-DD): 20-00-00
Fecha de Registro            : Ingr.:16/12/2015 Termino:16/12/2015
Cta. TeleAhorro o Nro. Cheque: CTA- 4382312010
Leyenda Permanente           : RD673-15-CTS
Reg.Pensionario : AFP Profutur/215530EMSTT2 CFija      :      0.00
                  FAfiliacion  : 26/11/1993 CVariable  :      0.00
                  FDevengue    : 15/04/2004 Seguro     :      0.00
Cta. TeleAhorro o Nro. Cheque: CTA- 4382312010
========================================================================
+cts         1,921.75













========================================================================
T-REMUN      1,921.75 T-DSCTO          0.00  T-LIQUI     1,921.75
MImponible       0.00
Mensajes  :
Visite la pagina Web del Ministerio de Educación : www.minedu.gob.pe.




                                                                00000045
.

DRE JUNIN                                                       CF392171
*CF UGEL CONCEPCION
RUC - 20188468706                                    1019998571-233007-1
DICIEMBRE - 2015  ACT/OCA                                     (1) Activo

Apellidos                    : MUEDAS ADRIANO
Nombres                      : FRUCTUOSO
Fecha de Nacimiento          : 28/01/1946
Documento de Identidad       : (DNI o L.E.) 19998571
Establecimiento              : EEM. Nº 30906     LA LIBERTAD RUNA
Cargo                        : PROF. DE AULA
Tipo de Servidor             : DOCENTE NOMBRADO
Niv.Mag./Grupo Ocup./Horas   : C/00- /30
Tiempo de Servicio (AA-MM-DD): 30-00-00
Fecha de Registro            : Ingr.:16/12/2015 Termino:16/12/2015
Cta. TeleAhorro o Nro. Cheque: CTA- 4382312533
Leyenda Permanente           : RD690-15CTS
Regimen Pensionario          : Ley 20530
Cta. TeleAhorro o Nro. Cheque: CTA- 4382312533


========================================================================
+cts         2,303.70













========================================================================
T-REMUN      2,303.70 T-DSCTO          0.00  T-LIQUI     2,303.70
MImponible       0.00
Mensajes  :
Visite la pagina Web del Ministerio de Educación : www.minedu.gob.pe.




                                                                00000046
.

DRE JUNIN                                                       CF393172
*CF UGEL CONCEPCION
RUC - 20188468706                                    1019878806-233004-1
DICIEMBRE - 2015  ACT/OCA                                     (1) Activo

Apellidos                    : SANTANA JESUS
Nombres                      : PEDRO PABLO
Fecha de Nacimiento          : 29/06/1950
Documento de Identidad       : (DNI o L.E.) 19878806
Establecimiento              : CEM. "APU INCA               COMAS
Cargo                        : PROF. POR HORA
Tipo de Servidor             : DOCENTE NOMBRADO
Niv.Mag./Grupo Ocup./Horas   : B/00- /24
Tiempo de Servicio (AA-MM-DD): 30-00-00
Fecha de Registro            : Ingr.:16/12/2015 Termino:16/12/2015
Cta. TeleAhorro o Nro. Cheque: CTA- 4382312762
Leyenda Permanente           : 1216-15
Regimen Pensionario          : Ley 19990
Cta. TeleAhorro o Nro. Cheque: CTA- 4382312762


========================================================================
+cts         2,255.40













========================================================================
T-REMUN      2,255.40 T-DSCTO          0.00  T-LIQUI     2,255.40
MImponible       0.00
Mensajes  :
Visite la pagina Web del Ministerio de Educación : www.minedu.gob.pe.




                                                                00000047
.

DRE JUNIN                                                       CF393173
*CF UGEL CONCEPCION
RUC - 20188468706                                    1020422430-233004-1
DICIEMBRE - 2015  ACT/OCA                                     (1) Activo

Apellidos                    : ORTIZ MUÑOZ
Nombres                      : ALCIDES VICTOR
Fecha de Nacimiento          : 02/11/1959
Documento de Identidad       : (DNI o L.E.) 20422430
Establecimiento              : CEM. "RAMON CASTILLA         COCHA
Cargo                        : PROFESOR
Tipo de Servidor             : DOCENTE NOMBRADO
Niv.Mag./Grupo Ocup./Horas   : 3/00- /26
Tiempo de Servicio (AA-MM-DD): 20-00-00
Fecha de Registro            : Ingr.:17/12/2015 Termino:17/12/2015
Cta. TeleAhorro o Nro. Cheque: CTA- 4381129204
Leyenda Permanente           : DS334 SSL
Regimen Pensionario          : Ley 19990
Cta. TeleAhorro o Nro. Cheque: CTA- 4381129204


========================================================================
+sepelio     3,000.00













========================================================================
T-REMUN      3,000.00 T-DSCTO          0.00  T-LIQUI     3,000.00
MImponible       0.00
Mensajes  :
Visite la pagina Web del Ministerio de Educación : www.minedu.gob.pe.




                                                                00000048
.

DRE JUNIN                                                       CF393175
*CF UGEL CONCEPCION
RUC - 20188468706                                    1020401364-233002-1
DICIEMBRE - 2015  ACT/OCA                                     (1) Activo

Apellidos                    : PALOMINO INGA
Nombres                      : ORLANDO RUDY
Fecha de Nacimiento          : 14/05/1960
Documento de Identidad       : (DNI o L.E.) 20401364
Establecimiento              : CEM. "MIGUEL GRAU            MUCLL
Cargo                        : PROF. POR HORA
Tipo de Servidor             : DOCENTE NOMBRADO
Niv.Mag./Grupo Ocup./Horas   : C/00- /24
Tiempo de Servicio (AA-MM-DD):  --
Fecha de Registro            : Ingr.:16/12/2015 Termino:16/12/2015
Cta. TeleAhorro o Nro. Cheque: CTA- 4382313025
Leyenda Permanente           : RD688-15CTS
Regimen Pensionario          : Ley 19990
Cta. TeleAhorro o Nro. Cheque: CTA- 4382313025


========================================================================
+cts         2,254.20













========================================================================
T-REMUN      2,254.20 T-DSCTO          0.00  T-LIQUI     2,254.20
MImponible       0.00
Mensajes  :
Visite la pagina Web del Ministerio de Educación : www.minedu.gob.pe.




                                                                00000049
.

DRE JUNIN                                                       CF393235
*CF UGEL CONCEPCION
RUC - 20188468706                                    1019902567-233005-1
DICIEMBRE - 2015  ACT/OCA                                     (1) Activo

Apellidos                    : ORCON PAUCAR
Nombres                      : FELIX DIONISIO
Fecha de Nacimiento          : 16/03/1949
Documento de Identidad       : (DNI o L.E.) 19902567
Establecimiento              : I.E. JOSE MARIA ARGUEDAS
Cargo                        : PROFESOR
Tipo de Servidor             : DOCENTE NOMBRADO
Niv.Mag./Grupo Ocup./Horas   : 3/00- /24
Tiempo de Servicio (AA-MM-DD): 25-00-00
Fecha de Registro            : Ingr.:16/12/2015 Termino:16/12/2015
Cta. TeleAhorro o Nro. Cheque: CTA-
Leyenda Permanente           : RD1094CTS
Regimen Pensionario          : Ley 19990
Cta. TeleAhorro o Nro. Cheque: CTA-


========================================================================
+cts         6,226.08













========================================================================
T-REMUN      6,226.08 T-DSCTO          0.00  T-LIQUI     6,226.08
MImponible       0.00
Mensajes  :
Visite la pagina Web del Ministerio de Educación : www.minedu.gob.pe.




                                                                00000050
.

DRE JUNIN                                                       CF402188
*CF UGEL CONCEPCION
RUC - 20188468706                                    1020702256-233003-1
DICIEMBRE - 2015  ACT/OCA                                     (1) Activo

Apellidos                    : NINAHUANCA ARIAS
Nombres                      : FELIPE ESAU
Fecha de Nacimiento          : 26/05/1943
Documento de Identidad       : (DNI o L.E.) 20702256
Establecimiento              : EEM. Nº 30296  ANTACALLA       AND
Cargo                        : PROFESOR
Tipo de Servidor             : DOCENTE NOMBRADO
Niv.Mag./Grupo Ocup./Horas   : 1/00- /30
Tiempo de Servicio (AA-MM-DD):  --
Fecha de Registro            : Ingr.:17/12/2014 Termino:17/12/2014
Cta. TeleAhorro o Nro. Cheque: CTA-
Leyenda Permanente           : RD.373/CANC-CTS
Regimen Pensionario          : Ley 19990
Cta. TeleAhorro o Nro. Cheque: CTA-


========================================================================
+cts         3,580.95













========================================================================
T-REMUN      3,580.95 T-DSCTO          0.00  T-LIQUI     3,580.95
MImponible       0.00
Mensajes  :
Visite la pagina Web del Ministerio de Educación : www.minedu.gob.pe.




                                                                00000051
.

DRE JUNIN                                                       CF402197
*CF UGEL CONCEPCION
RUC - 20188468706                                    1019903093-233002-1
DICIEMBRE - 2015  ACT/OCA                                     (1) Activo

Apellidos                    : ALIAGA VERA
Nombres                      : OLIMPIO
Fecha de Nacimiento          : 15/04/1966
Documento de Identidad       : (DNI o L.E.) 19903093
Establecimiento              : I.E. 30352  HUANUCO         ANDAMA
Cargo                        : PROF. DE AULA
Tipo de Servidor             : DOCENTE NOMBRADO
Niv.Mag./Grupo Ocup./Horas   : C/00- /30
Tiempo de Servicio (AA-MM-DD): 05-00-00
Fecha de Registro            : Ingr.:16/12/2015 Termino:16/12/2015
Cta. TeleAhorro o Nro. Cheque: CTA- 4382314250
Leyenda Permanente           : 701-15
Reg.Pensionario : AFP Profutur/242101OAVAA2 CFija      :      0.00
                  FAfiliacion  : 08/04/1994 CVariable  :      0.00
                  FDevengue    : 15/04/2004 Seguro     :      0.00
Cta. TeleAhorro o Nro. Cheque: CTA- 4382314250
========================================================================
+cts         1,996.54













========================================================================
T-REMUN      1,996.54 T-DSCTO          0.00  T-LIQUI     1,996.54
MImponible       0.00
Mensajes  :
Visite la pagina Web del Ministerio de Educación : www.minedu.gob.pe.




                                                                00000052
.

DRE JUNIN                                                       CF402199
*CF UGEL CONCEPCION
RUC - 20188468706                                    1019968516-233003-1
DICIEMBRE - 2015  ACT/OCA                                     (1) Activo

Apellidos                    : GUERRA CANCHANYA
Nombres                      : RODOLFO VICTOR
Fecha de Nacimiento          : 20/03/1953
Documento de Identidad       : (DNI o L.E.) 19968516
Establecimiento              : EEM. Nº 30354  CAÑA            AND
Cargo                        : PROF. DE AULA
Tipo de Servidor             : DOCENTE NOMBRADO
Niv.Mag./Grupo Ocup./Horas   : C/00- /30
Tiempo de Servicio (AA-MM-DD): 10-00-00
Fecha de Registro            : Ingr.:16/12/2015 Termino:16/12/2015
Cta. TeleAhorro o Nro. Cheque: CTA- 4381106352
Leyenda Permanente           : RD697-15CTS
Reg.Pensionario : AFP Integra /494361RGCRC0 CFija      :      0.00
                  FAfiliacion  : 03/10/1996 CVariable  :      0.00
                  FDevengue    : 15/04/2004 Seguro     :      0.00
Cta. TeleAhorro o Nro. Cheque: CTA- 4381106352
========================================================================
+cts         2,303.70













========================================================================
T-REMUN      2,303.70 T-DSCTO          0.00  T-LIQUI     2,303.70
MImponible       0.00
Mensajes  :
Visite la pagina Web del Ministerio de Educación : www.minedu.gob.pe.




                                                                00000053
.

DRE JUNIN                                                       CF402211
*CF UGEL CONCEPCION
RUC - 20188468706                                    1028443555-233003-2
DICIEMBRE - 2015  ACT/OCA                                     (1) Activo

Apellidos                    : CARDENAS BRICEÑO
Nombres                      : HILDA
Fecha de Nacimiento          : 10/06/1967
Documento de Identidad       : (DNI o L.E.) 20033474
Establecimiento              : EEM. Nº 31223   LIBERTAD TUMBO  AN
Cargo                        : PROF. DE AULA
Tipo de Servidor             : DOCENTE NOMBRADO
Niv.Mag./Grupo Ocup./Horas   : C/00- /30
Tiempo de Servicio (AA-MM-DD): 10-00-00
Fecha de Registro            : Ingr.:18/12/2015 Termino:18/12/2015
Cta. TeleAhorro o Nro. Cheque: CTA- 4381124040
Leyenda Permanente           : RD699-15CTS
Reg.Pensionario : AFP Integra /236171HGOAE5 CFija      :      0.00
                  FAfiliacion  : 14/11/1994 CVariable  :      0.00
                  FDevengue    : 15/04/2004 Seguro     :      0.00
Cta. TeleAhorro o Nro. Cheque: CTA- 4381124040
========================================================================
+cts           829.33













========================================================================
T-REMUN        829.33 T-DSCTO          0.00  T-LIQUI       829.33
MImponible       0.00
Mensajes  :
Visite la pagina Web del Ministerio de Educación : www.minedu.gob.pe.




                                                                00000054
.

DRE JUNIN                                                       CF402211
*CF UGEL CONCEPCION
RUC - 20188468706                                    1028443555-233003-1
DICIEMBRE - 2015  ACT/OCA                                     (1) Activo

Apellidos                    : GALARZA ORTEGA
Nombres                      : HUGO
Fecha de Nacimiento          : 16/08/1964
Documento de Identidad       : (DNI o L.E.) 28443555
Establecimiento              : EEM. Nº 31223   LIBERTAD TUMBO  AN
Cargo                        : PROF. DE AULA
Tipo de Servidor             : DOCENTE NOMBRADO
Niv.Mag./Grupo Ocup./Horas   : C/00- /30
Tiempo de Servicio (AA-MM-DD): 10-00-00
Fecha de Registro            : Ingr.:16/12/2015 Termino:16/12/2015
Cta. TeleAhorro o Nro. Cheque: CTA- 4381116978
Leyenda Permanente           : RD699-15CTS
Reg.Pensionario : AFP Integra /236171HGOAE5 CFija      :      0.00
                  FAfiliacion  : 14/11/1994 CVariable  :      0.00
                  FDevengue    : 15/04/2004 Seguro     :      0.00
Cta. TeleAhorro o Nro. Cheque: CTA- 4381116978
========================================================================
+cts         1,013.63













========================================================================
T-REMUN      1,013.63 T-DSCTO          0.00  T-LIQUI     1,013.63
MImponible       0.00
Mensajes  :
Visite la pagina Web del Ministerio de Educación : www.minedu.gob.pe.




                                                                00000055
.

DRE JUNIN                                                       CF403223
*CF UGEL CONCEPCION
RUC - 20188468706                                    1020410042-233005-1
DICIEMBRE - 2015  ACT/OCA                                     (1) Activo

Apellidos                    : HUAYCAÑE ENRIQUE
Nombres                      : FELIX ANGEL
Fecha de Nacimiento          : 30/05/1947
Documento de Identidad       : (DNI o L.E.) 20410042
Establecimiento              : CEM. "MANUEL GONZALES PRAGA  PUCAC
Cargo                        : PROFESOR
Tipo de Servidor             : DOCENTE NOMBRADO
Niv.Mag./Grupo Ocup./Horas   : 2/00- /24
Tiempo de Servicio (AA-MM-DD):  --
Fecha de Registro            : Ingr.:18/12/2014 Termino:18/12/2014
Cta. TeleAhorro o Nro. Cheque: CTA-
Leyenda Permanente           : RD.864.13
Regimen Pensionario          : Ley 19990
Cta. TeleAhorro o Nro. Cheque: CTA-


========================================================================
+cts         2,795.25













========================================================================
T-REMUN      2,795.25 T-DSCTO          0.00  T-LIQUI     2,795.25
MImponible       0.00
Mensajes  :
Visite la pagina Web del Ministerio de Educación : www.minedu.gob.pe.




                                                                00000056
.

DRE JUNIN                                                       CF403245
*CF UGEL CONCEPCION
RUC - 20188468706                                    1020410057-233004-1
DICIEMBRE - 2015  ACT/OCA                                     (1) Activo

Apellidos                    : ARTICA ENRIQUE
Nombres                      : MAURO OSWALDO
Fecha de Nacimiento          : 05/08/1958
Documento de Identidad       : (DNI o L.E.) 20410057
Establecimiento              : CEM. "UYO" - ANDAMARCA
Cargo                        : PROF. POR HORA
Tipo de Servidor             : DOCENTE NOMBRADO
Niv.Mag./Grupo Ocup./Horas   : A/00- /24
Tiempo de Servicio (AA-MM-DD): 20-00-00
Fecha de Registro            : Ingr.:16/12/2015 Termino:16/12/2015
Cta. TeleAhorro o Nro. Cheque: CTA- 4382313556
Leyenda Permanente           : 1212-15
Regimen Pensionario          : Ley 19990
Cta. TeleAhorro o Nro. Cheque: CTA- 4382313556


========================================================================
+cts         1,955.20













========================================================================
T-REMUN      1,955.20 T-DSCTO          0.00  T-LIQUI     1,955.20
MImponible       0.00
Mensajes  :
Visite la pagina Web del Ministerio de Educación : www.minedu.gob.pe.




                                                                00000057
.
