
DRE JUNIN                                                       CL150760
*CL UGEL CHUPACA
RUC - 20188468706                                    1019944547-239002-1
ENERO - 2008  ACT/JUD                                         (1) Activo

Apellidos                    : ROJAS ARAUCO
Nombres                      : EMILIANA
Fecha de Nacimiento          : 01/01/1990
Documento de Identidad       : (DNI o L.E.)
Establecimiento              : AREA DE DESARROLLO EDUCATIVO DE CH
Fecha de Registro            : Ingr.:01/01/1990 Termino:31/12/2999
Cta. TeleAhorro o Nro. Cheque: CTA- 4381174676
Leyenda Permanente           : .
Demandado                    : LARA PEREZ ROQUE GLICERIO
Cargo                        : TEC.ADM.      I
Tipo de Servidor             : ADMINISTRATIVO NOMBRADO
Niv.Mag./Grupo Ocup./Horas   : 0/TA-A/40
Tiempo de Servicio (AA-MM-DD): 20-00-00
Reg.Pensionario : AFP Profutur/506811RLPAE7 CFija      :      0.00
                  FAfiliacion  : 23/04/1996 CVariable  :      0.00
                  FDevengue    : 09/07/1996 Seguro     :      0.00
========================================================================
+djudicia       30.00













========================================================================
T-REMUN         30.00 T-DSCTO          0.00  T-LIQUI        30.00
MImponible       0.00
Mensajes  :
Visite la pagina Web del Ministerio de Educación : www.minedu.gob.pe.




                                                                00000001
.

DRE JUNIN                                                       CL152235
*CL UGEL CHUPACA
RUC - 20188468706                                    1019904933-239002-1
ENERO - 2008  ACT/JUD                                         (1) Activo

Apellidos                    : CONDEZO ALIAGA
Nombres                      : OVALDINA CANDELARIA
Fecha de Nacimiento          : 01/01/1990
Documento de Identidad       : (DNI o L.E.)
Establecimiento              : EEM. Nº 30063 - AHUAC
Fecha de Registro            : Ingr.:01/01/1990 Termino:31/12/2999
Cta. TeleAhorro o Nro. Cheque: CTA- 4381593784
Leyenda Permanente           : .
Demandado                    : CAMAYO PIÑAS LUIS LEONIDAS
Cargo                        : DIRECTOR C.E
Tipo de Servidor             : DOCENTE NOMBRADO
Niv.Mag./Grupo Ocup./Horas   : 3/00- /40
Tiempo de Servicio (AA-MM-DD): 20-00-00
Reg.Pensionario : AFP Prima   /517291LCPAA5 CFija      :      0.00
                  FAfiliacion  : 30/05/1996 CVariable  :      0.00
                  FDevengue    : 30/05/1996 Seguro     :      0.00
========================================================================
+djudicia      105.00













========================================================================
T-REMUN        105.00 T-DSCTO          0.00  T-LIQUI       105.00
MImponible       0.00
Mensajes  :
Visite la pagina Web del Ministerio de Educación : www.minedu.gob.pe.




                                                                00000002
.

DRE JUNIN                                                       CL152245
*CL UGEL CHUPACA
RUC - 20188468706                                    1020005966-239001-2
ENERO - 2008  ACT/JUD                                         (1) Activo

Apellidos                    : CHAMBERGO GUERRERO
Nombres                      : ELIANA
Fecha de Nacimiento          :
Documento de Identidad       : (DNI o L.E.) 80633637
Establecimiento              : EEM. Nº 30065 - HUARISCA
Fecha de Registro            : Ingr.:01/06/2006 Termino:31/12/2999
Cta. TeleAhorro o Nro. Cheque: CTA- 4470003419
Leyenda Permanente           : 40%+ BEA
Demandado                    : VALENTIN MENDOZA RUBEN MARIO
Cargo                        : DIRECTOR C.E
Tipo de Servidor             : DOCENTE NOMBRADO
Niv.Mag./Grupo Ocup./Horas   : 2/00- /40
Tiempo de Servicio (AA-MM-DD): 14-00-00
Regimen Pensionario          : Ley 19990
Cta. TeleAhorro o Nro. Cheque: CTA- 4470003419

========================================================================
+djudicia      120.00













========================================================================
T-REMUN        120.00 T-DSCTO          0.00  T-LIQUI       120.00
MImponible       0.00
Mensajes  :
Visite la pagina Web del Ministerio de Educación : www.minedu.gob.pe.




                                                                00000003
.

DRE JUNIN                                                       CL152290
*CL UGEL CHUPACA
RUC - 20188468706                                    1019935344-239002-1
ENERO - 2008  ACT/JUD                                         (1) Activo

Apellidos                    : CUADROS TUPA DE ALIAGA
Nombres                      : JULIA MARIA
Fecha de Nacimiento          : 01/01/1990
Documento de Identidad       : (DNI o L.E.) 19935445
Establecimiento              : EEM. Nº 30074 "SEÑOR DE LOS MILAGR
Fecha de Registro            : Ingr.:01/01/1990 Termino:31/12/2999
Cta. TeleAhorro o Nro. Cheque: CTA- 4381173297
Leyenda Permanente           : .
Demandado                    : ALIAGA GUTIERREZ WALTER TOMAS
Cargo                        : TRAB.SERV.   II
Tipo de Servidor             : ADMINISTRATIVO NOMBRADO
Niv.Mag./Grupo Ocup./Horas   : 0/AB-B/40
Tiempo de Servicio (AA-MM-DD): 15-00-00
Reg.Pensionario : AFP Profutur/506061WAGAI5 CFija      :      0.00
                  FAfiliacion  : 08/09/1998 CVariable  :      0.00
                  FDevengue    : 08/09/1998 Seguro     :      0.00
========================================================================
+djudicia      120.00













========================================================================
T-REMUN        120.00 T-DSCTO          0.00  T-LIQUI       120.00
MImponible       0.00
Mensajes  :
Visite la pagina Web del Ministerio de Educación : www.minedu.gob.pe.




                                                                00000004
.

DRE JUNIN                                                       CL152315
*CL UGEL CHUPACA
RUC - 20188468706                                    1019805088-239002-1
ENERO - 2008  ACT/JUD                                         (1) Activo

Apellidos                    : GARCIA CORZO
Nombres                      : FELICITA HILDA
Fecha de Nacimiento          : 16/03/1955
Documento de Identidad       : (DNI o L.E.) 19888378
Establecimiento              : EEM. Nº 30080 - HUAMANCACA CHICO
Fecha de Registro            : Ingr.:17/08/2005 Termino:31/12/2999
Cta. TeleAhorro o Nro. Cheque: CTA- 4381438657
Leyenda Permanente           : OF 883/1529-35%
Demandado                    : GAMARRA BEJARANO ROBERTO
Cargo                        : DIRECTOR C.E
Tipo de Servidor             : DOCENTE NOMBRADO
Niv.Mag./Grupo Ocup./Horas   : 3/00- /40
Tiempo de Servicio (AA-MM-DD): 20-00-00
Regimen Pensionario          : Ley 19990
Cta. TeleAhorro o Nro. Cheque: CTA- 4381438657

========================================================================
+djudicia      105.00













========================================================================
T-REMUN        105.00 T-DSCTO          0.00  T-LIQUI       105.00
MImponible       0.00
Mensajes  :
Visite la pagina Web del Ministerio de Educación : www.minedu.gob.pe.




                                                                00000005
.

DRE JUNIN                                                       CL152315
*CL UGEL CHUPACA
RUC - 20188468706                                    1020011077-239002-1
ENERO - 2008  ACT/JUD                                         (1) Activo

Apellidos                    : NINAMANGO MONTES
Nombres                      : ANYELA KARINA
Fecha de Nacimiento          : 01/01/1990
Documento de Identidad       : (DNI o L.E.)
Establecimiento              : EEM. Nº 30080 - HUAMANCACA CHICO
Fecha de Registro            : Ingr.:01/01/1990 Termino:31/12/2999
Cta. TeleAhorro o Nro. Cheque: CTA- 4381118245
Leyenda Permanente           : .
Demandado                    : NINAMANGO PINTO JOSE RODOLFO
Cargo                        : PROF. DE AULA
Tipo de Servidor             : DOCENTE NOMBRADO
Niv.Mag./Grupo Ocup./Horas   : E/00- /30
Tiempo de Servicio (AA-MM-DD): 15-00-00
Reg.Pensionario : AFP Prima   /499351JNPAT8 CFija      :      0.00
                  FAfiliacion  : 02/04/1996 CVariable  :      0.00
                  FDevengue    : 02/04/1996 Seguro     :      0.00
========================================================================
+djudicia      120.00













========================================================================
T-REMUN        120.00 T-DSCTO          0.00  T-LIQUI       120.00
MImponible       0.00
Mensajes  :
Visite la pagina Web del Ministerio de Educación : www.minedu.gob.pe.




                                                                00000006
.

DRE JUNIN                                                       CL152320
*CL UGEL CHUPACA
RUC - 20188468706                                    1019986511-239002-1
ENERO - 2008  ACT/JUD                                         (1) Activo

Apellidos                    : RAMIREZ NESTARES
Nombres                      : ALBERTA CORINA
Fecha de Nacimiento          : 17/02/1966
Documento de Identidad       : (DNI o L.E.) 19805052
Establecimiento              : EEM. Nº 30081 - HUAMANCACA CHICO
Fecha de Registro            : Ingr.:07/03/2005 Termino:31/12/2999
Cta. TeleAhorro o Nro. Cheque: CTA- 4381514671
Leyenda Permanente           : OF Nº 231/423
Demandado                    : VERA IRIARTE JOHN FELIX
Cargo                        : PROF. DE AULA
Tipo de Servidor             : DOCENTE NOMBRADO
Niv.Mag./Grupo Ocup./Horas   : 2/00- /30
Tiempo de Servicio (AA-MM-DD): 05-00-00
Regimen Pensionario          : Ley 19990
Cta. TeleAhorro o Nro. Cheque: CTA- 4381514671

========================================================================
+djudicia       84.00













========================================================================
T-REMUN         84.00 T-DSCTO          0.00  T-LIQUI        84.00
MImponible       0.00
Mensajes  :
Visite la pagina Web del Ministerio de Educación : www.minedu.gob.pe.




                                                                00000007
.

DRE JUNIN                                                       CL152355
*CL UGEL CHUPACA
RUC - 20188468706                                    1020983714-239002-1
ENERO - 2008  ACT/JUD                                         (1) Activo

Apellidos                    : RODRIGUEZ MUÑOZ
Nombres                      : CUSTODIO ELEUTERIO
Fecha de Nacimiento          : 01/01/1990
Documento de Identidad       : (DNI o L.E.)
Establecimiento              : EEM. Nº 30098 - YANACANCHA
Fecha de Registro            : Ingr.:01/01/1990 Termino:31/12/2999
Cta. TeleAhorro o Nro. Cheque: CTA- 4473317929
Leyenda Permanente           : .
Demandado                    : VASQUEZ DE RODRIGUEZ CARMEN
Cargo                        : PROF. DE AULA
Tipo de Servidor             : DOCENTE NOMBRADO
Niv.Mag./Grupo Ocup./Horas   : 2/00- /30
Tiempo de Servicio (AA-MM-DD): 0--
Reg.Pensionario : AFP Profutur/206950CVOQH5 CFija      :      0.00
                  FAfiliacion  : 04/02/1994 CVariable  :      0.00
                  FDevengue    : 04/02/1994 Seguro     :      0.00
========================================================================
+djudicia       45.00













========================================================================
T-REMUN         45.00 T-DSCTO          0.00  T-LIQUI        45.00
MImponible       0.00
Mensajes  :
Visite la pagina Web del Ministerio de Educación : www.minedu.gob.pe.




                                                                00000008
.

DRE JUNIN                                                       CL152405
*CL UGEL CHUPACA
RUC - 20188468706                                    1019901654-239002-1
ENERO - 2008  ACT/JUD                                         (1) Activo

Apellidos                    : MARQUEZ LAZO
Nombres                      : SAHARA DORCAS
Fecha de Nacimiento          : 01/01/1990
Documento de Identidad       : (DNI o L.E.)
Establecimiento              : EEM. Nº 30108 - BUENOS AIRES
Fecha de Registro            : Ingr.:01/01/1990 Termino:31/12/2999
Cta. TeleAhorro o Nro. Cheque: CTA- 4381176377
Leyenda Permanente           : .
Demandado                    : CASAS QUIÑONES EMILIANO NEMESIO
Cargo                        : DIRECTOR C.E
Tipo de Servidor             : DOCENTE NOMBRADO
Niv.Mag./Grupo Ocup./Horas   : 3/00- /40
Tiempo de Servicio (AA-MM-DD): 20-00-00
Regimen Pensionario          : Ley 19990
Cta. TeleAhorro o Nro. Cheque: CTA- 4381176377

========================================================================
+djudicia       39.00













========================================================================
T-REMUN         39.00 T-DSCTO          0.00  T-LIQUI        39.00
MImponible       0.00
Mensajes  :
Visite la pagina Web del Ministerio de Educación : www.minedu.gob.pe.




                                                                00000009
.

DRE JUNIN                                                       CL152445
*CL UGEL CHUPACA
RUC - 20188468706                                    1019900417-239002-1
ENERO - 2008  ACT/JUD                                         (1) Activo

Apellidos                    : ALIAGA VARGAS
Nombres                      : LOURDES
Fecha de Nacimiento          : 01/05/1966
Documento de Identidad       : (DNI o L.E.) 19900352
Establecimiento              : EEM. Nº 30121 - ACHIPAMPA
Fecha de Registro            : Ingr.:01/01/1990 Termino:31/12/2999
Cta. TeleAhorro o Nro. Cheque: CTA- 4473312412
Leyenda Permanente           : .
Demandado                    : RODRIGUEZ ZENTENO POMPEYO NICASIO
Cargo                        : PROF. DE AULA
Tipo de Servidor             : DOCENTE NOMBRADO
Niv.Mag./Grupo Ocup./Horas   : 2/00- /30
Tiempo de Servicio (AA-MM-DD): 10-00-00
Reg.Pensionario : AFP Integra /526271PRZRT5 CFija      :      0.00
                  FAfiliacion  : 15/02/1997 CVariable  :      0.00
                  FDevengue    : 15/02/1997 Seguro     :      0.00
========================================================================
+djudicia       90.00













========================================================================
T-REMUN         90.00 T-DSCTO          0.00  T-LIQUI        90.00
MImponible       0.00
Mensajes  :
Visite la pagina Web del Ministerio de Educación : www.minedu.gob.pe.




                                                                00000010
.

DRE JUNIN                                                       CL152505
*CL UGEL CHUPACA
RUC - 20188468706                                    1019992965-239001-1
ENERO - 2008  ACT/JUD                                         (1) Activo

Apellidos                    : CHANCAVILCA QUISPE
Nombres                      : LIDIA
Fecha de Nacimiento          :
Documento de Identidad       : (DNI o L.E.) 23203862
Establecimiento              : EEM. Nº 30331 - CHALANUEVA
Fecha de Registro            : Ingr.:01/04/2006 Termino:31/12/2999
Cta. TeleAhorro o Nro. Cheque: CTA- 4473326456
Leyenda Permanente           : 15% con benef
Demandado                    : CHAUPIS LLACTA WILMER GUSTAVO
Cargo                        : PROF. DE AULA
Tipo de Servidor             : DOCENTE NOMBRADO
Niv.Mag./Grupo Ocup./Horas   : 3/00- /30
Tiempo de Servicio (AA-MM-DD): 20-00-00
Reg.Pensionario : AFP Profutur/521691WCLUC0 CFija      :      0.00
                  FAfiliacion  : 09/08/1996 CVariable  :      0.00
                  FDevengue    : 09/08/1996 Seguro     :      0.00
========================================================================
+djudicia       45.00













========================================================================
T-REMUN         45.00 T-DSCTO          0.00  T-LIQUI        45.00
MImponible       0.00
Mensajes  :
Visite la pagina Web del Ministerio de Educación : www.minedu.gob.pe.




                                                                00000011
.

DRE JUNIN                                                       CL152505
*CL UGEL CHUPACA
RUC - 20188468706                                    1019867819-239002-2
ENERO - 2008  ACT/JUD                                         (1) Activo

Apellidos                    : RIOS DE CANCHANYA
Nombres                      : MARCELINA
Fecha de Nacimiento          : 01/01/1990
Documento de Identidad       : (DNI o L.E.) 00000000000
Establecimiento              : EEM. Nº 30331 - CHALANUEVA
Fecha de Registro            : Ingr.:09/05/2006 Termino:31/12/2999
Cta. TeleAhorro o Nro. Cheque: CTA- 4381194898
Leyenda Permanente           : OF.013-06-CON
Demandado                    : CANCHANYA RIOS HERACLIDES
Cargo                        : PROF. DE AULA
Tipo de Servidor             : DOCENTE NOMBRADO
Niv.Mag./Grupo Ocup./Horas   : 2/00- /30
Tiempo de Servicio (AA-MM-DD): 05-00-00
Regimen Pensionario          : Ley 19990
Cta. TeleAhorro o Nro. Cheque: CTA- 4381194898

========================================================================
+djudicia      105.00













========================================================================
T-REMUN        105.00 T-DSCTO          0.00  T-LIQUI       105.00
MImponible       0.00
Mensajes  :
Visite la pagina Web del Ministerio de Educación : www.minedu.gob.pe.




                                                                00000012
.

DRE JUNIN                                                       CL152520
*CL UGEL CHUPACA
RUC - 20188468706                                    1019934807-239002-3
ENERO - 2008  ACT/JUD                                         (1) Activo

Apellidos                    : MACURI FERNANDEZ
Nombres                      : ESTHER NECIDA
Fecha de Nacimiento          : 01/01/1990
Documento de Identidad       : (DNI o L.E.) 19934718
Establecimiento              : EEM. Nº 30335 - SAN JOSE DE QUERO
Fecha de Registro            : Ingr.:01/01/1990 Termino:31/12/2999
Cta. TeleAhorro o Nro. Cheque: CTA- 4381177942
Leyenda Permanente           : 50% C/BEA
Demandado                    : VILCHEZ HUAMAN GUMERCINDO
Cargo                        : PROF. DE AULA
Tipo de Servidor             : DOCENTE NOMBRADO
Niv.Mag./Grupo Ocup./Horas   : 2/00- /30
Tiempo de Servicio (AA-MM-DD): 10-00-00
Regimen Pensionario          : Ley 19990
Cta. TeleAhorro o Nro. Cheque: CTA- 4381177942

========================================================================
+djudicia      150.00













========================================================================
T-REMUN        150.00 T-DSCTO          0.00  T-LIQUI       150.00
MImponible       0.00
Mensajes  :
Visite la pagina Web del Ministerio de Educación : www.minedu.gob.pe.




                                                                00000013
.

DRE JUNIN                                                       CL152520
*CL UGEL CHUPACA
RUC - 20188468706                                    1019934807-239002-2
ENERO - 2008  ACT/JUD                                         (1) Activo

Apellidos                    : PEÑA PRIETO
Nombres                      : DORA SARA
Fecha de Nacimiento          : 01/01/1990
Documento de Identidad       : (DNI o L.E.) 00000000000
Establecimiento              : EEM. Nº 30335 - SAN JOSE DE QUERO
Fecha de Registro            : Ingr.:01/01/1990 Termino:31/12/2999
Cta. TeleAhorro o Nro. Cheque: CTA- 4381175400
Leyenda Permanente           : .15% C/BEA
Demandado                    : VILCHEZ HUAMAN GUMERCINDO
Cargo                        : PROF. DE AULA
Tipo de Servidor             : DOCENTE NOMBRADO
Niv.Mag./Grupo Ocup./Horas   : 2/00- /30
Tiempo de Servicio (AA-MM-DD): 10-00-00
Regimen Pensionario          : Ley 19990
Cta. TeleAhorro o Nro. Cheque: CTA- 4381175400

========================================================================
+djudicia       45.00













========================================================================
T-REMUN         45.00 T-DSCTO          0.00  T-LIQUI        45.00
MImponible       0.00
Mensajes  :
Visite la pagina Web del Ministerio de Educación : www.minedu.gob.pe.




                                                                00000014
.

DRE JUNIN                                                       CL152520
*CL UGEL CHUPACA
RUC - 20188468706                                    1019934807-239002-4
ENERO - 2008  ACT/JUD                                         (1) Activo

Apellidos                    : VILCHEZ MACURI
Nombres                      : CANDY VANESA
Fecha de Nacimiento          : 03/02/1964
Documento de Identidad       : (DNI o L.E.) 42310065
Establecimiento              : EEM. Nº 30335 - SAN JOSE DE QUERO
Fecha de Registro            : Ingr.:17/08/2005 Termino:31/12/2999
Cta. TeleAhorro o Nro. Cheque: CTA- 4381188154
Leyenda Permanente           : OF 1416-05-PJ/13% C/
Demandado                    : VILCHEZ HUAMAN GUMERCINDO
Cargo                        : PROF. DE AULA
Tipo de Servidor             : DOCENTE NOMBRADO
Niv.Mag./Grupo Ocup./Horas   : 2/00- /30
Tiempo de Servicio (AA-MM-DD): 10-00-00
Regimen Pensionario          : Ley 19990
Cta. TeleAhorro o Nro. Cheque: CTA- 4381188154

========================================================================
+djudicia       39.00













========================================================================
T-REMUN         39.00 T-DSCTO          0.00  T-LIQUI        39.00
MImponible       0.00
Mensajes  :
Visite la pagina Web del Ministerio de Educación : www.minedu.gob.pe.




                                                                00000015
.

DRE JUNIN                                                       CL152525
*CL UGEL CHUPACA
RUC - 20188468706                                    1019903617-239002-1
ENERO - 2008  ACT/JUD                                         (1) Activo

Apellidos                    : MIRANDA MEDINA
Nombres                      : ELIDA JULIA
Fecha de Nacimiento          : 01/01/1990
Documento de Identidad       : (DNI o L.E.) 000000000
Establecimiento              : EEM. Nº 30336 "JOSE CARLOS MARIATE
Fecha de Registro            : Ingr.:01/01/1990 Termino:31/12/2999
Cta. TeleAhorro o Nro. Cheque: CTA- 4381175095
Leyenda Permanente           : .26919-07/40%C/BEA
Demandado                    : LOPEZ BASTIDAS WILFREDO FERREOL
Cargo                        : PROF. DE AULA
Tipo de Servidor             : DOCENTE NOMBRADO
Niv.Mag./Grupo Ocup./Horas   : 3/00- /30
Tiempo de Servicio (AA-MM-DD): 20-00-00
Reg.Pensionario : AFP Profutur/209971WLBET5 CFija      :      0.00
                  FAfiliacion  : 21/09/1993 CVariable  :      0.00
                  FDevengue    : 22/09/1993 Seguro     :      0.00
========================================================================
+djudicia      120.00













========================================================================
T-REMUN        120.00 T-DSCTO          0.00  T-LIQUI       120.00
MImponible       0.00
Mensajes  :
Visite la pagina Web del Ministerio de Educación : www.minedu.gob.pe.




                                                                00000016
.

DRE JUNIN                                                       CL152530
*CL UGEL CHUPACA
RUC - 20188468706                                    1019995299-239002-2
ENERO - 2008  ACT/JUD                                         (1) Activo

Apellidos                    : OROCAJA RUTTY
Nombres                      : CARMEN
Fecha de Nacimiento          : 01/01/1966
Documento de Identidad       : (DNI o L.E.) 19901936
Establecimiento              : EEM. Nº 30337 - SANTA ROSA DE HUAR
Fecha de Registro            : Ingr.:13/10/2005 Termino:31/12/2999
Cta. TeleAhorro o Nro. Cheque: CTA- 4381483202
Leyenda Permanente           : EXP.11125-05/50%C/BE
Demandado                    : ARTICA TORRES ASUNCION CANCIO
Cargo                        : PROF. DE AULA
Tipo de Servidor             : DOCENTE NOMBRADO
Niv.Mag./Grupo Ocup./Horas   : 2/00- /30
Tiempo de Servicio (AA-MM-DD): 15-00-00
Reg.Pensionario : AFP Horizont/227951AATIR9 CFija      :      0.00
                  FAfiliacion  : 29/10/1993 CVariable  :      0.00
                  FDevengue    : 29/10/1993 Seguro     :      0.00
========================================================================
+djudicia      150.00













========================================================================
T-REMUN        150.00 T-DSCTO          0.00  T-LIQUI       150.00
MImponible       0.00
Mensajes  :
Visite la pagina Web del Ministerio de Educación : www.minedu.gob.pe.




                                                                00000017
.

DRE JUNIN                                                       CL152560
*CL UGEL CHUPACA
RUC - 20188468706                                    1020418166-239002-1
ENERO - 2008  ACT/JUD                                         (1) Activo

Apellidos                    : OCHOA QUINTO
Nombres                      : NERIDA MARLENI
Fecha de Nacimiento          : 01/01/1990
Documento de Identidad       : (DNI o L.E.)
Establecimiento              : EEM. Nº 30403 - SAN FRAN. DE SALVI
Fecha de Registro            : Ingr.:01/01/1990 Termino:31/12/2999
Cta. TeleAhorro o Nro. Cheque: CTA- 4381175753
Leyenda Permanente           : .
Demandado                    : DAMIAN QUIÑONEZ VICTOR
Cargo                        : PROF. DE AULA
Tipo de Servidor             : DOCENTE NOMBRADO
Niv.Mag./Grupo Ocup./Horas   : E/00- /30
Tiempo de Servicio (AA-MM-DD): 23-00-00
Reg.Pensionario : AFP Profutur/246571ODAZÑ1 CFija      :      0.00
                  FAfiliacion  : 23/12/1998 CVariable  :      0.00
                  FDevengue    : 23/12/1998 Seguro     :      0.00
========================================================================
+djudicia       54.00













========================================================================
T-REMUN         54.00 T-DSCTO          0.00  T-LIQUI        54.00
MImponible       0.00
Mensajes  :
Visite la pagina Web del Ministerio de Educación : www.minedu.gob.pe.




                                                                00000018
.

DRE JUNIN                                                       CL152595
*CL UGEL CHUPACA
RUC - 20188468706                                    1020062024-239002-1
ENERO - 2008  ACT/JUD                                         (1) Activo

Apellidos                    : ESPINOZA BARRETO
Nombres                      : ROSI
Fecha de Nacimiento          : 11/07/1974
Documento de Identidad       : (DNI o L.E.) 20065815
Establecimiento              : EEM. Nº 31425 - CHUPACA
Fecha de Registro            : Ingr.:15/11/2005 Termino:31/12/2999
Cta. TeleAhorro o Nro. Cheque: CTA- 4470309216
Leyenda Permanente           : OF.1909-20%C/
Demandado                    : PEREZ TORRES ALEX RICARDO
Cargo                        : PROF. DE AULA
Tipo de Servidor             : DOCENTE NOMBRADO
Niv.Mag./Grupo Ocup./Horas   : 1/00- /30
Tiempo de Servicio (AA-MM-DD): 0--
Reg.Pensionario : AFP Integra /573471APTER3 CFija      :      0.00
                  FAfiliacion  : 12/03/1999 CVariable  :      0.00
                  FDevengue    : 12/03/1999 Seguro     :      0.00
========================================================================
+djudicia       60.00













========================================================================
T-REMUN         60.00 T-DSCTO          0.00  T-LIQUI        60.00
MImponible       0.00
Mensajes  :
Visite la pagina Web del Ministerio de Educación : www.minedu.gob.pe.




                                                                00000019
.

DRE JUNIN                                                       CL152595
*CL UGEL CHUPACA
RUC - 20188468706                                    1020044298-239002-1
ENERO - 2008  ACT/JUD                                         (1) Activo

Apellidos                    : LEON YSLA
Nombres                      : NERY DOMITILA
Fecha de Nacimiento          : 12/05/1973
Documento de Identidad       : (DNI o L.E.) 21263359
Establecimiento              : EEM. Nº 31425 - CHUPACA
Fecha de Registro            : Ingr.:01/01/1990 Termino:31/12/2999
Cta. TeleAhorro o Nro. Cheque: CTA- 4473303189
Leyenda Permanente           : .of.293-05-P.
Demandado                    : POMALAYA MATOS ABEL
Cargo                        : DIRECTOR C.E
Tipo de Servidor             : DOCENTE NOMBRADO
Niv.Mag./Grupo Ocup./Horas   : 2/00- /40
Tiempo de Servicio (AA-MM-DD): 05-00-00
Reg.Pensionario : AFP Profutur/561781APMAO4 CFija      :      0.00
                  FAfiliacion  : 28/08/1996 CVariable  :      0.00
                  FDevengue    : 28/08/1996 Seguro     :      0.00
========================================================================
+djudicia       75.00













========================================================================
T-REMUN         75.00 T-DSCTO          0.00  T-LIQUI        75.00
MImponible       0.00
Mensajes  :
Visite la pagina Web del Ministerio de Educación : www.minedu.gob.pe.




                                                                00000020
.

DRE JUNIN                                                       CL152595
*CL UGEL CHUPACA
RUC - 20188468706                                    1023266071-239002-1
ENERO - 2008  ACT/JUD                                         (1) Activo

Apellidos                    : PALOMINO SOLANO
Nombres                      : TEOFILA
Fecha de Nacimiento          : 01/01/1990
Documento de Identidad       : (DNI o L.E.) 00000000000
Establecimiento              : EEM. Nº 31425 - CHUPACA
Fecha de Registro            : Ingr.:01/01/1990 Termino:31/12/2999
Cta. TeleAhorro o Nro. Cheque: CTA- 4014977819
Leyenda Permanente           : OF Nº 93-07 J
Demandado                    : GALA PALOMINO ELSA ALICIA
Cargo                        : PROF. DE AULA
Tipo de Servidor             : DOCENTE NOMBRADO
Niv.Mag./Grupo Ocup./Horas   : 2/00- /30
Tiempo de Servicio (AA-MM-DD): 05-00-00
Reg.Pensionario : AFP Profutur/558080EGPAO8 CFija      :      0.00
                  FAfiliacion  : 10/12/1996 CVariable  :      0.00
                  FDevengue    : 10/12/1996 Seguro     :      0.00
========================================================================
+djudicia       21.00













========================================================================
T-REMUN         21.00 T-DSCTO          0.00  T-LIQUI        21.00
MImponible       0.00
Mensajes  :
Visite la pagina Web del Ministerio de Educación : www.minedu.gob.pe.




                                                                00000021
.

DRE JUNIN                                                       CL152610
*CL UGEL CHUPACA
RUC - 20188468706                                    1019912043-239002-1
ENERO - 2008  ACT/JUD                                         (1) Activo

Apellidos                    : CARDOSO NAVARRO
Nombres                      : JUANA FORTUNATA
Fecha de Nacimiento          : 01/01/1990
Documento de Identidad       : (DNI o L.E.) 20548547
Establecimiento              : EEM. Nº 31905 - CHURAMPI
Fecha de Registro            : Ingr.:01/01/1990 Termino:31/12/2999
Cta. TeleAhorro o Nro. Cheque: CTA- 4381165189
Leyenda Permanente           : .
Demandado                    : MAYTA CASIMIRO EPIFANIO
Cargo                        : PROF. DE AULA
Tipo de Servidor             : DOCENTE NOMBRADO
Niv.Mag./Grupo Ocup./Horas   : E/00- /30
Tiempo de Servicio (AA-MM-DD): 10-00-00
Reg.Pensionario : AFP Profutur/197421EMCTI4 CFija      :      0.00
                  FAfiliacion  : 18/08/1993 CVariable  :      0.00
                  FDevengue    : 18/08/1993 Seguro     :      0.00
========================================================================
+djudicia       60.00













========================================================================
T-REMUN         60.00 T-DSCTO          0.00  T-LIQUI        60.00
MImponible       0.00
Mensajes  :
Visite la pagina Web del Ministerio de Educación : www.minedu.gob.pe.




                                                                00000022
.

DRE JUNIN                                                       CL152612
*CL UGEL CHUPACA
RUC - 20188468706                                    1019899572-239002-3
ENERO - 2008  ACT/JUD                                         (1) Activo

Apellidos                    : SAMANIEGO MUÑICO
Nombres                      : MARIA ASUNCION
Fecha de Nacimiento          : 01/01/1990
Documento de Identidad       : (DNI o L.E.)
Establecimiento              : EEM. Nº 31915 JR. BOLOGNESI S/N. -
Fecha de Registro            : Ingr.:01/01/1990 Termino:31/12/2999
Cta. TeleAhorro o Nro. Cheque: CTA- 4381175265
Leyenda Permanente           : .
Demandado                    : VILLAVERDE SAMANIEGO ROMULO
Cargo                        : DIRECTOR C.E
Tipo de Servidor             : DOCENTE NOMBRADO
Niv.Mag./Grupo Ocup./Horas   : 3/00- /40
Tiempo de Servicio (AA-MM-DD): 25-00-00
Reg.Pensionario : AFP Prima   /502451RVSLA5 CFija      :      0.00
                  FAfiliacion  : 29/06/1996 CVariable  :      0.00
                  FDevengue    : 29/06/1996 Seguro     :      0.00
========================================================================
+djudicia       45.00













========================================================================
T-REMUN         45.00 T-DSCTO          0.00  T-LIQUI        45.00
MImponible       0.00
Mensajes  :
Visite la pagina Web del Ministerio de Educación : www.minedu.gob.pe.




                                                                00000023
.

DRE JUNIN                                                       CL153615
*CL UGEL CHUPACA
RUC - 20188468706                                    1021247736-239001-1
ENERO - 2008  ACT/JUD                                         (1) Activo

Apellidos                    : CHACON DE LAZO
Nombres                      : FIDELA ELSA
Fecha de Nacimiento          : 24/04/1958
Documento de Identidad       : (DNI o L.E.) 20431662
Establecimiento              : CEM. "19 DE ABRIL" - LA LIBERTAD
Fecha de Registro            : Ingr.:10/03/2005 Termino:31/12/2999
Cta. TeleAhorro o Nro. Cheque: CTA- 4381165936
Leyenda Permanente           : .
Demandado                    : LAZO ZAMBRANO DOMINGO
Cargo                        : TRAB.SERV.   II
Tipo de Servidor             : ADMINISTRATIVO NOMBRADO
Niv.Mag./Grupo Ocup./Horas   : 0/AE-E/40
Tiempo de Servicio (AA-MM-DD):  --
Reg.Pensionario : AFP Integra /482411DLZOB3 CFija      :      0.00
                  FAfiliacion  : 26/07/1996 CVariable  :      0.00
                  FDevengue    : 26/07/1996 Seguro     :      0.00
========================================================================
+djudicia       75.00













========================================================================
T-REMUN         75.00 T-DSCTO          0.00  T-LIQUI        75.00
MImponible       0.00
Mensajes  :
Visite la pagina Web del Ministerio de Educación : www.minedu.gob.pe.




                                                                00000024
.

DRE JUNIN                                                       CL153615
*CL UGEL CHUPACA
RUC - 20188468706                                    1020065912-239002-1
ENERO - 2008  ACT/JUD                                         (1) Activo

Apellidos                    : MEDINA MONTES
Nombres                      : MARLENY
Fecha de Nacimiento          : 01/01/1990
Documento de Identidad       : (DNI o L.E.) 20044176
Establecimiento              : CEM. "19 DE ABRIL" - LA LIBERTAD
Fecha de Registro            : Ingr.:01/01/1990 Termino:31/12/2999
Cta. TeleAhorro o Nro. Cheque: CTA- 4381178221
Leyenda Permanente           : .
Demandado                    : CONDOR UCEDA CESAR AUGUSTO
Cargo                        : PROF. POR HORA
Tipo de Servidor             : DOCENTE NOMBRADO
Niv.Mag./Grupo Ocup./Horas   : 2/00- /24
Tiempo de Servicio (AA-MM-DD): 05-00-00
Reg.Pensionario : AFP Horizont/575551CCUDD1 CFija      :      0.00
                  FAfiliacion  : 08/07/2000 CVariable  :      0.00
                  FDevengue    : 08/07/2000 Seguro     :      0.00
========================================================================
+djudicia       75.00













========================================================================
T-REMUN         75.00 T-DSCTO          0.00  T-LIQUI        75.00
MImponible       0.00
Mensajes  :
Visite la pagina Web del Ministerio de Educación : www.minedu.gob.pe.




                                                                00000025
.

DRE JUNIN                                                       CL153625
*CL UGEL CHUPACA
RUC - 20188468706                                    1080016118-239002-1
ENERO - 2008  ACT/JUD                                         (1) Activo

Apellidos                    : CAMPOS SANTIVAÑEZ
Nombres                      : LINA ROSARIO
Fecha de Nacimiento          : 01/01/1990
Documento de Identidad       : (DNI o L.E.) 00000000000
Establecimiento              : CEM. "SAN JOSE" - CHALHUAS - SINCO
Fecha de Registro            : Ingr.:01/01/1990 Termino:31/12/2999
Cta. TeleAhorro o Nro. Cheque: CTA- 4381658088
Leyenda Permanente           :  052-07 OF 17/45%
Demandado                    : TARDIO LOAYZA NILTON CESAR
Cargo                        : PROF. POR HORA
Tipo de Servidor             : DOCENTE NOMBRADO
Niv.Mag./Grupo Ocup./Horas   : 2/00- /24
Tiempo de Servicio (AA-MM-DD): 00-00-00
Reg.Pensionario : AFP Profutur/566191NTLDY9 CFija      :      0.00
                  FAfiliacion  : 04/12/1999 CVariable  :      0.00
                  FDevengue    : 04/12/1999 Seguro     :      0.00
========================================================================
+djudicia      135.00













========================================================================
T-REMUN        135.00 T-DSCTO          0.00  T-LIQUI       135.00
MImponible       0.00
Mensajes  :
Visite la pagina Web del Ministerio de Educación : www.minedu.gob.pe.




                                                                00000026
.

DRE JUNIN                                                       CL153640
*CL UGEL CHUPACA
RUC - 20188468706                                    1019938865-239002-1
ENERO - 2008  ACT/JUD                                         (1) Activo

Apellidos                    : QUISPE LEDESMA
Nombres                      : JUSTINA
Fecha de Nacimiento          : 01/01/1990
Documento de Identidad       : (DNI o L.E.) 00000000000
Establecimiento              : CEM. "HUAMAN POMA DE AYALA" - MANZ
Fecha de Registro            : Ingr.:01/01/1990 Termino:31/12/2999
Cta. TeleAhorro o Nro. Cheque: CTA- 4381177993
Leyenda Permanente           : .15%C/BEA
Demandado                    : BALTAZAR SALAZAR FABIAN MARIO
Cargo                        : PROF. POR HORA
Tipo de Servidor             : DOCENTE NOMBRADO
Niv.Mag./Grupo Ocup./Horas   : 2/00- /24
Tiempo de Servicio (AA-MM-DD): 20-00-00
Reg.Pensionario : AFP Integra /222801FBSTA0 CFija      :      0.00
                  FAfiliacion  : 14/08/1993 CVariable  :      0.00
                  FDevengue    : 14/08/1993 Seguro     :      0.00
========================================================================
+djudicia       45.00













========================================================================
T-REMUN         45.00 T-DSCTO          0.00  T-LIQUI        45.00
MImponible       0.00
Mensajes  :
Visite la pagina Web del Ministerio de Educación : www.minedu.gob.pe.




                                                                00000027
.

DRE JUNIN                                                       CL153645
*CL UGEL CHUPACA
RUC - 20188468706                                    1020052946-239002-1
ENERO - 2008  ACT/JUD                                         (1) Activo

Apellidos                    : PACHECO CURO
Nombres                      : NORMA INES
Fecha de Nacimiento          : 01/01/1990
Documento de Identidad       : (DNI o L.E.) 00000000000
Establecimiento              : CEM. AGROP. "LOS ANDES" - SHICUY
Fecha de Registro            : Ingr.:01/01/1990 Termino:31/12/2999
Cta. TeleAhorro o Nro. Cheque: CTA- 4381141425
Leyenda Permanente           : .25%C/BEA
Demandado                    : OLIVERA CERRON GUSTAVO ADOLFO
Cargo                        : PROF. POR HORA
Tipo de Servidor             : DOCENTE NOMBRADO
Niv.Mag./Grupo Ocup./Horas   : 2/00- /24
Tiempo de Servicio (AA-MM-DD): 05-00-00
Reg.Pensionario : AFP Profutur/571051GOCVR4 CFija      :      0.00
                  FAfiliacion  : 20/03/1999 CVariable  :      0.00
                  FDevengue    : 20/03/1999 Seguro     :      0.00
========================================================================
+djudicia       75.00













========================================================================
T-REMUN         75.00 T-DSCTO          0.00  T-LIQUI        75.00
MImponible       0.00
Mensajes  :
Visite la pagina Web del Ministerio de Educación : www.minedu.gob.pe.




                                                                00000028
.

DRE JUNIN                                                       CL153660
*CL UGEL CHUPACA
RUC - 20188468706                                    1019903291-239002-1
ENERO - 2008  ACT/JUD                                         (1) Activo

Apellidos                    : SOTOMAYOR FLORES
Nombres                      : ELSA LIDIA
Fecha de Nacimiento          : 01/01/1990
Documento de Identidad       : (DNI o L.E.) 0000000000
Establecimiento              : CEM. AGROP.-IND. "SAN ROQUE" - CHA
Fecha de Registro            : Ingr.:01/01/1990 Termino:31/12/2999
Cta. TeleAhorro o Nro. Cheque: CTA- 4381174749
Leyenda Permanente           : .15%C/BEA
Demandado                    : LAZARO QUINTO HECTOR JOSE
Cargo                        : DIRECTOR C.E
Tipo de Servidor             : DOCENTE NOMBRADO
Niv.Mag./Grupo Ocup./Horas   : 2/00- /40
Tiempo de Servicio (AA-MM-DD): 20-00-00
Reg.Pensionario : AFP Profutur/521751HLQAN2 CFija      :      0.00
                  FAfiliacion  : 11/09/1996 CVariable  :      0.00
                  FDevengue    : 11/09/1996 Seguro     :      0.00
========================================================================
+djudicia       45.00













========================================================================
T-REMUN         45.00 T-DSCTO          0.00  T-LIQUI        45.00
MImponible       0.00
Mensajes  :
Visite la pagina Web del Ministerio de Educación : www.minedu.gob.pe.




                                                                00000029
.

DRE JUNIN                                                       CL153665
*CL UGEL CHUPACA
RUC - 20188468706                                    1019839473-239002-1
ENERO - 2008  ACT/JUD                                         (1) Activo

Apellidos                    : CHUPURGO DE PORTA
Nombres                      : GUILLERMINA
Fecha de Nacimiento          : 01/01/1990
Documento de Identidad       : (DNI o L.E.) 00000000000
Establecimiento              : CEM. AGROP. "SAN ROQUE" - SAN ROQU
Fecha de Registro            : Ingr.:01/01/1990 Termino:31/12/2999
Cta. TeleAhorro o Nro. Cheque: CTA- 4381175451
Leyenda Permanente           : .40%C/BEA
Demandado                    : PORTA FLORES FELIPE ISAAC
Cargo                        : TRAB.SERV.   II
Tipo de Servidor             : ADMINISTRATIVO NOMBRADO
Niv.Mag./Grupo Ocup./Horas   : 0/AB-B/40
Tiempo de Servicio (AA-MM-DD): 15-00-00
Reg.Pensionario : AFP Integra /447101FPFTR5 CFija      :      0.00
                  FAfiliacion  : 17/06/1997 CVariable  :      0.00
                  FDevengue    : 17/06/1997 Seguro     :      0.00
========================================================================
+djudicia      120.00













========================================================================
T-REMUN        120.00 T-DSCTO          0.00  T-LIQUI       120.00
MImponible       0.00
Mensajes  :
Visite la pagina Web del Ministerio de Educación : www.minedu.gob.pe.




                                                                00000030
.

DRE JUNIN                                                       CL153670
*CL UGEL CHUPACA
RUC - 20188468706                                    1020019254-239002-1
ENERO - 2008  ACT/JUD                                         (1) Activo

Apellidos                    : BAUTISTA LOVERA
Nombres                      : ELEUTERIA
Fecha de Nacimiento          : 01/01/1990
Documento de Identidad       : (DNI o L.E.) 19900391
Establecimiento              : CEM. "AMAUTA" - AHUAC
Fecha de Registro            : Ingr.:01/01/1990 Termino:31/12/2999
Cta. TeleAhorro o Nro. Cheque: CTA- 4381172517
Leyenda Permanente           : .20%C/BEA
Demandado                    : ZUÑIGA LARA BERNARDINO CELESTINO
Cargo                        : PROF. POR HORA
Tipo de Servidor             : DOCENTE NOMBRADO
Niv.Mag./Grupo Ocup./Horas   : 2/00- /24
Tiempo de Servicio (AA-MM-DD): 10-00-00
Regimen Pensionario          : Ley 19990
Cta. TeleAhorro o Nro. Cheque: CTA- 4381172517

========================================================================
+djudicia       60.00













========================================================================
T-REMUN         60.00 T-DSCTO          0.00  T-LIQUI        60.00
MImponible       0.00
Mensajes  :
Visite la pagina Web del Ministerio de Educación : www.minedu.gob.pe.




                                                                00000031
.

DRE JUNIN                                                       CL153670
*CL UGEL CHUPACA
RUC - 20188468706                                    1019865525-239002-2
ENERO - 2008  ACT/JUD                                         (1) Activo

Apellidos                    : CALDERON CONDOR
Nombres                      : SILVINA
Fecha de Nacimiento          : 01/01/1990
Documento de Identidad       : (DNI o L.E.) 00000000000
Establecimiento              : CEM. "AMAUTA" - AHUAC
Fecha de Registro            : Ingr.:01/01/1990 Termino:31/12/2999
Cta. TeleAhorro o Nro. Cheque: CTA- 4381175966
Leyenda Permanente           : %C/BEA
Demandado                    : VILCHEZ PAUCARCHUCO PABLO DEMETRIO
Cargo                        : PROF. POR HORA
Tipo de Servidor             : DOCENTE NOMBRADO
Niv.Mag./Grupo Ocup./Horas   : 2/00- /24
Tiempo de Servicio (AA-MM-DD): 10-00-00
Regimen Pensionario          : Ley 19990
Cta. TeleAhorro o Nro. Cheque: CTA- 4381175966

========================================================================
+djudicia       60.00













========================================================================
T-REMUN         60.00 T-DSCTO          0.00  T-LIQUI        60.00
MImponible       0.00
Mensajes  :
Visite la pagina Web del Ministerio de Educación : www.minedu.gob.pe.




                                                                00000032
.

DRE JUNIN                                                       CL153670
*CL UGEL CHUPACA
RUC - 20188468706                                    1019865525-239002-1
ENERO - 2008  ACT/JUD                                         (1) Activo

Apellidos                    : YAURI SAMANIEGO
Nombres                      : NERI
Fecha de Nacimiento          : 01/01/1990
Documento de Identidad       : (DNI o L.E.) 00000000000
Establecimiento              : CEM. "AMAUTA" - AHUAC
Fecha de Registro            : Ingr.:01/01/1990 Termino:31/12/2999
Cta. TeleAhorro o Nro. Cheque: CTA- 4381175281
Leyenda Permanente           : %C/BEA
Demandado                    : VILCHEZ PAUCARCHUCO PABLO DEMETRIO
Cargo                        : PROF. POR HORA
Tipo de Servidor             : DOCENTE NOMBRADO
Niv.Mag./Grupo Ocup./Horas   : 2/00- /24
Tiempo de Servicio (AA-MM-DD): 10-00-00
Regimen Pensionario          : Ley 19990
Cta. TeleAhorro o Nro. Cheque: CTA- 4381175281

========================================================================
+djudicia      150.00













========================================================================
T-REMUN        150.00 T-DSCTO          0.00  T-LIQUI       150.00
MImponible       0.00
Mensajes  :
Visite la pagina Web del Ministerio de Educación : www.minedu.gob.pe.




                                                                00000033
.

DRE JUNIN                                                       CL153680
*CL UGEL CHUPACA
RUC - 20188468706                                    1019900056-239002-1
ENERO - 2008  ACT/JUD                                         (1) Activo

Apellidos                    : RODRIGUEZ CASTADENA
Nombres                      : MARTHA ELSA
Fecha de Nacimiento          : 01/01/1990
Documento de Identidad       : (DNI o L.E.)
Establecimiento              : CEM. "AUGUSTO SALAZAR BONDY" - USI
Fecha de Registro            : Ingr.:01/01/1990 Termino:31/12/2999
Cta. TeleAhorro o Nro. Cheque: CTA- 4381177721
Leyenda Permanente           :
Demandado                    : MACHA ORIHUELA REGULO OVIDIO
Cargo                        : PROF. POR HORA
Tipo de Servidor             : DOCENTE NOMBRADO
Niv.Mag./Grupo Ocup./Horas   : 2/00- /24
Tiempo de Servicio (AA-MM-DD): 15-00-00
Regimen Pensionario          : Ley 19990
Cta. TeleAhorro o Nro. Cheque: CTA- 4381177721

========================================================================
+djudicia       60.00













========================================================================
T-REMUN         60.00 T-DSCTO          0.00  T-LIQUI        60.00
MImponible       0.00
Mensajes  :
Visite la pagina Web del Ministerio de Educación : www.minedu.gob.pe.




                                                                00000034
.

DRE JUNIN                                                       CL153685
*CL UGEL CHUPACA
RUC - 20188468706                                    1020401798-239002-1
ENERO - 2008  ACT/JUD                                         (1) Activo

Apellidos                    : VILCAPOMA MARTINEZ
Nombres                      : DOMINICA ISABEL
Fecha de Nacimiento          : 01/01/1990
Documento de Identidad       : (DNI o L.E.) 00000000000
Establecimiento              : CEM. "AGRO-IND."CAHUIDE" - YANACAN
Fecha de Registro            : Ingr.:01/01/1990 Termino:31/12/2999
Cta. TeleAhorro o Nro. Cheque: CTA- 4381137053
Leyenda Permanente           : %C/BEA
Demandado                    : MONTERREY ORDOÑEZ CESAR HUGO
Cargo                        : PROF. POR HORA
Tipo de Servidor             : DOCENTE NOMBRADO
Niv.Mag./Grupo Ocup./Horas   : 2/00- /24
Tiempo de Servicio (AA-MM-DD): 10-00-00
Reg.Pensionario : AFP Integra /487571CMOTO0 CFija      :      0.00
                  FAfiliacion  : 26/07/1996 CVariable  :      0.00
                  FDevengue    : 26/07/1996 Seguro     :      0.00
========================================================================
+djudicia       36.00













========================================================================
T-REMUN         36.00 T-DSCTO          0.00  T-LIQUI        36.00
MImponible       0.00
Mensajes  :
Visite la pagina Web del Ministerio de Educación : www.minedu.gob.pe.




                                                                00000035
.

DRE JUNIN                                                       CL153690
*CL UGEL CHUPACA
RUC - 20188468706                                    1019926588-239002-1
ENERO - 2008  ACT/JUD                                         (1) Activo

Apellidos                    : LAZO MARTINES
Nombres                      : TEODORA EDOVISA
Fecha de Nacimiento          : 01/01/1990
Documento de Identidad       : (DNI o L.E.) 00000000000
Establecimiento              : CEM. "DOS DE MAYO" - ANGASMAYO
Fecha de Registro            : Ingr.:01/01/1990 Termino:31/12/2999
Cta. TeleAhorro o Nro. Cheque: CTA- 4383041495
Leyenda Permanente           : OF1994-06/20%C/BEA
Demandado                    : MELGAR TAPIA GIL HIDALGO
Cargo                        : TRAB.SERV.   II
Tipo de Servidor             : ADMINISTRATIVO NOMBRADO
Niv.Mag./Grupo Ocup./Horas   : 0/AE-E/40
Tiempo de Servicio (AA-MM-DD):  --
Reg.Pensionario : AFP Horizont/527361GMTGI2 CFija      :      0.00
                  FAfiliacion  : 21/08/1900 CVariable  :      0.00
                  FDevengue    : 21/08/1900 Seguro     :      0.00
========================================================================
+djudicia       60.00













========================================================================
T-REMUN         60.00 T-DSCTO          0.00  T-LIQUI        60.00
MImponible       0.00
Mensajes  :
Visite la pagina Web del Ministerio de Educación : www.minedu.gob.pe.




                                                                00000036
.

DRE JUNIN                                                       CL153695
*CL UGEL CHUPACA
RUC - 20188468706                                    1019976934-239002-1
ENERO - 2008  ACT/JUD                                         (1) Activo

Apellidos                    : HINOSTROZA CHAVEZ
Nombres                      : SERVANDA IGNACIA
Fecha de Nacimiento          : 01/01/1990
Documento de Identidad       : (DNI o L.E.) 0000000000
Establecimiento              : CEM. AGROP.-IND."HEROES DE LA BREÑ
Fecha de Registro            : Ingr.:01/01/1990 Termino:31/12/2999
Cta. TeleAhorro o Nro. Cheque: CTA- 4381175508
Leyenda Permanente           : .50%C/BEA
Demandado                    : BUENDIA COLONIO BARTOLOME ROMAN
Cargo                        : PROF. POR HORA
Tipo de Servidor             : DOCENTE NOMBRADO
Niv.Mag./Grupo Ocup./Horas   : A/00- /24
Tiempo de Servicio (AA-MM-DD): 10-00-00
Reg.Pensionario : AFP Horizont/228801BBCNO0 CFija      :      0.00
                  FAfiliacion  : 09/03/1994 CVariable  :      0.00
                  FDevengue    : 09/03/1994 Seguro     :      0.00
========================================================================
+djudicia      150.00













========================================================================
T-REMUN        150.00 T-DSCTO          0.00  T-LIQUI       150.00
MImponible       0.00
Mensajes  :
Visite la pagina Web del Ministerio de Educación : www.minedu.gob.pe.




                                                                00000037
.

DRE JUNIN                                                       CL153695
*CL UGEL CHUPACA
RUC - 20188468706                                    1019985957-239002-1
ENERO - 2008  ACT/JUD                                         (1) Activo

Apellidos                    : LARA DE DURAN
Nombres                      : GRACIELA GLICERIA
Fecha de Nacimiento          : 01/01/1990
Documento de Identidad       : (DNI o L.E.) 00000000000
Establecimiento              : CEM. AGROP.-IND."HEROES DE LA BREÑ
Fecha de Registro            : Ingr.:15/04/2005 Termino:31/12/2999
Cta. TeleAhorro o Nro. Cheque: CTA- 4383026909
Leyenda Permanente           : .OFICIO Nº 31/40%C/B
Demandado                    : DURAN LARA GAUFREDO
Cargo                        : PROF. POR HORA
Tipo de Servidor             : DOCENTE NOMBRADO
Niv.Mag./Grupo Ocup./Horas   : 2/00- /24
Tiempo de Servicio (AA-MM-DD): 05-00-00
Reg.Pensionario : AFP Integra /244381GDLAA1 CFija      :      0.00
                  FAfiliacion  : 15/10/1993 CVariable  :      0.00
                  FDevengue    : 15/10/1993 Seguro     :      0.00
========================================================================
+djudicia      120.00













========================================================================
T-REMUN        120.00 T-DSCTO          0.00  T-LIQUI       120.00
MImponible       0.00
Mensajes  :
Visite la pagina Web del Ministerio de Educación : www.minedu.gob.pe.




                                                                00000038
.

DRE JUNIN                                                       CL153695
*CL UGEL CHUPACA
RUC - 20188468706                                    1019807979-239002-2
ENERO - 2008  ACT/JUD                                         (1) Activo

Apellidos                    : MARTINEZ DE MAYTA
Nombres                      : ROSA
Fecha de Nacimiento          : 01/01/1990
Documento de Identidad       : (DNI o L.E.) 00000000000
Establecimiento              : CEM. AGROP.-IND."HEROES DE LA BREÑ
Fecha de Registro            : Ingr.:01/01/1990 Termino:31/12/2999
Cta. TeleAhorro o Nro. Cheque: CTA- 4381106697
Leyenda Permanente           : .
Demandado                    : MAYTA MARTINEZ GUSTAVO GREGORIO
Cargo                        : PROF. POR HORA
Tipo de Servidor             : DOCENTE NOMBRADO
Niv.Mag./Grupo Ocup./Horas   : 2/00- /24
Tiempo de Servicio (AA-MM-DD): 05-00-00
Reg.Pensionario : AFP Integra /532201GMMTT4 CFija      :      0.00
                  FAfiliacion  : 20/07/1996 CVariable  :      0.00
                  FDevengue    : 20/07/1996 Seguro     :      0.00
========================================================================
+djudicia      120.00













========================================================================
T-REMUN        120.00 T-DSCTO          0.00  T-LIQUI       120.00
MImponible       0.00
Mensajes  :
Visite la pagina Web del Ministerio de Educación : www.minedu.gob.pe.




                                                                00000039
.

DRE JUNIN                                                       CL153695
*CL UGEL CHUPACA
RUC - 20188468706                                    1019992786-239002-1
ENERO - 2008  ACT/JUD                                         (1) Activo

Apellidos                    : PAREJA SUASNABAR
Nombres                      : MARIA LUZ
Fecha de Nacimiento          : 01/01/1990
Documento de Identidad       : (DNI o L.E.)
Establecimiento              : CEM. AGROP.-IND."HEROES DE LA BREÑ
Fecha de Registro            : Ingr.:01/01/1990 Termino:31/12/2999
Cta. TeleAhorro o Nro. Cheque: CTA- 4381124105
Leyenda Permanente           : .
Demandado                    : PALOMINO CARDENAS MARINO
Cargo                        : AUX. EDUCAC.
Tipo de Servidor             : AUXILIAR EDUCACION NOMBRADO
Niv.Mag./Grupo Ocup./Horas   : E/00- /30
Tiempo de Servicio (AA-MM-DD): 05-00-00
Reg.Pensionario : AFP Integra /195771MPCOD7 CFija      :      0.00
                  FAfiliacion  : 15/10/1993 CVariable  :      0.00
                  FDevengue    : 15/10/1993 Seguro     :      0.00
========================================================================
+djudicia      120.00













========================================================================
T-REMUN        120.00 T-DSCTO          0.00  T-LIQUI       120.00
MImponible       0.00
Mensajes  :
Visite la pagina Web del Ministerio de Educación : www.minedu.gob.pe.




                                                                00000040
.

DRE JUNIN                                                       CL153700
*CL UGEL CHUPACA
RUC - 20188468706                                    1019969720-239002-2
ENERO - 2008  ACT/JUD                                         (1) Activo

Apellidos                    : CANO MEDINA
Nombres                      : NELLY
Fecha de Nacimiento          : 01/01/1990
Documento de Identidad       : (DNI o L.E.) 19866011
Establecimiento              : CEM. "INDOAMERICANO" - JARPA
Fecha de Registro            : Ingr.:01/01/1990 Termino:31/12/2999
Cta. TeleAhorro o Nro. Cheque: CTA- 4381174536
Leyenda Permanente           : .
Demandado                    : RIOS ROJAS HONORIO
Cargo                        : PROF. POR HORA
Tipo de Servidor             : DOCENTE NOMBRADO
Niv.Mag./Grupo Ocup./Horas   : 2/00- /24
Tiempo de Servicio (AA-MM-DD): 05-00-00
Regimen Pensionario          : Ley 19990
Cta. TeleAhorro o Nro. Cheque: CTA- 4381174536

========================================================================
+djudicia       45.00













========================================================================
T-REMUN         45.00 T-DSCTO          0.00  T-LIQUI        45.00
MImponible       0.00
Mensajes  :
Visite la pagina Web del Ministerio de Educación : www.minedu.gob.pe.




                                                                00000041
.

DRE JUNIN                                                       CL153705
*CL UGEL CHUPACA
RUC - 20188468706                                    1019845824-239002-1
ENERO - 2008  ACT/JUD                                         (1) Activo

Apellidos                    : CAMPOS ALVARADO
Nombres                      : SUSANA
Fecha de Nacimiento          : 01/01/1990
Documento de Identidad       : (DNI o L.E.) 20011297
Establecimiento              : CEM. "JORGE BASADRE" - LA LIBERTAD
Fecha de Registro            : Ingr.:01/01/1990 Termino:31/12/2999
Cta. TeleAhorro o Nro. Cheque: CTA- 4381467282
Leyenda Permanente           : .
Demandado                    : ANAYA AMIQUERO LUCIO
Cargo                        : PROF. POR HORA
Tipo de Servidor             : DOCENTE NOMBRADO
Niv.Mag./Grupo Ocup./Horas   : 2/00- /24
Tiempo de Servicio (AA-MM-DD): 20-00-00
Reg.Pensionario : AFP Integra /185961LAAYQ6 CFija      :      0.00
                  FAfiliacion  : 23/08/1993 CVariable  :      0.00
                  FDevengue    : 23/08/1993 Seguro     :      0.00
========================================================================
+djudicia       45.00













========================================================================
T-REMUN         45.00 T-DSCTO          0.00  T-LIQUI        45.00
MImponible       0.00
Mensajes  :
Visite la pagina Web del Ministerio de Educación : www.minedu.gob.pe.




                                                                00000042
.

DRE JUNIN                                                       CL153705
*CL UGEL CHUPACA
RUC - 20188468706                                    1019834112-239002-2
ENERO - 2008  ACT/JUD                                         (1) Activo

Apellidos                    : ESPINOZA CARHUALLANQUI
Nombres                      : SONIA DORA
Fecha de Nacimiento          : 01/01/1990
Documento de Identidad       : (DNI o L.E.) 19802953
Establecimiento              : CEM. "JORGE BASADRE" - LA LIBERTAD
Fecha de Registro            : Ingr.:01/01/1990 Termino:31/12/2999
Cta. TeleAhorro o Nro. Cheque: CTA- 4381498986
Leyenda Permanente           : .
Demandado                    : PAYANO PEREZ ROLANDO ISAAC
Cargo                        : SECRETARIA / O II
Tipo de Servidor             : ADMINISTRATIVO NOMBRADO
Niv.Mag./Grupo Ocup./Horas   : 0/TA-A/40
Tiempo de Servicio (AA-MM-DD): 25-00-00
Regimen Pensionario          : Ley 19990
Cta. TeleAhorro o Nro. Cheque: CTA- 4381498986

========================================================================
+djudicia       39.00













========================================================================
T-REMUN         39.00 T-DSCTO          0.00  T-LIQUI        39.00
MImponible       0.00
Mensajes  :
Visite la pagina Web del Ministerio de Educación : www.minedu.gob.pe.




                                                                00000043
.

DRE JUNIN                                                       CL153705
*CL UGEL CHUPACA
RUC - 20188468706                                    1019864366-239002-1
ENERO - 2008  ACT/JUD                                         (1) Activo

Apellidos                    : VASQUEZ IPARRAGUIRRE DE VILLANUEVA
Nombres                      : FELICIANA
Fecha de Nacimiento          : 09/12/1945
Documento de Identidad       : (DNI o L.E.) 19818914
Establecimiento              : CEM. "JORGE BASADRE" - LA LIBERTAD
Fecha de Registro            : Ingr.:01/01/1990 Termino:31/12/2999
Cta. TeleAhorro o Nro. Cheque: CTA- 4381173998
Leyenda Permanente           : .
Demandado                    : VILLANUEVA CERRON JULIO
Cargo                        : PROF. POR HORA
Tipo de Servidor             : DOCENTE NOMBRADO
Niv.Mag./Grupo Ocup./Horas   : 4/00- /24
Tiempo de Servicio (AA-MM-DD): 25-00-00
Regimen Pensionario          : Ley 20530
Cta. TeleAhorro o Nro. Cheque: CTA- 4381173998

========================================================================
+djudicia      135.00













========================================================================
T-REMUN        135.00 T-DSCTO          0.00  T-LIQUI       135.00
MImponible       0.00
Mensajes  :
Visite la pagina Web del Ministerio de Educación : www.minedu.gob.pe.




                                                                00000044
.

DRE JUNIN                                                       CL153715
*CL UGEL CHUPACA
RUC - 20188468706                                    1019856981-239002-1
ENERO - 2008  ACT/JUD                                         (1) Activo

Apellidos                    : CASAHUILCA YAURI
Nombres                      : MARGARITA ROSALIA
Fecha de Nacimiento          : 01/01/1990
Documento de Identidad       : (DNI o L.E.) 20046674
Establecimiento              : CEM. AGROP.IND."LA UNION" - CHAQUI
Fecha de Registro            : Ingr.:01/01/1990 Termino:31/12/2999
Cta. TeleAhorro o Nro. Cheque: CTA- 4381176865
Leyenda Permanente           : .
Demandado                    : CHANCO LOZANO ELMER
Cargo                        : PROF. POR HORA
Tipo de Servidor             : DOCENTE NOMBRADO
Niv.Mag./Grupo Ocup./Horas   : 2/00- /24
Tiempo de Servicio (AA-MM-DD): 05-00-00
Regimen Pensionario          : Ley 19990
Cta. TeleAhorro o Nro. Cheque: CTA- 4381176865

========================================================================
+djudicia       60.00













========================================================================
T-REMUN         60.00 T-DSCTO          0.00  T-LIQUI        60.00
MImponible       0.00
Mensajes  :
Visite la pagina Web del Ministerio de Educación : www.minedu.gob.pe.




                                                                00000045
.

DRE JUNIN                                                       CL153730
*CL UGEL CHUPACA
RUC - 20188468706                                    1020063285-239002-1
ENERO - 2008  ACT/JUD                                         (1) Activo

Apellidos                    : EGOAVIL TRIGOS
Nombres                      : MARIA ISABEL
Fecha de Nacimiento          : 09/09/1954
Documento de Identidad       : (DNI o L.E.) 19891436
Establecimiento              : CEM. "SAN PEDRO" - HUARISCA
Fecha de Registro            : Ingr.:01/01/1990 Termino:31/12/2999
Cta. TeleAhorro o Nro. Cheque: CTA- 4381433485
Leyenda Permanente           : .
Demandado                    : INGA INGA ZENOBIO TEOTIMO
Cargo                        : DIRECTOR C.E
Tipo de Servidor             : DOCENTE NOMBRADO
Niv.Mag./Grupo Ocup./Horas   : 4/00- /40
Tiempo de Servicio (AA-MM-DD): 25-00-00
Regimen Pensionario          : Ley 20530
Cta. TeleAhorro o Nro. Cheque: CTA- 4381433485

========================================================================
+djudicia      120.00













========================================================================
T-REMUN        120.00 T-DSCTO          0.00  T-LIQUI       120.00
MImponible       0.00
Mensajes  :
Visite la pagina Web del Ministerio de Educación : www.minedu.gob.pe.




                                                                00000046
.

DRE JUNIN                                                       CL153730
*CL UGEL CHUPACA
RUC - 20188468706                                    1019884471-239002-1
ENERO - 2008  ACT/JUD                                         (1) Activo

Apellidos                    : MALLQUE DE BARRIONUEVO
Nombres                      : FACUNDINA
Fecha de Nacimiento          : 01/01/1990
Documento de Identidad       : (DNI o L.E.) 19891039
Establecimiento              : CEM. "SAN PEDRO" - HUARISCA
Fecha de Registro            : Ingr.:01/01/1990 Termino:31/12/2999
Cta. TeleAhorro o Nro. Cheque: CTA- 4381177160
Leyenda Permanente           : .
Demandado                    : BARRIONUEVO CAHUANA WALTER RAUL
Cargo                        : PROF. POR HORA
Tipo de Servidor             : AUXILIAR EDUCACION NOMBRADO
Niv.Mag./Grupo Ocup./Horas   : E/00- /24
Tiempo de Servicio (AA-MM-DD): 15-00-00
Regimen Pensionario          : Ley 19990
Cta. TeleAhorro o Nro. Cheque: CTA- 4381177160

========================================================================
+djudicia       45.00













========================================================================
T-REMUN         45.00 T-DSCTO          0.00  T-LIQUI        45.00
MImponible       0.00
Mensajes  :
Visite la pagina Web del Ministerio de Educación : www.minedu.gob.pe.




                                                                00000047
.

DRE JUNIN                                                       CL153740
*CL UGEL CHUPACA
RUC - 20188468706                                    1019898021-239002-1
ENERO - 2008  ACT/JUD                                         (1) Activo

Apellidos                    : GONZALES ANDIA
Nombres                      : ROSA ELVIRA
Fecha de Nacimiento          : 09/08/1959
Documento de Identidad       : (DNI o L.E.) 20680255
Establecimiento              : CEM. "SANTA ROSA" - HUACHAC
Fecha de Registro            : Ingr.:01/01/1990 Termino:31/12/2999
Cta. TeleAhorro o Nro. Cheque: CTA- 4381506865
Leyenda Permanente           : .
Demandado                    : CANAHUALPA FABIAN CARMELO
Cargo                        : PROF. POR HORA
Tipo de Servidor             : DOCENTE NOMBRADO
Niv.Mag./Grupo Ocup./Horas   : 2/00- /24
Tiempo de Servicio (AA-MM-DD): 15-00-00
Reg.Pensionario : AFP Horizont/524761CCFAI0 CFija      :      0.00
                  FAfiliacion  : 23/08/1996 CVariable  :      0.00
                  FDevengue    : 23/08/1996 Seguro     :      0.00
========================================================================
+djudicia       60.00













========================================================================
T-REMUN         60.00 T-DSCTO          0.00  T-LIQUI        60.00
MImponible       0.00
Mensajes  :
Visite la pagina Web del Ministerio de Educación : www.minedu.gob.pe.




                                                                00000048
.

DRE JUNIN                                                       CL153740
*CL UGEL CHUPACA
RUC - 20188468706                                    1019901181-239002-2
ENERO - 2008  ACT/JUD                                         (1) Activo

Apellidos                    : ROJAS LAPA DE HUAMANI
Nombres                      : MARIA JESUS
Fecha de Nacimiento          : 19/07/1965
Documento de Identidad       : (DNI o L.E.) 19903253
Establecimiento              : CEM. "SANTA ROSA" - HUACHAC
Fecha de Registro            : Ingr.:01/01/1990 Termino:31/12/2999
Cta. TeleAhorro o Nro. Cheque: CTA- 4383017306
Leyenda Permanente           : .
Demandado                    : HUAMANI LAGOS MARIO FORTUNATO
Cargo                        : PROF. POR HORA
Tipo de Servidor             : DOCENTE NOMBRADO
Niv.Mag./Grupo Ocup./Horas   : 2/00- /24
Tiempo de Servicio (AA-MM-DD): 15-00-00
Reg.Pensionario : AFP Profutur/233061MHLMO4 CFija      :      0.00
                  FAfiliacion  : 06/09/1993 CVariable  :      0.00
                  FDevengue    : 11/09/1993 Seguro     :      0.00
========================================================================
+djudicia      135.00













========================================================================
T-REMUN        135.00 T-DSCTO          0.00  T-LIQUI       135.00
MImponible       0.00
Mensajes  :
Visite la pagina Web del Ministerio de Educación : www.minedu.gob.pe.




                                                                00000049
.

DRE JUNIN                                                       CL153745
*CL UGEL CHUPACA
RUC - 20188468706                                    1019902051-239002-1
ENERO - 2008  ACT/JUD                                         (1) Activo

Apellidos                    : ASTUHUAMAN CAÑARI
Nombres                      : CIRIA SARITA
Fecha de Nacimiento          : 31/01/1973
Documento de Identidad       : (DNI o L.E.) 21263292
Establecimiento              : CEM. "SIMON BOLIVAR" - GUINOLIA
Fecha de Registro            : Ingr.:12/07/2005 Termino:31/12/2999
Cta. TeleAhorro o Nro. Cheque: CTA- 4381188200
Leyenda Permanente           : OF.287/429-40%C.BEA
Demandado                    : BEJARANO CAMAYO CESAR
Cargo                        : PROF. POR HORA
Tipo de Servidor             : DOCENTE NOMBRADO
Niv.Mag./Grupo Ocup./Horas   : 2/00- /24
Tiempo de Servicio (AA-MM-DD): 15-00-00
Regimen Pensionario          : Ley 19990
Cta. TeleAhorro o Nro. Cheque: CTA- 4381188200

========================================================================
+djudicia      120.00













========================================================================
T-REMUN        120.00 T-DSCTO          0.00  T-LIQUI       120.00
MImponible       0.00
Mensajes  :
Visite la pagina Web del Ministerio de Educación : www.minedu.gob.pe.




                                                                00000050
.

DRE JUNIN                                                       CL157710
*CL UGEL CHUPACA
RUC - 20188468706                                    1020019736-239003-1
ENERO - 2008  ACT/JUD                                         (1) Activo

Apellidos                    : ACOSTA RAMOS
Nombres                      : FLOR CLELIA
Fecha de Nacimiento          : 29/01/1970
Documento de Identidad       : (DNI o L.E.) 20091425
Establecimiento              : CEA. "JORGE BASADRE" - LA LIBERTAD
Fecha de Registro            : Ingr.:15/09/2007 Termino:15/09/2007
Cta. TeleAhorro o Nro. Cheque: CTA- 4381221402
Leyenda Permanente           : .
Demandado                    : ORDOÑEZ CASTRO SERAPIO
Cargo                        : AUX. EDUCAC.
Tipo de Servidor             : AUXILIAR EDUCACION NOMBRADO
Niv.Mag./Grupo Ocup./Horas   : E/00- /30
Tiempo de Servicio (AA-MM-DD): 10-00-00
Reg.Pensionario : AFP Horizont/521111SOCOT6 CFija      :      0.00
                  FAfiliacion  : 15/09/2000 CVariable  :      0.00
                  FDevengue    : 15/09/2000 Seguro     :      0.00
========================================================================
+djudicia      135.00













========================================================================
T-REMUN        135.00 T-DSCTO          0.00  T-LIQUI       135.00
MImponible       0.00
Mensajes  :
Visite la pagina Web del Ministerio de Educación : www.minedu.gob.pe.




                                                                00000051
.
